2026-03-03 20:17:51,411 - tmp_aug_test_lr1p4e-05_lr0p00015_drop_path_rate0p2_weight_decay0p036_weight_decay0p05_seed91 - INFO - Copy the Config file from /irip/yanxu_2023/gumble-test/tmp_cfgs/tmp_aug_test_lr1p4e-05_lr0p00015_drop_path_rate0p2_weight_decay0p036_weight_decay0p05_seed91.yaml to /irip/yanxu_2023/gumble-test/experiments_modelnet/param_best_con_search/aug_test_lr1p4e-05_lr0p00015_drop_path_rate0p2_weight_decay0p036_weight_decay0p05_seed91/config.yaml
2026-03-03 20:17:51,411 - tmp_aug_test_lr1p4e-05_lr0p00015_drop_path_rate0p2_weight_decay0p036_weight_decay0p05_seed91 - INFO - args.config : /irip/yanxu_2023/gumble-test/tmp_cfgs/tmp_aug_test_lr1p4e-05_lr0p00015_drop_path_rate0p2_weight_decay0p036_weight_decay0p05_seed91.yaml
2026-03-03 20:17:51,411 - tmp_aug_test_lr1p4e-05_lr0p00015_drop_path_rate0p2_weight_decay0p036_weight_decay0p05_seed91 - INFO - args.launcher : none
2026-03-03 20:17:51,411 - tmp_aug_test_lr1p4e-05_lr0p00015_drop_path_rate0p2_weight_decay0p036_weight_decay0p05_seed91 - INFO - args.local_rank : 0
2026-03-03 20:17:51,411 - tmp_aug_test_lr1p4e-05_lr0p00015_drop_path_rate0p2_weight_decay0p036_weight_decay0p05_seed91 - INFO - args.num_workers : 8
2026-03-03 20:17:51,411 - tmp_aug_test_lr1p4e-05_lr0p00015_drop_path_rate0p2_weight_decay0p036_weight_decay0p05_seed91 - INFO - args.rate : 1.0
2026-03-03 20:17:51,411 - tmp_aug_test_lr1p4e-05_lr0p00015_drop_path_rate0p2_weight_decay0p036_weight_decay0p05_seed91 - INFO - args.seed : 0
2026-03-03 20:17:51,411 - tmp_aug_test_lr1p4e-05_lr0p00015_drop_path_rate0p2_weight_decay0p036_weight_decay0p05_seed91 - INFO - args.deterministic : False
2026-03-03 20:17:51,411 - tmp_aug_test_lr1p4e-05_lr0p00015_drop_path_rate0p2_weight_decay0p036_weight_decay0p05_seed91 - INFO - args.sync_bn : False
2026-03-03 20:17:51,412 - tmp_aug_test_lr1p4e-05_lr0p00015_drop_path_rate0p2_weight_decay0p036_weight_decay0p05_seed91 - INFO - args.exp_name : /irip/yanxu_2023/gumble-test/experiments_modelnet/param_best_con_search/aug_test_lr1p4e-05_lr0p00015_drop_path_rate0p2_weight_decay0p036_weight_decay0p05_seed91
2026-03-03 20:17:51,412 - tmp_aug_test_lr1p4e-05_lr0p00015_drop_path_rate0p2_weight_decay0p036_weight_decay0p05_seed91 - INFO - args.loss : cd1
2026-03-03 20:17:51,412 - tmp_aug_test_lr1p4e-05_lr0p00015_drop_path_rate0p2_weight_decay0p036_weight_decay0p05_seed91 - INFO - args.start_ckpts : None
2026-03-03 20:17:51,412 - tmp_aug_test_lr1p4e-05_lr0p00015_drop_path_rate0p2_weight_decay0p036_weight_decay0p05_seed91 - INFO - args.ckpts : /irip/yanxu_2023/gumble-test/ckpt-epoch-300.pth
2026-03-03 20:17:51,412 - tmp_aug_test_lr1p4e-05_lr0p00015_drop_path_rate0p2_weight_decay0p036_weight_decay0p05_seed91 - INFO - args.val_freq : 1
2026-03-03 20:17:51,412 - tmp_aug_test_lr1p4e-05_lr0p00015_drop_path_rate0p2_weight_decay0p036_weight_decay0p05_seed91 - INFO - args.vote : False
2026-03-03 20:17:51,412 - tmp_aug_test_lr1p4e-05_lr0p00015_drop_path_rate0p2_weight_decay0p036_weight_decay0p05_seed91 - INFO - args.resume : False
2026-03-03 20:17:51,412 - tmp_aug_test_lr1p4e-05_lr0p00015_drop_path_rate0p2_weight_decay0p036_weight_decay0p05_seed91 - INFO - args.test : False
2026-03-03 20:17:51,412 - tmp_aug_test_lr1p4e-05_lr0p00015_drop_path_rate0p2_weight_decay0p036_weight_decay0p05_seed91 - INFO - args.finetune_model : True
2026-03-03 20:17:51,412 - tmp_aug_test_lr1p4e-05_lr0p00015_drop_path_rate0p2_weight_decay0p036_weight_decay0p05_seed91 - INFO - args.scratch_model : False
2026-03-03 20:17:51,412 - tmp_aug_test_lr1p4e-05_lr0p00015_drop_path_rate0p2_weight_decay0p036_weight_decay0p05_seed91 - INFO - args.mode : None
2026-03-03 20:17:51,412 - tmp_aug_test_lr1p4e-05_lr0p00015_drop_path_rate0p2_weight_decay0p036_weight_decay0p05_seed91 - INFO - args.way : -1
2026-03-03 20:17:51,412 - tmp_aug_test_lr1p4e-05_lr0p00015_drop_path_rate0p2_weight_decay0p036_weight_decay0p05_seed91 - INFO - args.shot : -1
2026-03-03 20:17:51,412 - tmp_aug_test_lr1p4e-05_lr0p00015_drop_path_rate0p2_weight_decay0p036_weight_decay0p05_seed91 - INFO - args.fold : -1
2026-03-03 20:17:51,412 - tmp_aug_test_lr1p4e-05_lr0p00015_drop_path_rate0p2_weight_decay0p036_weight_decay0p05_seed91 - INFO - args.experiment_path : /irip/yanxu_2023/gumble-test/experiments_modelnet/param_best_con_search/aug_test_lr1p4e-05_lr0p00015_drop_path_rate0p2_weight_decay0p036_weight_decay0p05_seed91
2026-03-03 20:17:51,412 - tmp_aug_test_lr1p4e-05_lr0p00015_drop_path_rate0p2_weight_decay0p036_weight_decay0p05_seed91 - INFO - args.tfboard_path : /irip/yanxu_2023/gumble-test/experiments_modelnet/param_best_con_search/aug_test_lr1p4e-05_lr0p00015_drop_path_rate0p2_weight_decay0p036_weight_decay0p05_seed91
2026-03-03 20:17:51,412 - tmp_aug_test_lr1p4e-05_lr0p00015_drop_path_rate0p2_weight_decay0p036_weight_decay0p05_seed91 - INFO - args.log_name : tmp_aug_test_lr1p4e-05_lr0p00015_drop_path_rate0p2_weight_decay0p036_weight_decay0p05_seed91
2026-03-03 20:17:51,412 - tmp_aug_test_lr1p4e-05_lr0p00015_drop_path_rate0p2_weight_decay0p036_weight_decay0p05_seed91 - INFO - args.use_gpu : True
2026-03-03 20:17:51,412 - tmp_aug_test_lr1p4e-05_lr0p00015_drop_path_rate0p2_weight_decay0p036_weight_decay0p05_seed91 - INFO - args.distributed : False
2026-03-03 20:17:51,412 - tmp_aug_test_lr1p4e-05_lr0p00015_drop_path_rate0p2_weight_decay0p036_weight_decay0p05_seed91 - INFO - config.dataset = edict()
2026-03-03 20:17:51,412 - tmp_aug_test_lr1p4e-05_lr0p00015_drop_path_rate0p2_weight_decay0p036_weight_decay0p05_seed91 - INFO - config.dataset.test = edict()
2026-03-03 20:17:51,412 - tmp_aug_test_lr1p4e-05_lr0p00015_drop_path_rate0p2_weight_decay0p036_weight_decay0p05_seed91 - INFO - config.dataset.test._base_ = edict()
2026-03-03 20:17:51,413 - tmp_aug_test_lr1p4e-05_lr0p00015_drop_path_rate0p2_weight_decay0p036_weight_decay0p05_seed91 - INFO - config.dataset.test._base_.NAME : ModelNet
2026-03-03 20:17:51,413 - tmp_aug_test_lr1p4e-05_lr0p00015_drop_path_rate0p2_weight_decay0p036_weight_decay0p05_seed91 - INFO - config.dataset.test._base_.DATA_PATH : ./data/ModelNet/modelnet40_normal_resampled
2026-03-03 20:17:51,413 - tmp_aug_test_lr1p4e-05_lr0p00015_drop_path_rate0p2_weight_decay0p036_weight_decay0p05_seed91 - INFO - config.dataset.test._base_.N_POINTS : 8192
2026-03-03 20:17:51,413 - tmp_aug_test_lr1p4e-05_lr0p00015_drop_path_rate0p2_weight_decay0p036_weight_decay0p05_seed91 - INFO - config.dataset.test._base_.NUM_CATEGORY : 40
2026-03-03 20:17:51,413 - tmp_aug_test_lr1p4e-05_lr0p00015_drop_path_rate0p2_weight_decay0p036_weight_decay0p05_seed91 - INFO - config.dataset.test._base_.USE_NORMALS : False
2026-03-03 20:17:51,413 - tmp_aug_test_lr1p4e-05_lr0p00015_drop_path_rate0p2_weight_decay0p036_weight_decay0p05_seed91 - INFO - config.dataset.test.others = edict()
2026-03-03 20:17:51,413 - tmp_aug_test_lr1p4e-05_lr0p00015_drop_path_rate0p2_weight_decay0p036_weight_decay0p05_seed91 - INFO - config.dataset.test.others.subset : test
2026-03-03 20:17:51,413 - tmp_aug_test_lr1p4e-05_lr0p00015_drop_path_rate0p2_weight_decay0p036_weight_decay0p05_seed91 - INFO - config.dataset.test.others.bs : 32
2026-03-03 20:17:51,413 - tmp_aug_test_lr1p4e-05_lr0p00015_drop_path_rate0p2_weight_decay0p036_weight_decay0p05_seed91 - INFO - config.dataset.train = edict()
2026-03-03 20:17:51,413 - tmp_aug_test_lr1p4e-05_lr0p00015_drop_path_rate0p2_weight_decay0p036_weight_decay0p05_seed91 - INFO - config.dataset.train._base_ = edict()
2026-03-03 20:17:51,413 - tmp_aug_test_lr1p4e-05_lr0p00015_drop_path_rate0p2_weight_decay0p036_weight_decay0p05_seed91 - INFO - config.dataset.train._base_.NAME : ModelNet
2026-03-03 20:17:51,413 - tmp_aug_test_lr1p4e-05_lr0p00015_drop_path_rate0p2_weight_decay0p036_weight_decay0p05_seed91 - INFO - config.dataset.train._base_.DATA_PATH : ./data/ModelNet/modelnet40_normal_resampled
2026-03-03 20:17:51,413 - tmp_aug_test_lr1p4e-05_lr0p00015_drop_path_rate0p2_weight_decay0p036_weight_decay0p05_seed91 - INFO - config.dataset.train._base_.N_POINTS : 8192
2026-03-03 20:17:51,413 - tmp_aug_test_lr1p4e-05_lr0p00015_drop_path_rate0p2_weight_decay0p036_weight_decay0p05_seed91 - INFO - config.dataset.train._base_.NUM_CATEGORY : 40
2026-03-03 20:17:51,413 - tmp_aug_test_lr1p4e-05_lr0p00015_drop_path_rate0p2_weight_decay0p036_weight_decay0p05_seed91 - INFO - config.dataset.train._base_.USE_NORMALS : False
2026-03-03 20:17:51,413 - tmp_aug_test_lr1p4e-05_lr0p00015_drop_path_rate0p2_weight_decay0p036_weight_decay0p05_seed91 - INFO - config.dataset.train.others = edict()
2026-03-03 20:17:51,413 - tmp_aug_test_lr1p4e-05_lr0p00015_drop_path_rate0p2_weight_decay0p036_weight_decay0p05_seed91 - INFO - config.dataset.train.others.subset : train
2026-03-03 20:17:51,413 - tmp_aug_test_lr1p4e-05_lr0p00015_drop_path_rate0p2_weight_decay0p036_weight_decay0p05_seed91 - INFO - config.dataset.train.others.bs : 32
2026-03-03 20:17:51,413 - tmp_aug_test_lr1p4e-05_lr0p00015_drop_path_rate0p2_weight_decay0p036_weight_decay0p05_seed91 - INFO - config.dataset.val = edict()
2026-03-03 20:17:51,414 - tmp_aug_test_lr1p4e-05_lr0p00015_drop_path_rate0p2_weight_decay0p036_weight_decay0p05_seed91 - INFO - config.dataset.val._base_ = edict()
2026-03-03 20:17:51,414 - tmp_aug_test_lr1p4e-05_lr0p00015_drop_path_rate0p2_weight_decay0p036_weight_decay0p05_seed91 - INFO - config.dataset.val._base_.NAME : ModelNet
2026-03-03 20:17:51,414 - tmp_aug_test_lr1p4e-05_lr0p00015_drop_path_rate0p2_weight_decay0p036_weight_decay0p05_seed91 - INFO - config.dataset.val._base_.DATA_PATH : ./data/ModelNet/modelnet40_normal_resampled
2026-03-03 20:17:51,414 - tmp_aug_test_lr1p4e-05_lr0p00015_drop_path_rate0p2_weight_decay0p036_weight_decay0p05_seed91 - INFO - config.dataset.val._base_.N_POINTS : 8192
2026-03-03 20:17:51,414 - tmp_aug_test_lr1p4e-05_lr0p00015_drop_path_rate0p2_weight_decay0p036_weight_decay0p05_seed91 - INFO - config.dataset.val._base_.NUM_CATEGORY : 40
2026-03-03 20:17:51,414 - tmp_aug_test_lr1p4e-05_lr0p00015_drop_path_rate0p2_weight_decay0p036_weight_decay0p05_seed91 - INFO - config.dataset.val._base_.USE_NORMALS : False
2026-03-03 20:17:51,414 - tmp_aug_test_lr1p4e-05_lr0p00015_drop_path_rate0p2_weight_decay0p036_weight_decay0p05_seed91 - INFO - config.dataset.val.others = edict()
2026-03-03 20:17:51,414 - tmp_aug_test_lr1p4e-05_lr0p00015_drop_path_rate0p2_weight_decay0p036_weight_decay0p05_seed91 - INFO - config.dataset.val.others.subset : test
2026-03-03 20:17:51,414 - tmp_aug_test_lr1p4e-05_lr0p00015_drop_path_rate0p2_weight_decay0p036_weight_decay0p05_seed91 - INFO - config.dataset.val.others.bs : 64
2026-03-03 20:17:51,414 - tmp_aug_test_lr1p4e-05_lr0p00015_drop_path_rate0p2_weight_decay0p036_weight_decay0p05_seed91 - INFO - config.grad_norm_clip : 10
2026-03-03 20:17:51,414 - tmp_aug_test_lr1p4e-05_lr0p00015_drop_path_rate0p2_weight_decay0p036_weight_decay0p05_seed91 - INFO - config.max_epoch : 200
2026-03-03 20:17:51,414 - tmp_aug_test_lr1p4e-05_lr0p00015_drop_path_rate0p2_weight_decay0p036_weight_decay0p05_seed91 - INFO - config.model = edict()
2026-03-03 20:17:51,414 - tmp_aug_test_lr1p4e-05_lr0p00015_drop_path_rate0p2_weight_decay0p036_weight_decay0p05_seed91 - INFO - config.model.NAME : PointTransformer
2026-03-03 20:17:51,414 - tmp_aug_test_lr1p4e-05_lr0p00015_drop_path_rate0p2_weight_decay0p036_weight_decay0p05_seed91 - INFO - config.model.cls_dim : 40
2026-03-03 20:17:51,414 - tmp_aug_test_lr1p4e-05_lr0p00015_drop_path_rate0p2_weight_decay0p036_weight_decay0p05_seed91 - INFO - config.model.depth : 12
2026-03-03 20:17:51,414 - tmp_aug_test_lr1p4e-05_lr0p00015_drop_path_rate0p2_weight_decay0p036_weight_decay0p05_seed91 - INFO - config.model.drop_path_rate : 0.2
2026-03-03 20:17:51,414 - tmp_aug_test_lr1p4e-05_lr0p00015_drop_path_rate0p2_weight_decay0p036_weight_decay0p05_seed91 - INFO - config.model.encoder_dims : 384
2026-03-03 20:17:51,414 - tmp_aug_test_lr1p4e-05_lr0p00015_drop_path_rate0p2_weight_decay0p036_weight_decay0p05_seed91 - INFO - config.model.feat_agg : mean_max
2026-03-03 20:17:51,415 - tmp_aug_test_lr1p4e-05_lr0p00015_drop_path_rate0p2_weight_decay0p036_weight_decay0p05_seed91 - INFO - config.model.group_size : 32
2026-03-03 20:17:51,415 - tmp_aug_test_lr1p4e-05_lr0p00015_drop_path_rate0p2_weight_decay0p036_weight_decay0p05_seed91 - INFO - config.model.head_dp : 0.5
2026-03-03 20:17:51,415 - tmp_aug_test_lr1p4e-05_lr0p00015_drop_path_rate0p2_weight_decay0p036_weight_decay0p05_seed91 - INFO - config.model.num_group : 64
2026-03-03 20:17:51,415 - tmp_aug_test_lr1p4e-05_lr0p00015_drop_path_rate0p2_weight_decay0p036_weight_decay0p05_seed91 - INFO - config.model.num_heads : 6
2026-03-03 20:17:51,415 - tmp_aug_test_lr1p4e-05_lr0p00015_drop_path_rate0p2_weight_decay0p036_weight_decay0p05_seed91 - INFO - config.model.smoothing : 0.0
2026-03-03 20:17:51,415 - tmp_aug_test_lr1p4e-05_lr0p00015_drop_path_rate0p2_weight_decay0p036_weight_decay0p05_seed91 - INFO - config.model.trans_dim : 384
2026-03-03 20:17:51,415 - tmp_aug_test_lr1p4e-05_lr0p00015_drop_path_rate0p2_weight_decay0p036_weight_decay0p05_seed91 - INFO - config.model.type : full
2026-03-03 20:17:51,415 - tmp_aug_test_lr1p4e-05_lr0p00015_drop_path_rate0p2_weight_decay0p036_weight_decay0p05_seed91 - INFO - config.npoints : 1024
2026-03-03 20:17:51,415 - tmp_aug_test_lr1p4e-05_lr0p00015_drop_path_rate0p2_weight_decay0p036_weight_decay0p05_seed91 - INFO - config.optimizer = edict()
2026-03-03 20:17:51,415 - tmp_aug_test_lr1p4e-05_lr0p00015_drop_path_rate0p2_weight_decay0p036_weight_decay0p05_seed91 - INFO - config.optimizer.head = edict()
2026-03-03 20:17:51,415 - tmp_aug_test_lr1p4e-05_lr0p00015_drop_path_rate0p2_weight_decay0p036_weight_decay0p05_seed91 - INFO - config.optimizer.head.lr : 0.00015
2026-03-03 20:17:51,415 - tmp_aug_test_lr1p4e-05_lr0p00015_drop_path_rate0p2_weight_decay0p036_weight_decay0p05_seed91 - INFO - config.optimizer.head.weight_decay : 0.05
2026-03-03 20:17:51,415 - tmp_aug_test_lr1p4e-05_lr0p00015_drop_path_rate0p2_weight_decay0p036_weight_decay0p05_seed91 - INFO - config.optimizer.kwargs = edict()
2026-03-03 20:17:51,415 - tmp_aug_test_lr1p4e-05_lr0p00015_drop_path_rate0p2_weight_decay0p036_weight_decay0p05_seed91 - INFO - config.optimizer.kwargs.lr : 1.4e-05
2026-03-03 20:17:51,415 - tmp_aug_test_lr1p4e-05_lr0p00015_drop_path_rate0p2_weight_decay0p036_weight_decay0p05_seed91 - INFO - config.optimizer.kwargs.weight_decay : 0.036
2026-03-03 20:17:51,415 - tmp_aug_test_lr1p4e-05_lr0p00015_drop_path_rate0p2_weight_decay0p036_weight_decay0p05_seed91 - INFO - config.optimizer.type : AdamW
2026-03-03 20:17:51,415 - tmp_aug_test_lr1p4e-05_lr0p00015_drop_path_rate0p2_weight_decay0p036_weight_decay0p05_seed91 - INFO - config.scheduler = edict()
2026-03-03 20:17:51,415 - tmp_aug_test_lr1p4e-05_lr0p00015_drop_path_rate0p2_weight_decay0p036_weight_decay0p05_seed91 - INFO - config.scheduler.kwargs = edict()
2026-03-03 20:17:51,415 - tmp_aug_test_lr1p4e-05_lr0p00015_drop_path_rate0p2_weight_decay0p036_weight_decay0p05_seed91 - INFO - config.scheduler.kwargs.epochs : 200
2026-03-03 20:17:51,416 - tmp_aug_test_lr1p4e-05_lr0p00015_drop_path_rate0p2_weight_decay0p036_weight_decay0p05_seed91 - INFO - config.scheduler.kwargs.initial_epochs : 10
2026-03-03 20:17:51,416 - tmp_aug_test_lr1p4e-05_lr0p00015_drop_path_rate0p2_weight_decay0p036_weight_decay0p05_seed91 - INFO - config.scheduler.type : CosLR
2026-03-03 20:17:51,416 - tmp_aug_test_lr1p4e-05_lr0p00015_drop_path_rate0p2_weight_decay0p036_weight_decay0p05_seed91 - INFO - config.seed : 91
2026-03-03 20:17:51,416 - tmp_aug_test_lr1p4e-05_lr0p00015_drop_path_rate0p2_weight_decay0p036_weight_decay0p05_seed91 - INFO - config.step_per_update : 1
2026-03-03 20:17:51,416 - tmp_aug_test_lr1p4e-05_lr0p00015_drop_path_rate0p2_weight_decay0p036_weight_decay0p05_seed91 - INFO - config.total_bs : 32
2026-03-03 20:17:51,416 - tmp_aug_test_lr1p4e-05_lr0p00015_drop_path_rate0p2_weight_decay0p036_weight_decay0p05_seed91 - INFO - Distributed training: False
2026-03-03 20:17:51,416 - tmp_aug_test_lr1p4e-05_lr0p00015_drop_path_rate0p2_weight_decay0p036_weight_decay0p05_seed91 - INFO - Set random seed to 91, deterministic: False
2026-03-03 20:17:59,967 - tmp_aug_test_lr1p4e-05_lr0p00015_drop_path_rate0p2_weight_decay0p036_weight_decay0p05_seed91 - INFO - Using Data parallel ...
2026-03-03 20:18:30,613 - tmp_aug_test_lr1p4e-05_lr0p00015_drop_path_rate0p2_weight_decay0p036_weight_decay0p05_seed91 - INFO - [Training] EPOCH: 0 EpochTime = 30.637 (s) Losses = ['3.7690', '2.8909'] lr = 0.000001
2026-03-03 20:18:59,657 - tmp_aug_test_lr1p4e-05_lr0p00015_drop_path_rate0p2_weight_decay0p036_weight_decay0p05_seed91 - INFO - [Training] EPOCH: 1 EpochTime = 29.042 (s) Losses = ['3.7004', '4.3465'] lr = 0.000016
2026-03-03 20:19:03,112 - tmp_aug_test_lr1p4e-05_lr0p00015_drop_path_rate0p2_weight_decay0p036_weight_decay0p05_seed91 - INFO - [Validation] EPOCH: 1  acc = 10.9806, best_acc = 10.9806
2026-03-03 20:19:31,803 - tmp_aug_test_lr1p4e-05_lr0p00015_drop_path_rate0p2_weight_decay0p036_weight_decay0p05_seed91 - INFO - [Training] EPOCH: 2 EpochTime = 28.678 (s) Losses = ['3.4027', '15.4520'] lr = 0.000031
2026-03-03 20:19:34,774 - tmp_aug_test_lr1p4e-05_lr0p00015_drop_path_rate0p2_weight_decay0p036_weight_decay0p05_seed91 - INFO - [Validation] EPOCH: 2  acc = 39.7083, best_acc = 39.7083
2026-03-03 20:20:03,803 - tmp_aug_test_lr1p4e-05_lr0p00015_drop_path_rate0p2_weight_decay0p036_weight_decay0p05_seed91 - INFO - [Training] EPOCH: 3 EpochTime = 29.023 (s) Losses = ['2.7921', '37.7138'] lr = 0.000046
2026-03-03 20:20:06,710 - tmp_aug_test_lr1p4e-05_lr0p00015_drop_path_rate0p2_weight_decay0p036_weight_decay0p05_seed91 - INFO - [Validation] EPOCH: 3  acc = 47.2447, best_acc = 47.2447
2026-03-03 20:20:36,779 - tmp_aug_test_lr1p4e-05_lr0p00015_drop_path_rate0p2_weight_decay0p036_weight_decay0p05_seed91 - INFO - [Training] EPOCH: 4 EpochTime = 30.064 (s) Losses = ['2.2931', '48.3713'] lr = 0.000061
2026-03-03 20:20:39,673 - tmp_aug_test_lr1p4e-05_lr0p00015_drop_path_rate0p2_weight_decay0p036_weight_decay0p05_seed91 - INFO - [Validation] EPOCH: 4  acc = 55.9562, best_acc = 55.9562
2026-03-03 20:21:09,186 - tmp_aug_test_lr1p4e-05_lr0p00015_drop_path_rate0p2_weight_decay0p036_weight_decay0p05_seed91 - INFO - [Training] EPOCH: 5 EpochTime = 29.476 (s) Losses = ['1.9189', '57.1865'] lr = 0.000075
2026-03-03 20:21:12,077 - tmp_aug_test_lr1p4e-05_lr0p00015_drop_path_rate0p2_weight_decay0p036_weight_decay0p05_seed91 - INFO - [Validation] EPOCH: 5  acc = 64.3031, best_acc = 64.3031
2026-03-03 20:21:41,371 - tmp_aug_test_lr1p4e-05_lr0p00015_drop_path_rate0p2_weight_decay0p036_weight_decay0p05_seed91 - INFO - [Training] EPOCH: 6 EpochTime = 29.289 (s) Losses = ['1.5974', '64.8412'] lr = 0.000090
2026-03-03 20:21:44,262 - tmp_aug_test_lr1p4e-05_lr0p00015_drop_path_rate0p2_weight_decay0p036_weight_decay0p05_seed91 - INFO - [Validation] EPOCH: 6  acc = 72.8525, best_acc = 72.8525
2026-03-03 20:22:14,019 - tmp_aug_test_lr1p4e-05_lr0p00015_drop_path_rate0p2_weight_decay0p036_weight_decay0p05_seed91 - INFO - [Training] EPOCH: 7 EpochTime = 29.753 (s) Losses = ['1.3094', '70.2056'] lr = 0.000105
2026-03-03 20:22:16,895 - tmp_aug_test_lr1p4e-05_lr0p00015_drop_path_rate0p2_weight_decay0p036_weight_decay0p05_seed91 - INFO - [Validation] EPOCH: 7  acc = 78.8898, best_acc = 78.8898
2026-03-03 20:22:46,653 - tmp_aug_test_lr1p4e-05_lr0p00015_drop_path_rate0p2_weight_decay0p036_weight_decay0p05_seed91 - INFO - [Training] EPOCH: 8 EpochTime = 29.750 (s) Losses = ['1.0762', '75.6311'] lr = 0.000120
2026-03-03 20:22:49,511 - tmp_aug_test_lr1p4e-05_lr0p00015_drop_path_rate0p2_weight_decay0p036_weight_decay0p05_seed91 - INFO - [Validation] EPOCH: 8  acc = 83.8736, best_acc = 83.8736
2026-03-03 20:23:19,499 - tmp_aug_test_lr1p4e-05_lr0p00015_drop_path_rate0p2_weight_decay0p036_weight_decay0p05_seed91 - INFO - [Training] EPOCH: 9 EpochTime = 29.981 (s) Losses = ['0.8704', '79.9165'] lr = 0.000135
2026-03-03 20:23:22,424 - tmp_aug_test_lr1p4e-05_lr0p00015_drop_path_rate0p2_weight_decay0p036_weight_decay0p05_seed91 - INFO - [Validation] EPOCH: 9  acc = 86.8314, best_acc = 86.8314
2026-03-03 20:23:52,603 - tmp_aug_test_lr1p4e-05_lr0p00015_drop_path_rate0p2_weight_decay0p036_weight_decay0p05_seed91 - INFO - [Training] EPOCH: 10 EpochTime = 30.173 (s) Losses = ['0.7199', '82.8888'] lr = 0.000149
2026-03-03 20:23:55,535 - tmp_aug_test_lr1p4e-05_lr0p00015_drop_path_rate0p2_weight_decay0p036_weight_decay0p05_seed91 - INFO - [Validation] EPOCH: 10  acc = 87.9254, best_acc = 87.9254
2026-03-03 20:24:25,489 - tmp_aug_test_lr1p4e-05_lr0p00015_drop_path_rate0p2_weight_decay0p036_weight_decay0p05_seed91 - INFO - [Training] EPOCH: 11 EpochTime = 29.948 (s) Losses = ['0.6222', '84.6498'] lr = 0.000149
2026-03-03 20:24:28,307 - tmp_aug_test_lr1p4e-05_lr0p00015_drop_path_rate0p2_weight_decay0p036_weight_decay0p05_seed91 - INFO - [Validation] EPOCH: 11  acc = 89.7083, best_acc = 89.7083
2026-03-03 20:24:58,800 - tmp_aug_test_lr1p4e-05_lr0p00015_drop_path_rate0p2_weight_decay0p036_weight_decay0p05_seed91 - INFO - [Training] EPOCH: 12 EpochTime = 30.488 (s) Losses = ['0.5246', '86.4821'] lr = 0.000149
2026-03-03 20:25:01,665 - tmp_aug_test_lr1p4e-05_lr0p00015_drop_path_rate0p2_weight_decay0p036_weight_decay0p05_seed91 - INFO - [Validation] EPOCH: 12  acc = 91.1264, best_acc = 91.1264
2026-03-03 20:25:31,416 - tmp_aug_test_lr1p4e-05_lr0p00015_drop_path_rate0p2_weight_decay0p036_weight_decay0p05_seed91 - INFO - [Training] EPOCH: 13 EpochTime = 29.747 (s) Losses = ['0.4652', '87.7647'] lr = 0.000148
2026-03-03 20:25:34,362 - tmp_aug_test_lr1p4e-05_lr0p00015_drop_path_rate0p2_weight_decay0p036_weight_decay0p05_seed91 - INFO - [Validation] EPOCH: 13  acc = 91.4911, best_acc = 91.4911
2026-03-03 20:26:04,796 - tmp_aug_test_lr1p4e-05_lr0p00015_drop_path_rate0p2_weight_decay0p036_weight_decay0p05_seed91 - INFO - [Training] EPOCH: 14 EpochTime = 30.430 (s) Losses = ['0.4202', '88.5179'] lr = 0.000148
2026-03-03 20:26:07,829 - tmp_aug_test_lr1p4e-05_lr0p00015_drop_path_rate0p2_weight_decay0p036_weight_decay0p05_seed91 - INFO - [Validation] EPOCH: 14  acc = 91.8558, best_acc = 91.8558
2026-03-03 20:26:37,567 - tmp_aug_test_lr1p4e-05_lr0p00015_drop_path_rate0p2_weight_decay0p036_weight_decay0p05_seed91 - INFO - [Training] EPOCH: 15 EpochTime = 29.732 (s) Losses = ['0.3839', '89.5155'] lr = 0.000148
2026-03-03 20:26:40,583 - tmp_aug_test_lr1p4e-05_lr0p00015_drop_path_rate0p2_weight_decay0p036_weight_decay0p05_seed91 - INFO - [Validation] EPOCH: 15  acc = 91.4100, best_acc = 91.8558
2026-03-03 20:27:10,144 - tmp_aug_test_lr1p4e-05_lr0p00015_drop_path_rate0p2_weight_decay0p036_weight_decay0p05_seed91 - INFO - [Training] EPOCH: 16 EpochTime = 29.556 (s) Losses = ['0.3595', '89.8616'] lr = 0.000148
2026-03-03 20:27:13,385 - tmp_aug_test_lr1p4e-05_lr0p00015_drop_path_rate0p2_weight_decay0p036_weight_decay0p05_seed91 - INFO - [Validation] EPOCH: 16  acc = 91.8963, best_acc = 91.8963
2026-03-03 20:27:42,705 - tmp_aug_test_lr1p4e-05_lr0p00015_drop_path_rate0p2_weight_decay0p036_weight_decay0p05_seed91 - INFO - [Training] EPOCH: 17 EpochTime = 29.312 (s) Losses = ['0.3353', '90.4418'] lr = 0.000147
2026-03-03 20:27:45,929 - tmp_aug_test_lr1p4e-05_lr0p00015_drop_path_rate0p2_weight_decay0p036_weight_decay0p05_seed91 - INFO - [Validation] EPOCH: 17  acc = 91.8558, best_acc = 91.8963
2026-03-03 20:28:15,155 - tmp_aug_test_lr1p4e-05_lr0p00015_drop_path_rate0p2_weight_decay0p036_weight_decay0p05_seed91 - INFO - [Training] EPOCH: 18 EpochTime = 29.224 (s) Losses = ['0.3123', '91.0729'] lr = 0.000147
2026-03-03 20:28:18,551 - tmp_aug_test_lr1p4e-05_lr0p00015_drop_path_rate0p2_weight_decay0p036_weight_decay0p05_seed91 - INFO - [Validation] EPOCH: 18  acc = 91.6937, best_acc = 91.8963
2026-03-03 20:28:47,771 - tmp_aug_test_lr1p4e-05_lr0p00015_drop_path_rate0p2_weight_decay0p036_weight_decay0p05_seed91 - INFO - [Training] EPOCH: 19 EpochTime = 29.216 (s) Losses = ['0.3026', '91.2765'] lr = 0.000147
2026-03-03 20:28:50,790 - tmp_aug_test_lr1p4e-05_lr0p00015_drop_path_rate0p2_weight_decay0p036_weight_decay0p05_seed91 - INFO - [Validation] EPOCH: 19  acc = 92.4635, best_acc = 92.4635
2026-03-03 20:28:53,759 - tmp_aug_test_lr1p4e-05_lr0p00015_drop_path_rate0p2_weight_decay0p036_weight_decay0p05_seed91 - INFO - Save checkpoint at /irip/yanxu_2023/gumble-test/experiments_modelnet/param_best_con_search/aug_test_lr1p4e-05_lr0p00015_drop_path_rate0p2_weight_decay0p036_weight_decay0p05_seed91/ckpt-best.pth
2026-03-03 20:28:53,760 - tmp_aug_test_lr1p4e-05_lr0p00015_drop_path_rate0p2_weight_decay0p036_weight_decay0p05_seed91 - INFO - base--------------------------------------------------------------------------------------------
2026-03-03 20:29:22,988 - tmp_aug_test_lr1p4e-05_lr0p00015_drop_path_rate0p2_weight_decay0p036_weight_decay0p05_seed91 - INFO - [Training] EPOCH: 20 EpochTime = 29.227 (s) Losses = ['0.2778', '91.7651'] lr = 0.000146
2026-03-03 20:29:25,858 - tmp_aug_test_lr1p4e-05_lr0p00015_drop_path_rate0p2_weight_decay0p036_weight_decay0p05_seed91 - INFO - [Validation] EPOCH: 20  acc = 92.5041, best_acc = 92.5041
2026-03-03 20:29:29,298 - tmp_aug_test_lr1p4e-05_lr0p00015_drop_path_rate0p2_weight_decay0p036_weight_decay0p05_seed91 - INFO - Save checkpoint at /irip/yanxu_2023/gumble-test/experiments_modelnet/param_best_con_search/aug_test_lr1p4e-05_lr0p00015_drop_path_rate0p2_weight_decay0p036_weight_decay0p05_seed91/ckpt-best.pth
2026-03-03 20:29:29,298 - tmp_aug_test_lr1p4e-05_lr0p00015_drop_path_rate0p2_weight_decay0p036_weight_decay0p05_seed91 - INFO - base--------------------------------------------------------------------------------------------
2026-03-03 20:29:59,022 - tmp_aug_test_lr1p4e-05_lr0p00015_drop_path_rate0p2_weight_decay0p036_weight_decay0p05_seed91 - INFO - [Training] EPOCH: 21 EpochTime = 29.722 (s) Losses = ['0.2682', '92.1213'] lr = 0.000146
2026-03-03 20:30:02,805 - tmp_aug_test_lr1p4e-05_lr0p00015_drop_path_rate0p2_weight_decay0p036_weight_decay0p05_seed91 - INFO - [Validation] EPOCH: 21  acc = 92.0583, best_acc = 92.5041
2026-03-03 20:30:32,182 - tmp_aug_test_lr1p4e-05_lr0p00015_drop_path_rate0p2_weight_decay0p036_weight_decay0p05_seed91 - INFO - [Training] EPOCH: 22 EpochTime = 29.374 (s) Losses = ['0.2504', '92.5285'] lr = 0.000146
2026-03-03 20:30:36,437 - tmp_aug_test_lr1p4e-05_lr0p00015_drop_path_rate0p2_weight_decay0p036_weight_decay0p05_seed91 - INFO - [Validation] EPOCH: 22  acc = 92.6256, best_acc = 92.6256
2026-03-03 20:30:39,133 - tmp_aug_test_lr1p4e-05_lr0p00015_drop_path_rate0p2_weight_decay0p036_weight_decay0p05_seed91 - INFO - Save checkpoint at /irip/yanxu_2023/gumble-test/experiments_modelnet/param_best_con_search/aug_test_lr1p4e-05_lr0p00015_drop_path_rate0p2_weight_decay0p036_weight_decay0p05_seed91/ckpt-best.pth
2026-03-03 20:30:39,133 - tmp_aug_test_lr1p4e-05_lr0p00015_drop_path_rate0p2_weight_decay0p036_weight_decay0p05_seed91 - INFO - base--------------------------------------------------------------------------------------------
2026-03-03 20:31:08,366 - tmp_aug_test_lr1p4e-05_lr0p00015_drop_path_rate0p2_weight_decay0p036_weight_decay0p05_seed91 - INFO - [Training] EPOCH: 23 EpochTime = 29.231 (s) Losses = ['0.2457', '92.7626'] lr = 0.000145
2026-03-03 20:31:11,923 - tmp_aug_test_lr1p4e-05_lr0p00015_drop_path_rate0p2_weight_decay0p036_weight_decay0p05_seed91 - INFO - [Validation] EPOCH: 23  acc = 92.3825, best_acc = 92.6256
2026-03-03 20:31:41,023 - tmp_aug_test_lr1p4e-05_lr0p00015_drop_path_rate0p2_weight_decay0p036_weight_decay0p05_seed91 - INFO - [Training] EPOCH: 24 EpochTime = 29.097 (s) Losses = ['0.2268', '93.2105'] lr = 0.000145
2026-03-03 20:31:45,588 - tmp_aug_test_lr1p4e-05_lr0p00015_drop_path_rate0p2_weight_decay0p036_weight_decay0p05_seed91 - INFO - [Validation] EPOCH: 24  acc = 92.8282, best_acc = 92.8282
2026-03-03 20:31:48,427 - tmp_aug_test_lr1p4e-05_lr0p00015_drop_path_rate0p2_weight_decay0p036_weight_decay0p05_seed91 - INFO - Save checkpoint at /irip/yanxu_2023/gumble-test/experiments_modelnet/param_best_con_search/aug_test_lr1p4e-05_lr0p00015_drop_path_rate0p2_weight_decay0p036_weight_decay0p05_seed91/ckpt-best.pth
2026-03-03 20:31:48,427 - tmp_aug_test_lr1p4e-05_lr0p00015_drop_path_rate0p2_weight_decay0p036_weight_decay0p05_seed91 - INFO - base--------------------------------------------------------------------------------------------
2026-03-03 20:32:18,324 - tmp_aug_test_lr1p4e-05_lr0p00015_drop_path_rate0p2_weight_decay0p036_weight_decay0p05_seed91 - INFO - [Training] EPOCH: 25 EpochTime = 29.895 (s) Losses = ['0.2270', '92.8950'] lr = 0.000144
2026-03-03 20:32:21,712 - tmp_aug_test_lr1p4e-05_lr0p00015_drop_path_rate0p2_weight_decay0p036_weight_decay0p05_seed91 - INFO - [Validation] EPOCH: 25  acc = 92.5041, best_acc = 92.8282
2026-03-03 20:32:50,708 - tmp_aug_test_lr1p4e-05_lr0p00015_drop_path_rate0p2_weight_decay0p036_weight_decay0p05_seed91 - INFO - [Training] EPOCH: 26 EpochTime = 28.992 (s) Losses = ['0.2130', '93.4039'] lr = 0.000144
2026-03-03 20:32:54,811 - tmp_aug_test_lr1p4e-05_lr0p00015_drop_path_rate0p2_weight_decay0p036_weight_decay0p05_seed91 - INFO - [Validation] EPOCH: 26  acc = 92.1799, best_acc = 92.8282
2026-03-03 20:33:23,725 - tmp_aug_test_lr1p4e-05_lr0p00015_drop_path_rate0p2_weight_decay0p036_weight_decay0p05_seed91 - INFO - [Training] EPOCH: 27 EpochTime = 28.911 (s) Losses = ['0.2051', '93.7704'] lr = 0.000143
2026-03-03 20:33:26,710 - tmp_aug_test_lr1p4e-05_lr0p00015_drop_path_rate0p2_weight_decay0p036_weight_decay0p05_seed91 - INFO - [Validation] EPOCH: 27  acc = 92.5851, best_acc = 92.8282
2026-03-03 20:33:56,165 - tmp_aug_test_lr1p4e-05_lr0p00015_drop_path_rate0p2_weight_decay0p036_weight_decay0p05_seed91 - INFO - [Training] EPOCH: 28 EpochTime = 29.450 (s) Losses = ['0.1975', '93.5973'] lr = 0.000143
2026-03-03 20:33:59,682 - tmp_aug_test_lr1p4e-05_lr0p00015_drop_path_rate0p2_weight_decay0p036_weight_decay0p05_seed91 - INFO - [Validation] EPOCH: 28  acc = 92.1799, best_acc = 92.8282
2026-03-03 20:34:29,134 - tmp_aug_test_lr1p4e-05_lr0p00015_drop_path_rate0p2_weight_decay0p036_weight_decay0p05_seed91 - INFO - [Training] EPOCH: 29 EpochTime = 29.449 (s) Losses = ['0.1914', '94.0147'] lr = 0.000142
2026-03-03 20:34:33,579 - tmp_aug_test_lr1p4e-05_lr0p00015_drop_path_rate0p2_weight_decay0p036_weight_decay0p05_seed91 - INFO - [Validation] EPOCH: 29  acc = 92.8687, best_acc = 92.8687
2026-03-03 20:34:36,724 - tmp_aug_test_lr1p4e-05_lr0p00015_drop_path_rate0p2_weight_decay0p036_weight_decay0p05_seed91 - INFO - Save checkpoint at /irip/yanxu_2023/gumble-test/experiments_modelnet/param_best_con_search/aug_test_lr1p4e-05_lr0p00015_drop_path_rate0p2_weight_decay0p036_weight_decay0p05_seed91/ckpt-best.pth
2026-03-03 20:34:36,725 - tmp_aug_test_lr1p4e-05_lr0p00015_drop_path_rate0p2_weight_decay0p036_weight_decay0p05_seed91 - INFO - base--------------------------------------------------------------------------------------------
2026-03-03 20:35:06,194 - tmp_aug_test_lr1p4e-05_lr0p00015_drop_path_rate0p2_weight_decay0p036_weight_decay0p05_seed91 - INFO - [Training] EPOCH: 30 EpochTime = 29.467 (s) Losses = ['0.1859', '94.4116'] lr = 0.000142
2026-03-03 20:35:09,342 - tmp_aug_test_lr1p4e-05_lr0p00015_drop_path_rate0p2_weight_decay0p036_weight_decay0p05_seed91 - INFO - [Validation] EPOCH: 30  acc = 92.5041, best_acc = 92.8687
2026-03-03 20:35:38,190 - tmp_aug_test_lr1p4e-05_lr0p00015_drop_path_rate0p2_weight_decay0p036_weight_decay0p05_seed91 - INFO - [Training] EPOCH: 31 EpochTime = 28.844 (s) Losses = ['0.1793', '94.5745'] lr = 0.000141
2026-03-03 20:35:41,404 - tmp_aug_test_lr1p4e-05_lr0p00015_drop_path_rate0p2_weight_decay0p036_weight_decay0p05_seed91 - INFO - [Validation] EPOCH: 31  acc = 92.7877, best_acc = 92.8687
2026-03-03 20:36:10,681 - tmp_aug_test_lr1p4e-05_lr0p00015_drop_path_rate0p2_weight_decay0p036_weight_decay0p05_seed91 - INFO - [Training] EPOCH: 32 EpochTime = 29.273 (s) Losses = ['0.1741', '94.6865'] lr = 0.000141
2026-03-03 20:36:14,054 - tmp_aug_test_lr1p4e-05_lr0p00015_drop_path_rate0p2_weight_decay0p036_weight_decay0p05_seed91 - INFO - [Validation] EPOCH: 32  acc = 93.1929, best_acc = 93.1929
2026-03-03 20:36:15,604 - tmp_aug_test_lr1p4e-05_lr0p00015_drop_path_rate0p2_weight_decay0p036_weight_decay0p05_seed91 - INFO - Save checkpoint at /irip/yanxu_2023/gumble-test/experiments_modelnet/param_best_con_search/aug_test_lr1p4e-05_lr0p00015_drop_path_rate0p2_weight_decay0p036_weight_decay0p05_seed91/ckpt-best.pth
2026-03-03 20:36:15,604 - tmp_aug_test_lr1p4e-05_lr0p00015_drop_path_rate0p2_weight_decay0p036_weight_decay0p05_seed91 - INFO - base--------------------------------------------------------------------------------------------
2026-03-03 20:36:45,215 - tmp_aug_test_lr1p4e-05_lr0p00015_drop_path_rate0p2_weight_decay0p036_weight_decay0p05_seed91 - INFO - [Training] EPOCH: 33 EpochTime = 29.609 (s) Losses = ['0.1778', '94.6559'] lr = 0.000140
2026-03-03 20:36:48,235 - tmp_aug_test_lr1p4e-05_lr0p00015_drop_path_rate0p2_weight_decay0p036_weight_decay0p05_seed91 - INFO - [Validation] EPOCH: 33  acc = 92.7877, best_acc = 93.1929
2026-03-03 20:37:17,207 - tmp_aug_test_lr1p4e-05_lr0p00015_drop_path_rate0p2_weight_decay0p036_weight_decay0p05_seed91 - INFO - [Training] EPOCH: 34 EpochTime = 28.969 (s) Losses = ['0.1680', '94.7476'] lr = 0.000140
2026-03-03 20:37:20,269 - tmp_aug_test_lr1p4e-05_lr0p00015_drop_path_rate0p2_weight_decay0p036_weight_decay0p05_seed91 - INFO - [Validation] EPOCH: 34  acc = 92.9903, best_acc = 93.1929
2026-03-03 20:37:49,489 - tmp_aug_test_lr1p4e-05_lr0p00015_drop_path_rate0p2_weight_decay0p036_weight_decay0p05_seed91 - INFO - [Training] EPOCH: 35 EpochTime = 29.217 (s) Losses = ['0.1579', '95.0122'] lr = 0.000139
2026-03-03 20:37:52,761 - tmp_aug_test_lr1p4e-05_lr0p00015_drop_path_rate0p2_weight_decay0p036_weight_decay0p05_seed91 - INFO - [Validation] EPOCH: 35  acc = 92.6661, best_acc = 93.1929
2026-03-03 20:38:22,269 - tmp_aug_test_lr1p4e-05_lr0p00015_drop_path_rate0p2_weight_decay0p036_weight_decay0p05_seed91 - INFO - [Training] EPOCH: 36 EpochTime = 29.506 (s) Losses = ['0.1597', '95.0326'] lr = 0.000138
2026-03-03 20:38:25,788 - tmp_aug_test_lr1p4e-05_lr0p00015_drop_path_rate0p2_weight_decay0p036_weight_decay0p05_seed91 - INFO - [Validation] EPOCH: 36  acc = 92.6661, best_acc = 93.1929
2026-03-03 20:38:54,866 - tmp_aug_test_lr1p4e-05_lr0p00015_drop_path_rate0p2_weight_decay0p036_weight_decay0p05_seed91 - INFO - [Training] EPOCH: 37 EpochTime = 29.074 (s) Losses = ['0.1510', '95.4092'] lr = 0.000138
2026-03-03 20:38:58,251 - tmp_aug_test_lr1p4e-05_lr0p00015_drop_path_rate0p2_weight_decay0p036_weight_decay0p05_seed91 - INFO - [Validation] EPOCH: 37  acc = 93.1524, best_acc = 93.1929
2026-03-03 20:39:27,399 - tmp_aug_test_lr1p4e-05_lr0p00015_drop_path_rate0p2_weight_decay0p036_weight_decay0p05_seed91 - INFO - [Training] EPOCH: 38 EpochTime = 29.145 (s) Losses = ['0.1435', '95.5008'] lr = 0.000137
2026-03-03 20:39:31,119 - tmp_aug_test_lr1p4e-05_lr0p00015_drop_path_rate0p2_weight_decay0p036_weight_decay0p05_seed91 - INFO - [Validation] EPOCH: 38  acc = 92.5851, best_acc = 93.1929
2026-03-03 20:40:00,046 - tmp_aug_test_lr1p4e-05_lr0p00015_drop_path_rate0p2_weight_decay0p036_weight_decay0p05_seed91 - INFO - [Training] EPOCH: 39 EpochTime = 28.924 (s) Losses = ['0.1374', '95.3379'] lr = 0.000136
2026-03-03 20:40:03,531 - tmp_aug_test_lr1p4e-05_lr0p00015_drop_path_rate0p2_weight_decay0p036_weight_decay0p05_seed91 - INFO - [Validation] EPOCH: 39  acc = 92.7472, best_acc = 93.1929
2026-03-03 20:40:32,682 - tmp_aug_test_lr1p4e-05_lr0p00015_drop_path_rate0p2_weight_decay0p036_weight_decay0p05_seed91 - INFO - [Training] EPOCH: 40 EpochTime = 29.147 (s) Losses = ['0.1418', '95.6128'] lr = 0.000136
2026-03-03 20:40:36,040 - tmp_aug_test_lr1p4e-05_lr0p00015_drop_path_rate0p2_weight_decay0p036_weight_decay0p05_seed91 - INFO - [Validation] EPOCH: 40  acc = 92.7066, best_acc = 93.1929
2026-03-03 20:41:05,249 - tmp_aug_test_lr1p4e-05_lr0p00015_drop_path_rate0p2_weight_decay0p036_weight_decay0p05_seed91 - INFO - [Training] EPOCH: 41 EpochTime = 29.206 (s) Losses = ['0.1419', '95.5619'] lr = 0.000135
2026-03-03 20:41:08,544 - tmp_aug_test_lr1p4e-05_lr0p00015_drop_path_rate0p2_weight_decay0p036_weight_decay0p05_seed91 - INFO - [Validation] EPOCH: 41  acc = 92.7066, best_acc = 93.1929
2026-03-03 20:41:37,457 - tmp_aug_test_lr1p4e-05_lr0p00015_drop_path_rate0p2_weight_decay0p036_weight_decay0p05_seed91 - INFO - [Training] EPOCH: 42 EpochTime = 28.909 (s) Losses = ['0.1286', '95.8469'] lr = 0.000134
2026-03-03 20:41:40,691 - tmp_aug_test_lr1p4e-05_lr0p00015_drop_path_rate0p2_weight_decay0p036_weight_decay0p05_seed91 - INFO - [Validation] EPOCH: 42  acc = 92.8687, best_acc = 93.1929
2026-03-03 20:42:09,139 - tmp_aug_test_lr1p4e-05_lr0p00015_drop_path_rate0p2_weight_decay0p036_weight_decay0p05_seed91 - INFO - [Training] EPOCH: 43 EpochTime = 28.444 (s) Losses = ['0.1299', '96.0301'] lr = 0.000134
2026-03-03 20:42:12,574 - tmp_aug_test_lr1p4e-05_lr0p00015_drop_path_rate0p2_weight_decay0p036_weight_decay0p05_seed91 - INFO - [Validation] EPOCH: 43  acc = 92.6661, best_acc = 93.1929
2026-03-03 20:42:42,067 - tmp_aug_test_lr1p4e-05_lr0p00015_drop_path_rate0p2_weight_decay0p036_weight_decay0p05_seed91 - INFO - [Training] EPOCH: 44 EpochTime = 29.490 (s) Losses = ['0.1246', '96.0505'] lr = 0.000133
2026-03-03 20:42:45,027 - tmp_aug_test_lr1p4e-05_lr0p00015_drop_path_rate0p2_weight_decay0p036_weight_decay0p05_seed91 - INFO - [Validation] EPOCH: 44  acc = 92.7472, best_acc = 93.1929
2026-03-03 20:43:13,861 - tmp_aug_test_lr1p4e-05_lr0p00015_drop_path_rate0p2_weight_decay0p036_weight_decay0p05_seed91 - INFO - [Training] EPOCH: 45 EpochTime = 28.831 (s) Losses = ['0.1211', '96.0505'] lr = 0.000132
2026-03-03 20:43:17,209 - tmp_aug_test_lr1p4e-05_lr0p00015_drop_path_rate0p2_weight_decay0p036_weight_decay0p05_seed91 - INFO - [Validation] EPOCH: 45  acc = 92.3015, best_acc = 93.1929
2026-03-03 20:43:45,828 - tmp_aug_test_lr1p4e-05_lr0p00015_drop_path_rate0p2_weight_decay0p036_weight_decay0p05_seed91 - INFO - [Training] EPOCH: 46 EpochTime = 28.615 (s) Losses = ['0.1250', '96.2439'] lr = 0.000131
2026-03-03 20:43:49,062 - tmp_aug_test_lr1p4e-05_lr0p00015_drop_path_rate0p2_weight_decay0p036_weight_decay0p05_seed91 - INFO - [Validation] EPOCH: 46  acc = 93.7601, best_acc = 93.7601
2026-03-03 20:43:53,894 - tmp_aug_test_lr1p4e-05_lr0p00015_drop_path_rate0p2_weight_decay0p036_weight_decay0p05_seed91 - INFO - Save checkpoint at /irip/yanxu_2023/gumble-test/experiments_modelnet/param_best_con_search/aug_test_lr1p4e-05_lr0p00015_drop_path_rate0p2_weight_decay0p036_weight_decay0p05_seed91/ckpt-best.pth
2026-03-03 20:43:53,894 - tmp_aug_test_lr1p4e-05_lr0p00015_drop_path_rate0p2_weight_decay0p036_weight_decay0p05_seed91 - INFO - base--------------------------------------------------------------------------------------------
2026-03-03 20:44:23,838 - tmp_aug_test_lr1p4e-05_lr0p00015_drop_path_rate0p2_weight_decay0p036_weight_decay0p05_seed91 - INFO - [Training] EPOCH: 47 EpochTime = 29.943 (s) Losses = ['0.1231', '95.9283'] lr = 0.000131
2026-03-03 20:44:26,858 - tmp_aug_test_lr1p4e-05_lr0p00015_drop_path_rate0p2_weight_decay0p036_weight_decay0p05_seed91 - INFO - [Validation] EPOCH: 47  acc = 92.7472, best_acc = 93.7601
2026-03-03 20:44:55,813 - tmp_aug_test_lr1p4e-05_lr0p00015_drop_path_rate0p2_weight_decay0p036_weight_decay0p05_seed91 - INFO - [Training] EPOCH: 48 EpochTime = 28.952 (s) Losses = ['0.1162', '96.2235'] lr = 0.000130
2026-03-03 20:44:58,866 - tmp_aug_test_lr1p4e-05_lr0p00015_drop_path_rate0p2_weight_decay0p036_weight_decay0p05_seed91 - INFO - [Validation] EPOCH: 48  acc = 93.1524, best_acc = 93.7601
2026-03-03 20:45:27,981 - tmp_aug_test_lr1p4e-05_lr0p00015_drop_path_rate0p2_weight_decay0p036_weight_decay0p05_seed91 - INFO - [Training] EPOCH: 49 EpochTime = 29.111 (s) Losses = ['0.1144', '96.2337'] lr = 0.000129
2026-03-03 20:45:30,996 - tmp_aug_test_lr1p4e-05_lr0p00015_drop_path_rate0p2_weight_decay0p036_weight_decay0p05_seed91 - INFO - [Validation] EPOCH: 49  acc = 93.3144, best_acc = 93.7601
2026-03-03 20:46:00,103 - tmp_aug_test_lr1p4e-05_lr0p00015_drop_path_rate0p2_weight_decay0p036_weight_decay0p05_seed91 - INFO - [Training] EPOCH: 50 EpochTime = 29.103 (s) Losses = ['0.1128', '96.3660'] lr = 0.000128
2026-03-03 20:46:03,123 - tmp_aug_test_lr1p4e-05_lr0p00015_drop_path_rate0p2_weight_decay0p036_weight_decay0p05_seed91 - INFO - [Validation] EPOCH: 50  acc = 92.7877, best_acc = 93.7601
2026-03-03 20:46:32,295 - tmp_aug_test_lr1p4e-05_lr0p00015_drop_path_rate0p2_weight_decay0p036_weight_decay0p05_seed91 - INFO - [Training] EPOCH: 51 EpochTime = 29.168 (s) Losses = ['0.1136', '96.4373'] lr = 0.000127
2026-03-03 20:46:37,055 - tmp_aug_test_lr1p4e-05_lr0p00015_drop_path_rate0p2_weight_decay0p036_weight_decay0p05_seed91 - INFO - [Validation] EPOCH: 51  acc = 92.9498, best_acc = 93.7601
2026-03-03 20:47:06,325 - tmp_aug_test_lr1p4e-05_lr0p00015_drop_path_rate0p2_weight_decay0p036_weight_decay0p05_seed91 - INFO - [Training] EPOCH: 52 EpochTime = 29.267 (s) Losses = ['0.1102', '96.3864'] lr = 0.000126
2026-03-03 20:47:09,398 - tmp_aug_test_lr1p4e-05_lr0p00015_drop_path_rate0p2_weight_decay0p036_weight_decay0p05_seed91 - INFO - [Validation] EPOCH: 52  acc = 93.0713, best_acc = 93.7601
2026-03-03 20:47:38,523 - tmp_aug_test_lr1p4e-05_lr0p00015_drop_path_rate0p2_weight_decay0p036_weight_decay0p05_seed91 - INFO - [Training] EPOCH: 53 EpochTime = 29.121 (s) Losses = ['0.1036', '96.6918'] lr = 0.000126
2026-03-03 20:47:41,503 - tmp_aug_test_lr1p4e-05_lr0p00015_drop_path_rate0p2_weight_decay0p036_weight_decay0p05_seed91 - INFO - [Validation] EPOCH: 53  acc = 93.8817, best_acc = 93.8817
2026-03-03 20:47:45,859 - tmp_aug_test_lr1p4e-05_lr0p00015_drop_path_rate0p2_weight_decay0p036_weight_decay0p05_seed91 - INFO - Save checkpoint at /irip/yanxu_2023/gumble-test/experiments_modelnet/param_best_con_search/aug_test_lr1p4e-05_lr0p00015_drop_path_rate0p2_weight_decay0p036_weight_decay0p05_seed91/ckpt-best.pth
2026-03-03 20:47:45,860 - tmp_aug_test_lr1p4e-05_lr0p00015_drop_path_rate0p2_weight_decay0p036_weight_decay0p05_seed91 - INFO - base--------------------------------------------------------------------------------------------
2026-03-03 20:48:14,990 - tmp_aug_test_lr1p4e-05_lr0p00015_drop_path_rate0p2_weight_decay0p036_weight_decay0p05_seed91 - INFO - [Training] EPOCH: 54 EpochTime = 29.129 (s) Losses = ['0.1014', '96.7732'] lr = 0.000125
2026-03-03 20:48:18,368 - tmp_aug_test_lr1p4e-05_lr0p00015_drop_path_rate0p2_weight_decay0p036_weight_decay0p05_seed91 - INFO - [Validation] EPOCH: 54  acc = 93.3955, best_acc = 93.8817
2026-03-03 20:48:47,106 - tmp_aug_test_lr1p4e-05_lr0p00015_drop_path_rate0p2_weight_decay0p036_weight_decay0p05_seed91 - INFO - [Training] EPOCH: 55 EpochTime = 28.735 (s) Losses = ['0.1018', '96.6511'] lr = 0.000124
2026-03-03 20:48:50,674 - tmp_aug_test_lr1p4e-05_lr0p00015_drop_path_rate0p2_weight_decay0p036_weight_decay0p05_seed91 - INFO - [Validation] EPOCH: 55  acc = 92.8687, best_acc = 93.8817
2026-03-03 20:49:20,620 - tmp_aug_test_lr1p4e-05_lr0p00015_drop_path_rate0p2_weight_decay0p036_weight_decay0p05_seed91 - INFO - [Training] EPOCH: 56 EpochTime = 29.942 (s) Losses = ['0.0953', '97.0379'] lr = 0.000123
2026-03-03 20:49:23,943 - tmp_aug_test_lr1p4e-05_lr0p00015_drop_path_rate0p2_weight_decay0p036_weight_decay0p05_seed91 - INFO - [Validation] EPOCH: 56  acc = 92.7877, best_acc = 93.8817
2026-03-03 20:49:52,918 - tmp_aug_test_lr1p4e-05_lr0p00015_drop_path_rate0p2_weight_decay0p036_weight_decay0p05_seed91 - INFO - [Training] EPOCH: 57 EpochTime = 28.972 (s) Losses = ['0.1036', '96.5900'] lr = 0.000122
2026-03-03 20:49:56,190 - tmp_aug_test_lr1p4e-05_lr0p00015_drop_path_rate0p2_weight_decay0p036_weight_decay0p05_seed91 - INFO - [Validation] EPOCH: 57  acc = 93.4765, best_acc = 93.8817
2026-03-03 20:50:25,459 - tmp_aug_test_lr1p4e-05_lr0p00015_drop_path_rate0p2_weight_decay0p036_weight_decay0p05_seed91 - INFO - [Training] EPOCH: 58 EpochTime = 29.265 (s) Losses = ['0.0983', '97.0480'] lr = 0.000121
2026-03-03 20:50:28,737 - tmp_aug_test_lr1p4e-05_lr0p00015_drop_path_rate0p2_weight_decay0p036_weight_decay0p05_seed91 - INFO - [Validation] EPOCH: 58  acc = 94.0843, best_acc = 94.0843
2026-03-03 20:50:29,787 - tmp_aug_test_lr1p4e-05_lr0p00015_drop_path_rate0p2_weight_decay0p036_weight_decay0p05_seed91 - INFO - Save checkpoint at /irip/yanxu_2023/gumble-test/experiments_modelnet/param_best_con_search/aug_test_lr1p4e-05_lr0p00015_drop_path_rate0p2_weight_decay0p036_weight_decay0p05_seed91/ckpt-best.pth
2026-03-03 20:50:29,788 - tmp_aug_test_lr1p4e-05_lr0p00015_drop_path_rate0p2_weight_decay0p036_weight_decay0p05_seed91 - INFO - base--------------------------------------------------------------------------------------------
2026-03-03 20:50:58,770 - tmp_aug_test_lr1p4e-05_lr0p00015_drop_path_rate0p2_weight_decay0p036_weight_decay0p05_seed91 - INFO - [Training] EPOCH: 59 EpochTime = 28.981 (s) Losses = ['0.0975', '96.7630'] lr = 0.000120
2026-03-03 20:51:02,078 - tmp_aug_test_lr1p4e-05_lr0p00015_drop_path_rate0p2_weight_decay0p036_weight_decay0p05_seed91 - INFO - [Validation] EPOCH: 59  acc = 93.0308, best_acc = 94.0843
2026-03-03 20:51:31,039 - tmp_aug_test_lr1p4e-05_lr0p00015_drop_path_rate0p2_weight_decay0p036_weight_decay0p05_seed91 - INFO - [Training] EPOCH: 60 EpochTime = 28.959 (s) Losses = ['0.0957', '96.8648'] lr = 0.000119
2026-03-03 20:51:34,247 - tmp_aug_test_lr1p4e-05_lr0p00015_drop_path_rate0p2_weight_decay0p036_weight_decay0p05_seed91 - INFO - [Validation] EPOCH: 60  acc = 92.8282, best_acc = 94.0843
2026-03-03 20:52:03,094 - tmp_aug_test_lr1p4e-05_lr0p00015_drop_path_rate0p2_weight_decay0p036_weight_decay0p05_seed91 - INFO - [Training] EPOCH: 61 EpochTime = 28.843 (s) Losses = ['0.1002', '96.6918'] lr = 0.000118
2026-03-03 20:52:06,303 - tmp_aug_test_lr1p4e-05_lr0p00015_drop_path_rate0p2_weight_decay0p036_weight_decay0p05_seed91 - INFO - [Validation] EPOCH: 61  acc = 93.1118, best_acc = 94.0843
2026-03-03 20:52:35,627 - tmp_aug_test_lr1p4e-05_lr0p00015_drop_path_rate0p2_weight_decay0p036_weight_decay0p05_seed91 - INFO - [Training] EPOCH: 62 EpochTime = 29.320 (s) Losses = ['0.0926', '96.8954'] lr = 0.000117
2026-03-03 20:52:38,781 - tmp_aug_test_lr1p4e-05_lr0p00015_drop_path_rate0p2_weight_decay0p036_weight_decay0p05_seed91 - INFO - [Validation] EPOCH: 62  acc = 92.9903, best_acc = 94.0843
2026-03-03 20:53:07,918 - tmp_aug_test_lr1p4e-05_lr0p00015_drop_path_rate0p2_weight_decay0p036_weight_decay0p05_seed91 - INFO - [Training] EPOCH: 63 EpochTime = 29.134 (s) Losses = ['0.0950', '96.9361'] lr = 0.000116
2026-03-03 20:53:11,095 - tmp_aug_test_lr1p4e-05_lr0p00015_drop_path_rate0p2_weight_decay0p036_weight_decay0p05_seed91 - INFO - [Validation] EPOCH: 63  acc = 92.9498, best_acc = 94.0843
2026-03-03 20:53:40,663 - tmp_aug_test_lr1p4e-05_lr0p00015_drop_path_rate0p2_weight_decay0p036_weight_decay0p05_seed91 - INFO - [Training] EPOCH: 64 EpochTime = 29.565 (s) Losses = ['0.0887', '97.3331'] lr = 0.000115
2026-03-03 20:53:43,814 - tmp_aug_test_lr1p4e-05_lr0p00015_drop_path_rate0p2_weight_decay0p036_weight_decay0p05_seed91 - INFO - [Validation] EPOCH: 64  acc = 92.8687, best_acc = 94.0843
2026-03-03 20:54:12,782 - tmp_aug_test_lr1p4e-05_lr0p00015_drop_path_rate0p2_weight_decay0p036_weight_decay0p05_seed91 - INFO - [Training] EPOCH: 65 EpochTime = 28.964 (s) Losses = ['0.0824', '97.3534'] lr = 0.000114
2026-03-03 20:54:16,066 - tmp_aug_test_lr1p4e-05_lr0p00015_drop_path_rate0p2_weight_decay0p036_weight_decay0p05_seed91 - INFO - [Validation] EPOCH: 65  acc = 92.9092, best_acc = 94.0843
2026-03-03 20:54:45,188 - tmp_aug_test_lr1p4e-05_lr0p00015_drop_path_rate0p2_weight_decay0p036_weight_decay0p05_seed91 - INFO - [Training] EPOCH: 66 EpochTime = 29.119 (s) Losses = ['0.0863', '97.0582'] lr = 0.000113
2026-03-03 20:54:48,265 - tmp_aug_test_lr1p4e-05_lr0p00015_drop_path_rate0p2_weight_decay0p036_weight_decay0p05_seed91 - INFO - [Validation] EPOCH: 66  acc = 92.8687, best_acc = 94.0843
2026-03-03 20:55:17,233 - tmp_aug_test_lr1p4e-05_lr0p00015_drop_path_rate0p2_weight_decay0p036_weight_decay0p05_seed91 - INFO - [Training] EPOCH: 67 EpochTime = 28.962 (s) Losses = ['0.0889', '97.0582'] lr = 0.000112
2026-03-03 20:55:20,344 - tmp_aug_test_lr1p4e-05_lr0p00015_drop_path_rate0p2_weight_decay0p036_weight_decay0p05_seed91 - INFO - [Validation] EPOCH: 67  acc = 92.9903, best_acc = 94.0843
2026-03-03 20:55:49,667 - tmp_aug_test_lr1p4e-05_lr0p00015_drop_path_rate0p2_weight_decay0p036_weight_decay0p05_seed91 - INFO - [Training] EPOCH: 68 EpochTime = 29.320 (s) Losses = ['0.0820', '97.4756'] lr = 0.000111
2026-03-03 20:55:52,712 - tmp_aug_test_lr1p4e-05_lr0p00015_drop_path_rate0p2_weight_decay0p036_weight_decay0p05_seed91 - INFO - [Validation] EPOCH: 68  acc = 93.1118, best_acc = 94.0843
2026-03-03 20:56:21,794 - tmp_aug_test_lr1p4e-05_lr0p00015_drop_path_rate0p2_weight_decay0p036_weight_decay0p05_seed91 - INFO - [Training] EPOCH: 69 EpochTime = 29.079 (s) Losses = ['0.0774', '97.4552'] lr = 0.000110
2026-03-03 20:56:24,934 - tmp_aug_test_lr1p4e-05_lr0p00015_drop_path_rate0p2_weight_decay0p036_weight_decay0p05_seed91 - INFO - [Validation] EPOCH: 69  acc = 92.4230, best_acc = 94.0843
2026-03-03 20:56:54,200 - tmp_aug_test_lr1p4e-05_lr0p00015_drop_path_rate0p2_weight_decay0p036_weight_decay0p05_seed91 - INFO - [Training] EPOCH: 70 EpochTime = 29.263 (s) Losses = ['0.0812', '97.3738'] lr = 0.000109
2026-03-03 20:56:57,279 - tmp_aug_test_lr1p4e-05_lr0p00015_drop_path_rate0p2_weight_decay0p036_weight_decay0p05_seed91 - INFO - [Validation] EPOCH: 70  acc = 93.5981, best_acc = 94.0843
2026-03-03 20:57:26,366 - tmp_aug_test_lr1p4e-05_lr0p00015_drop_path_rate0p2_weight_decay0p036_weight_decay0p05_seed91 - INFO - [Training] EPOCH: 71 EpochTime = 29.083 (s) Losses = ['0.0766', '97.4043'] lr = 0.000108
2026-03-03 20:57:29,339 - tmp_aug_test_lr1p4e-05_lr0p00015_drop_path_rate0p2_weight_decay0p036_weight_decay0p05_seed91 - INFO - [Validation] EPOCH: 71  acc = 93.6791, best_acc = 94.0843
2026-03-03 20:57:58,722 - tmp_aug_test_lr1p4e-05_lr0p00015_drop_path_rate0p2_weight_decay0p036_weight_decay0p05_seed91 - INFO - [Training] EPOCH: 72 EpochTime = 29.379 (s) Losses = ['0.0773', '97.4145'] lr = 0.000107
2026-03-03 20:58:01,660 - tmp_aug_test_lr1p4e-05_lr0p00015_drop_path_rate0p2_weight_decay0p036_weight_decay0p05_seed91 - INFO - [Validation] EPOCH: 72  acc = 92.9498, best_acc = 94.0843
2026-03-03 20:58:31,127 - tmp_aug_test_lr1p4e-05_lr0p00015_drop_path_rate0p2_weight_decay0p036_weight_decay0p05_seed91 - INFO - [Training] EPOCH: 73 EpochTime = 29.464 (s) Losses = ['0.0811', '97.2211'] lr = 0.000106
2026-03-03 20:58:34,342 - tmp_aug_test_lr1p4e-05_lr0p00015_drop_path_rate0p2_weight_decay0p036_weight_decay0p05_seed91 - INFO - [Validation] EPOCH: 73  acc = 93.1929, best_acc = 94.0843
2026-03-03 20:59:03,287 - tmp_aug_test_lr1p4e-05_lr0p00015_drop_path_rate0p2_weight_decay0p036_weight_decay0p05_seed91 - INFO - [Training] EPOCH: 74 EpochTime = 28.941 (s) Losses = ['0.0708', '97.6792'] lr = 0.000105
2026-03-03 20:59:06,408 - tmp_aug_test_lr1p4e-05_lr0p00015_drop_path_rate0p2_weight_decay0p036_weight_decay0p05_seed91 - INFO - [Validation] EPOCH: 74  acc = 93.5981, best_acc = 94.0843
2026-03-03 20:59:35,304 - tmp_aug_test_lr1p4e-05_lr0p00015_drop_path_rate0p2_weight_decay0p036_weight_decay0p05_seed91 - INFO - [Training] EPOCH: 75 EpochTime = 28.893 (s) Losses = ['0.0746', '97.4756'] lr = 0.000104
2026-03-03 20:59:38,341 - tmp_aug_test_lr1p4e-05_lr0p00015_drop_path_rate0p2_weight_decay0p036_weight_decay0p05_seed91 - INFO - [Validation] EPOCH: 75  acc = 93.2739, best_acc = 94.0843
2026-03-03 21:00:07,658 - tmp_aug_test_lr1p4e-05_lr0p00015_drop_path_rate0p2_weight_decay0p036_weight_decay0p05_seed91 - INFO - [Training] EPOCH: 76 EpochTime = 29.313 (s) Losses = ['0.0765', '97.5977'] lr = 0.000103
2026-03-03 21:00:10,898 - tmp_aug_test_lr1p4e-05_lr0p00015_drop_path_rate0p2_weight_decay0p036_weight_decay0p05_seed91 - INFO - [Validation] EPOCH: 76  acc = 93.2739, best_acc = 94.0843
2026-03-03 21:00:41,069 - tmp_aug_test_lr1p4e-05_lr0p00015_drop_path_rate0p2_weight_decay0p036_weight_decay0p05_seed91 - INFO - [Training] EPOCH: 77 EpochTime = 30.170 (s) Losses = ['0.0683', '97.6792'] lr = 0.000102
2026-03-03 21:00:44,073 - tmp_aug_test_lr1p4e-05_lr0p00015_drop_path_rate0p2_weight_decay0p036_weight_decay0p05_seed91 - INFO - [Validation] EPOCH: 77  acc = 92.7472, best_acc = 94.0843
2026-03-03 21:01:13,679 - tmp_aug_test_lr1p4e-05_lr0p00015_drop_path_rate0p2_weight_decay0p036_weight_decay0p05_seed91 - INFO - [Training] EPOCH: 78 EpochTime = 29.601 (s) Losses = ['0.0771', '97.5977'] lr = 0.000101
2026-03-03 21:01:16,561 - tmp_aug_test_lr1p4e-05_lr0p00015_drop_path_rate0p2_weight_decay0p036_weight_decay0p05_seed91 - INFO - [Validation] EPOCH: 78  acc = 92.9498, best_acc = 94.0843
2026-03-03 21:01:46,618 - tmp_aug_test_lr1p4e-05_lr0p00015_drop_path_rate0p2_weight_decay0p036_weight_decay0p05_seed91 - INFO - [Training] EPOCH: 79 EpochTime = 30.055 (s) Losses = ['0.0748', '97.5061'] lr = 0.000100
2026-03-03 21:01:49,791 - tmp_aug_test_lr1p4e-05_lr0p00015_drop_path_rate0p2_weight_decay0p036_weight_decay0p05_seed91 - INFO - [Validation] EPOCH: 79  acc = 93.0308, best_acc = 94.0843
2026-03-03 21:02:19,932 - tmp_aug_test_lr1p4e-05_lr0p00015_drop_path_rate0p2_weight_decay0p036_weight_decay0p05_seed91 - INFO - [Training] EPOCH: 80 EpochTime = 30.137 (s) Losses = ['0.0721', '97.6079'] lr = 0.000099
2026-03-03 21:02:22,870 - tmp_aug_test_lr1p4e-05_lr0p00015_drop_path_rate0p2_weight_decay0p036_weight_decay0p05_seed91 - INFO - [Validation] EPOCH: 80  acc = 92.3015, best_acc = 94.0843
2026-03-03 21:02:53,381 - tmp_aug_test_lr1p4e-05_lr0p00015_drop_path_rate0p2_weight_decay0p036_weight_decay0p05_seed91 - INFO - [Training] EPOCH: 81 EpochTime = 30.507 (s) Losses = ['0.0685', '97.7504'] lr = 0.000097
2026-03-03 21:02:56,331 - tmp_aug_test_lr1p4e-05_lr0p00015_drop_path_rate0p2_weight_decay0p036_weight_decay0p05_seed91 - INFO - [Validation] EPOCH: 81  acc = 93.1524, best_acc = 94.0843
2026-03-03 21:03:25,115 - tmp_aug_test_lr1p4e-05_lr0p00015_drop_path_rate0p2_weight_decay0p036_weight_decay0p05_seed91 - INFO - [Training] EPOCH: 82 EpochTime = 28.780 (s) Losses = ['0.0645', '97.8726'] lr = 0.000096
2026-03-03 21:03:28,039 - tmp_aug_test_lr1p4e-05_lr0p00015_drop_path_rate0p2_weight_decay0p036_weight_decay0p05_seed91 - INFO - [Validation] EPOCH: 82  acc = 93.2334, best_acc = 94.0843
2026-03-03 21:03:58,005 - tmp_aug_test_lr1p4e-05_lr0p00015_drop_path_rate0p2_weight_decay0p036_weight_decay0p05_seed91 - INFO - [Training] EPOCH: 83 EpochTime = 29.962 (s) Losses = ['0.0689', '97.7708'] lr = 0.000095
2026-03-03 21:04:00,975 - tmp_aug_test_lr1p4e-05_lr0p00015_drop_path_rate0p2_weight_decay0p036_weight_decay0p05_seed91 - INFO - [Validation] EPOCH: 83  acc = 93.1118, best_acc = 94.0843
2026-03-03 21:04:30,085 - tmp_aug_test_lr1p4e-05_lr0p00015_drop_path_rate0p2_weight_decay0p036_weight_decay0p05_seed91 - INFO - [Training] EPOCH: 84 EpochTime = 29.105 (s) Losses = ['0.0633', '97.9540'] lr = 0.000094
2026-03-03 21:04:33,049 - tmp_aug_test_lr1p4e-05_lr0p00015_drop_path_rate0p2_weight_decay0p036_weight_decay0p05_seed91 - INFO - [Validation] EPOCH: 84  acc = 92.9498, best_acc = 94.0843
2026-03-03 21:05:02,284 - tmp_aug_test_lr1p4e-05_lr0p00015_drop_path_rate0p2_weight_decay0p036_weight_decay0p05_seed91 - INFO - [Training] EPOCH: 85 EpochTime = 29.232 (s) Losses = ['0.0683', '97.7504'] lr = 0.000093
2026-03-03 21:05:05,305 - tmp_aug_test_lr1p4e-05_lr0p00015_drop_path_rate0p2_weight_decay0p036_weight_decay0p05_seed91 - INFO - [Validation] EPOCH: 85  acc = 93.2334, best_acc = 94.0843
2026-03-03 21:05:34,575 - tmp_aug_test_lr1p4e-05_lr0p00015_drop_path_rate0p2_weight_decay0p036_weight_decay0p05_seed91 - INFO - [Training] EPOCH: 86 EpochTime = 29.266 (s) Losses = ['0.0655', '97.8115'] lr = 0.000092
2026-03-03 21:05:37,585 - tmp_aug_test_lr1p4e-05_lr0p00015_drop_path_rate0p2_weight_decay0p036_weight_decay0p05_seed91 - INFO - [Validation] EPOCH: 86  acc = 93.1118, best_acc = 94.0843
2026-03-03 21:06:06,974 - tmp_aug_test_lr1p4e-05_lr0p00015_drop_path_rate0p2_weight_decay0p036_weight_decay0p05_seed91 - INFO - [Training] EPOCH: 87 EpochTime = 29.386 (s) Losses = ['0.0677', '97.7809'] lr = 0.000091
2026-03-03 21:06:10,069 - tmp_aug_test_lr1p4e-05_lr0p00015_drop_path_rate0p2_weight_decay0p036_weight_decay0p05_seed91 - INFO - [Validation] EPOCH: 87  acc = 93.2334, best_acc = 94.0843
2026-03-03 21:06:39,416 - tmp_aug_test_lr1p4e-05_lr0p00015_drop_path_rate0p2_weight_decay0p036_weight_decay0p05_seed91 - INFO - [Training] EPOCH: 88 EpochTime = 29.343 (s) Losses = ['0.0662', '97.8929'] lr = 0.000089
2026-03-03 21:06:42,508 - tmp_aug_test_lr1p4e-05_lr0p00015_drop_path_rate0p2_weight_decay0p036_weight_decay0p05_seed91 - INFO - [Validation] EPOCH: 88  acc = 93.5170, best_acc = 94.0843
2026-03-03 21:07:12,102 - tmp_aug_test_lr1p4e-05_lr0p00015_drop_path_rate0p2_weight_decay0p036_weight_decay0p05_seed91 - INFO - [Training] EPOCH: 89 EpochTime = 29.590 (s) Losses = ['0.0599', '98.0151'] lr = 0.000088
2026-03-03 21:07:15,156 - tmp_aug_test_lr1p4e-05_lr0p00015_drop_path_rate0p2_weight_decay0p036_weight_decay0p05_seed91 - INFO - [Validation] EPOCH: 89  acc = 93.5170, best_acc = 94.0843
2026-03-03 21:07:44,425 - tmp_aug_test_lr1p4e-05_lr0p00015_drop_path_rate0p2_weight_decay0p036_weight_decay0p05_seed91 - INFO - [Training] EPOCH: 90 EpochTime = 29.262 (s) Losses = ['0.0580', '98.0863'] lr = 0.000087
2026-03-03 21:07:47,440 - tmp_aug_test_lr1p4e-05_lr0p00015_drop_path_rate0p2_weight_decay0p036_weight_decay0p05_seed91 - INFO - [Validation] EPOCH: 90  acc = 92.8282, best_acc = 94.0843
2026-03-03 21:08:16,893 - tmp_aug_test_lr1p4e-05_lr0p00015_drop_path_rate0p2_weight_decay0p036_weight_decay0p05_seed91 - INFO - [Training] EPOCH: 91 EpochTime = 29.450 (s) Losses = ['0.0642', '97.8217'] lr = 0.000086
2026-03-03 21:08:19,859 - tmp_aug_test_lr1p4e-05_lr0p00015_drop_path_rate0p2_weight_decay0p036_weight_decay0p05_seed91 - INFO - [Validation] EPOCH: 91  acc = 93.3955, best_acc = 94.0843
2026-03-03 21:08:49,185 - tmp_aug_test_lr1p4e-05_lr0p00015_drop_path_rate0p2_weight_decay0p036_weight_decay0p05_seed91 - INFO - [Training] EPOCH: 92 EpochTime = 29.322 (s) Losses = ['0.0588', '98.0456'] lr = 0.000085
2026-03-03 21:08:52,415 - tmp_aug_test_lr1p4e-05_lr0p00015_drop_path_rate0p2_weight_decay0p036_weight_decay0p05_seed91 - INFO - [Validation] EPOCH: 92  acc = 93.4360, best_acc = 94.0843
2026-03-03 21:09:21,853 - tmp_aug_test_lr1p4e-05_lr0p00015_drop_path_rate0p2_weight_decay0p036_weight_decay0p05_seed91 - INFO - [Training] EPOCH: 93 EpochTime = 29.434 (s) Losses = ['0.0592', '97.9540'] lr = 0.000084
2026-03-03 21:09:25,146 - tmp_aug_test_lr1p4e-05_lr0p00015_drop_path_rate0p2_weight_decay0p036_weight_decay0p05_seed91 - INFO - [Validation] EPOCH: 93  acc = 93.3955, best_acc = 94.0843
2026-03-03 21:09:54,344 - tmp_aug_test_lr1p4e-05_lr0p00015_drop_path_rate0p2_weight_decay0p036_weight_decay0p05_seed91 - INFO - [Training] EPOCH: 94 EpochTime = 29.193 (s) Losses = ['0.0604', '97.9743'] lr = 0.000083
2026-03-03 21:09:57,669 - tmp_aug_test_lr1p4e-05_lr0p00015_drop_path_rate0p2_weight_decay0p036_weight_decay0p05_seed91 - INFO - [Validation] EPOCH: 94  acc = 92.9903, best_acc = 94.0843
2026-03-03 21:10:27,177 - tmp_aug_test_lr1p4e-05_lr0p00015_drop_path_rate0p2_weight_decay0p036_weight_decay0p05_seed91 - INFO - [Training] EPOCH: 95 EpochTime = 29.504 (s) Losses = ['0.0561', '98.2695'] lr = 0.000081
2026-03-03 21:10:30,337 - tmp_aug_test_lr1p4e-05_lr0p00015_drop_path_rate0p2_weight_decay0p036_weight_decay0p05_seed91 - INFO - [Validation] EPOCH: 95  acc = 92.9498, best_acc = 94.0843
2026-03-03 21:11:00,373 - tmp_aug_test_lr1p4e-05_lr0p00015_drop_path_rate0p2_weight_decay0p036_weight_decay0p05_seed91 - INFO - [Training] EPOCH: 96 EpochTime = 30.033 (s) Losses = ['0.0589', '98.0151'] lr = 0.000080
2026-03-03 21:11:03,421 - tmp_aug_test_lr1p4e-05_lr0p00015_drop_path_rate0p2_weight_decay0p036_weight_decay0p05_seed91 - INFO - [Validation] EPOCH: 96  acc = 92.9092, best_acc = 94.0843
2026-03-03 21:11:32,724 - tmp_aug_test_lr1p4e-05_lr0p00015_drop_path_rate0p2_weight_decay0p036_weight_decay0p05_seed91 - INFO - [Training] EPOCH: 97 EpochTime = 29.300 (s) Losses = ['0.0575', '98.0354'] lr = 0.000079
2026-03-03 21:11:35,890 - tmp_aug_test_lr1p4e-05_lr0p00015_drop_path_rate0p2_weight_decay0p036_weight_decay0p05_seed91 - INFO - [Validation] EPOCH: 97  acc = 93.1118, best_acc = 94.0843
2026-03-03 21:12:05,303 - tmp_aug_test_lr1p4e-05_lr0p00015_drop_path_rate0p2_weight_decay0p036_weight_decay0p05_seed91 - INFO - [Training] EPOCH: 98 EpochTime = 29.409 (s) Losses = ['0.0584', '98.0456'] lr = 0.000078
2026-03-03 21:12:08,579 - tmp_aug_test_lr1p4e-05_lr0p00015_drop_path_rate0p2_weight_decay0p036_weight_decay0p05_seed91 - INFO - [Validation] EPOCH: 98  acc = 93.1524, best_acc = 94.0843
2026-03-03 21:12:38,258 - tmp_aug_test_lr1p4e-05_lr0p00015_drop_path_rate0p2_weight_decay0p036_weight_decay0p05_seed91 - INFO - [Training] EPOCH: 99 EpochTime = 29.676 (s) Losses = ['0.0524', '98.2899'] lr = 0.000077
2026-03-03 21:12:41,669 - tmp_aug_test_lr1p4e-05_lr0p00015_drop_path_rate0p2_weight_decay0p036_weight_decay0p05_seed91 - INFO - [Validation] EPOCH: 99  acc = 93.4360, best_acc = 94.0843
2026-03-03 21:13:10,490 - tmp_aug_test_lr1p4e-05_lr0p00015_drop_path_rate0p2_weight_decay0p036_weight_decay0p05_seed91 - INFO - [Training] EPOCH: 100 EpochTime = 28.818 (s) Losses = ['0.0500', '98.3815'] lr = 0.000075
2026-03-03 21:13:13,844 - tmp_aug_test_lr1p4e-05_lr0p00015_drop_path_rate0p2_weight_decay0p036_weight_decay0p05_seed91 - INFO - [Validation] EPOCH: 100  acc = 93.0713, best_acc = 94.0843
2026-03-03 21:13:43,136 - tmp_aug_test_lr1p4e-05_lr0p00015_drop_path_rate0p2_weight_decay0p036_weight_decay0p05_seed91 - INFO - [Training] EPOCH: 101 EpochTime = 29.288 (s) Losses = ['0.0517', '98.1881'] lr = 0.000074
2026-03-03 21:13:46,534 - tmp_aug_test_lr1p4e-05_lr0p00015_drop_path_rate0p2_weight_decay0p036_weight_decay0p05_seed91 - INFO - [Validation] EPOCH: 101  acc = 93.4360, best_acc = 94.0843
2026-03-03 21:14:15,332 - tmp_aug_test_lr1p4e-05_lr0p00015_drop_path_rate0p2_weight_decay0p036_weight_decay0p05_seed91 - INFO - [Training] EPOCH: 102 EpochTime = 28.794 (s) Losses = ['0.0516', '98.2797'] lr = 0.000073
2026-03-03 21:14:18,874 - tmp_aug_test_lr1p4e-05_lr0p00015_drop_path_rate0p2_weight_decay0p036_weight_decay0p05_seed91 - INFO - [Validation] EPOCH: 102  acc = 92.7066, best_acc = 94.0843
2026-03-03 21:14:47,919 - tmp_aug_test_lr1p4e-05_lr0p00015_drop_path_rate0p2_weight_decay0p036_weight_decay0p05_seed91 - INFO - [Training] EPOCH: 103 EpochTime = 29.042 (s) Losses = ['0.0494', '98.2695'] lr = 0.000072
2026-03-03 21:14:51,578 - tmp_aug_test_lr1p4e-05_lr0p00015_drop_path_rate0p2_weight_decay0p036_weight_decay0p05_seed91 - INFO - [Validation] EPOCH: 103  acc = 93.2739, best_acc = 94.0843
2026-03-03 21:15:20,601 - tmp_aug_test_lr1p4e-05_lr0p00015_drop_path_rate0p2_weight_decay0p036_weight_decay0p05_seed91 - INFO - [Training] EPOCH: 104 EpochTime = 29.019 (s) Losses = ['0.0530', '98.1678'] lr = 0.000071
2026-03-03 21:15:24,184 - tmp_aug_test_lr1p4e-05_lr0p00015_drop_path_rate0p2_weight_decay0p036_weight_decay0p05_seed91 - INFO - [Validation] EPOCH: 104  acc = 93.1929, best_acc = 94.0843
2026-03-03 21:15:53,255 - tmp_aug_test_lr1p4e-05_lr0p00015_drop_path_rate0p2_weight_decay0p036_weight_decay0p05_seed91 - INFO - [Training] EPOCH: 105 EpochTime = 29.068 (s) Losses = ['0.0538', '98.2492'] lr = 0.000070
2026-03-03 21:15:56,568 - tmp_aug_test_lr1p4e-05_lr0p00015_drop_path_rate0p2_weight_decay0p036_weight_decay0p05_seed91 - INFO - [Validation] EPOCH: 105  acc = 93.3955, best_acc = 94.0843
2026-03-03 21:16:26,037 - tmp_aug_test_lr1p4e-05_lr0p00015_drop_path_rate0p2_weight_decay0p036_weight_decay0p05_seed91 - INFO - [Training] EPOCH: 106 EpochTime = 29.465 (s) Losses = ['0.0505', '98.2492'] lr = 0.000068
2026-03-03 21:16:29,441 - tmp_aug_test_lr1p4e-05_lr0p00015_drop_path_rate0p2_weight_decay0p036_weight_decay0p05_seed91 - INFO - [Validation] EPOCH: 106  acc = 93.5170, best_acc = 94.0843
2026-03-03 21:16:58,080 - tmp_aug_test_lr1p4e-05_lr0p00015_drop_path_rate0p2_weight_decay0p036_weight_decay0p05_seed91 - INFO - [Training] EPOCH: 107 EpochTime = 28.636 (s) Losses = ['0.0464', '98.4222'] lr = 0.000067
2026-03-03 21:17:01,475 - tmp_aug_test_lr1p4e-05_lr0p00015_drop_path_rate0p2_weight_decay0p036_weight_decay0p05_seed91 - INFO - [Validation] EPOCH: 107  acc = 93.6791, best_acc = 94.0843
2026-03-03 21:17:30,791 - tmp_aug_test_lr1p4e-05_lr0p00015_drop_path_rate0p2_weight_decay0p036_weight_decay0p05_seed91 - INFO - [Training] EPOCH: 108 EpochTime = 29.313 (s) Losses = ['0.0554', '98.2288'] lr = 0.000066
2026-03-03 21:17:34,053 - tmp_aug_test_lr1p4e-05_lr0p00015_drop_path_rate0p2_weight_decay0p036_weight_decay0p05_seed91 - INFO - [Validation] EPOCH: 108  acc = 92.8687, best_acc = 94.0843
2026-03-03 21:18:03,022 - tmp_aug_test_lr1p4e-05_lr0p00015_drop_path_rate0p2_weight_decay0p036_weight_decay0p05_seed91 - INFO - [Training] EPOCH: 109 EpochTime = 28.965 (s) Losses = ['0.0529', '98.1169'] lr = 0.000065
2026-03-03 21:18:06,324 - tmp_aug_test_lr1p4e-05_lr0p00015_drop_path_rate0p2_weight_decay0p036_weight_decay0p05_seed91 - INFO - [Validation] EPOCH: 109  acc = 93.2739, best_acc = 94.0843
2026-03-03 21:18:35,466 - tmp_aug_test_lr1p4e-05_lr0p00015_drop_path_rate0p2_weight_decay0p036_weight_decay0p05_seed91 - INFO - [Training] EPOCH: 110 EpochTime = 29.139 (s) Losses = ['0.0497', '98.5037'] lr = 0.000064
2026-03-03 21:18:38,672 - tmp_aug_test_lr1p4e-05_lr0p00015_drop_path_rate0p2_weight_decay0p036_weight_decay0p05_seed91 - INFO - [Validation] EPOCH: 110  acc = 93.3144, best_acc = 94.0843
2026-03-03 21:19:07,750 - tmp_aug_test_lr1p4e-05_lr0p00015_drop_path_rate0p2_weight_decay0p036_weight_decay0p05_seed91 - INFO - [Training] EPOCH: 111 EpochTime = 29.075 (s) Losses = ['0.0453', '98.4528'] lr = 0.000063
2026-03-03 21:19:10,805 - tmp_aug_test_lr1p4e-05_lr0p00015_drop_path_rate0p2_weight_decay0p036_weight_decay0p05_seed91 - INFO - [Validation] EPOCH: 111  acc = 92.9092, best_acc = 94.0843
2026-03-03 21:19:40,211 - tmp_aug_test_lr1p4e-05_lr0p00015_drop_path_rate0p2_weight_decay0p036_weight_decay0p05_seed91 - INFO - [Training] EPOCH: 112 EpochTime = 29.403 (s) Losses = ['0.0475', '98.4019'] lr = 0.000062
2026-03-03 21:19:43,187 - tmp_aug_test_lr1p4e-05_lr0p00015_drop_path_rate0p2_weight_decay0p036_weight_decay0p05_seed91 - INFO - [Validation] EPOCH: 112  acc = 92.9092, best_acc = 94.0843
2026-03-03 21:20:12,412 - tmp_aug_test_lr1p4e-05_lr0p00015_drop_path_rate0p2_weight_decay0p036_weight_decay0p05_seed91 - INFO - [Training] EPOCH: 113 EpochTime = 29.221 (s) Losses = ['0.0446', '98.5138'] lr = 0.000060
2026-03-03 21:20:15,381 - tmp_aug_test_lr1p4e-05_lr0p00015_drop_path_rate0p2_weight_decay0p036_weight_decay0p05_seed91 - INFO - [Validation] EPOCH: 113  acc = 92.9498, best_acc = 94.0843
2026-03-03 21:20:44,843 - tmp_aug_test_lr1p4e-05_lr0p00015_drop_path_rate0p2_weight_decay0p036_weight_decay0p05_seed91 - INFO - [Training] EPOCH: 114 EpochTime = 29.458 (s) Losses = ['0.0431', '98.5953'] lr = 0.000059
2026-03-03 21:20:47,860 - tmp_aug_test_lr1p4e-05_lr0p00015_drop_path_rate0p2_weight_decay0p036_weight_decay0p05_seed91 - INFO - [Validation] EPOCH: 114  acc = 92.9903, best_acc = 94.0843
2026-03-03 21:21:17,711 - tmp_aug_test_lr1p4e-05_lr0p00015_drop_path_rate0p2_weight_decay0p036_weight_decay0p05_seed91 - INFO - [Training] EPOCH: 115 EpochTime = 29.846 (s) Losses = ['0.0444', '98.4935'] lr = 0.000058
2026-03-03 21:21:20,930 - tmp_aug_test_lr1p4e-05_lr0p00015_drop_path_rate0p2_weight_decay0p036_weight_decay0p05_seed91 - INFO - [Validation] EPOCH: 115  acc = 93.4360, best_acc = 94.0843
2026-03-03 21:21:50,302 - tmp_aug_test_lr1p4e-05_lr0p00015_drop_path_rate0p2_weight_decay0p036_weight_decay0p05_seed91 - INFO - [Training] EPOCH: 116 EpochTime = 29.369 (s) Losses = ['0.0465', '98.3001'] lr = 0.000057
2026-03-03 21:21:53,603 - tmp_aug_test_lr1p4e-05_lr0p00015_drop_path_rate0p2_weight_decay0p036_weight_decay0p05_seed91 - INFO - [Validation] EPOCH: 116  acc = 93.6386, best_acc = 94.0843
2026-03-03 21:22:22,877 - tmp_aug_test_lr1p4e-05_lr0p00015_drop_path_rate0p2_weight_decay0p036_weight_decay0p05_seed91 - INFO - [Training] EPOCH: 117 EpochTime = 29.270 (s) Losses = ['0.0465', '98.3103'] lr = 0.000056
2026-03-03 21:22:26,200 - tmp_aug_test_lr1p4e-05_lr0p00015_drop_path_rate0p2_weight_decay0p036_weight_decay0p05_seed91 - INFO - [Validation] EPOCH: 117  acc = 93.5575, best_acc = 94.0843
2026-03-03 21:22:55,501 - tmp_aug_test_lr1p4e-05_lr0p00015_drop_path_rate0p2_weight_decay0p036_weight_decay0p05_seed91 - INFO - [Training] EPOCH: 118 EpochTime = 29.298 (s) Losses = ['0.0461', '98.3713'] lr = 0.000055
2026-03-03 21:22:58,692 - tmp_aug_test_lr1p4e-05_lr0p00015_drop_path_rate0p2_weight_decay0p036_weight_decay0p05_seed91 - INFO - [Validation] EPOCH: 118  acc = 93.3955, best_acc = 94.0843
2026-03-03 21:23:28,115 - tmp_aug_test_lr1p4e-05_lr0p00015_drop_path_rate0p2_weight_decay0p036_weight_decay0p05_seed91 - INFO - [Training] EPOCH: 119 EpochTime = 29.419 (s) Losses = ['0.0414', '98.6564'] lr = 0.000054
2026-03-03 21:23:31,169 - tmp_aug_test_lr1p4e-05_lr0p00015_drop_path_rate0p2_weight_decay0p036_weight_decay0p05_seed91 - INFO - [Validation] EPOCH: 119  acc = 93.1524, best_acc = 94.0843
2026-03-03 21:24:00,767 - tmp_aug_test_lr1p4e-05_lr0p00015_drop_path_rate0p2_weight_decay0p036_weight_decay0p05_seed91 - INFO - [Training] EPOCH: 120 EpochTime = 29.594 (s) Losses = ['0.0452', '98.5342'] lr = 0.000052
2026-03-03 21:24:03,732 - tmp_aug_test_lr1p4e-05_lr0p00015_drop_path_rate0p2_weight_decay0p036_weight_decay0p05_seed91 - INFO - [Validation] EPOCH: 120  acc = 93.5575, best_acc = 94.0843
2026-03-03 21:24:33,517 - tmp_aug_test_lr1p4e-05_lr0p00015_drop_path_rate0p2_weight_decay0p036_weight_decay0p05_seed91 - INFO - [Training] EPOCH: 121 EpochTime = 29.782 (s) Losses = ['0.0454', '98.5240'] lr = 0.000051
2026-03-03 21:24:36,620 - tmp_aug_test_lr1p4e-05_lr0p00015_drop_path_rate0p2_weight_decay0p036_weight_decay0p05_seed91 - INFO - [Validation] EPOCH: 121  acc = 93.4765, best_acc = 94.0843
2026-03-03 21:25:06,243 - tmp_aug_test_lr1p4e-05_lr0p00015_drop_path_rate0p2_weight_decay0p036_weight_decay0p05_seed91 - INFO - [Training] EPOCH: 122 EpochTime = 29.620 (s) Losses = ['0.0411', '98.5546'] lr = 0.000050
2026-03-03 21:25:09,386 - tmp_aug_test_lr1p4e-05_lr0p00015_drop_path_rate0p2_weight_decay0p036_weight_decay0p05_seed91 - INFO - [Validation] EPOCH: 122  acc = 93.5981, best_acc = 94.0843
2026-03-03 21:25:38,961 - tmp_aug_test_lr1p4e-05_lr0p00015_drop_path_rate0p2_weight_decay0p036_weight_decay0p05_seed91 - INFO - [Training] EPOCH: 123 EpochTime = 29.572 (s) Losses = ['0.0423', '98.6156'] lr = 0.000049
2026-03-03 21:25:42,067 - tmp_aug_test_lr1p4e-05_lr0p00015_drop_path_rate0p2_weight_decay0p036_weight_decay0p05_seed91 - INFO - [Validation] EPOCH: 123  acc = 93.3144, best_acc = 94.0843
2026-03-03 21:26:11,560 - tmp_aug_test_lr1p4e-05_lr0p00015_drop_path_rate0p2_weight_decay0p036_weight_decay0p05_seed91 - INFO - [Training] EPOCH: 124 EpochTime = 29.489 (s) Losses = ['0.0442', '98.6258'] lr = 0.000048
2026-03-03 21:26:14,407 - tmp_aug_test_lr1p4e-05_lr0p00015_drop_path_rate0p2_weight_decay0p036_weight_decay0p05_seed91 - INFO - [Validation] EPOCH: 124  acc = 93.1118, best_acc = 94.0843
2026-03-03 21:26:44,547 - tmp_aug_test_lr1p4e-05_lr0p00015_drop_path_rate0p2_weight_decay0p036_weight_decay0p05_seed91 - INFO - [Training] EPOCH: 125 EpochTime = 30.136 (s) Losses = ['0.0424', '98.4324'] lr = 0.000047
2026-03-03 21:26:47,502 - tmp_aug_test_lr1p4e-05_lr0p00015_drop_path_rate0p2_weight_decay0p036_weight_decay0p05_seed91 - INFO - [Validation] EPOCH: 125  acc = 93.3955, best_acc = 94.0843
2026-03-03 21:27:17,226 - tmp_aug_test_lr1p4e-05_lr0p00015_drop_path_rate0p2_weight_decay0p036_weight_decay0p05_seed91 - INFO - [Training] EPOCH: 126 EpochTime = 29.720 (s) Losses = ['0.0392', '98.6971'] lr = 0.000046
2026-03-03 21:27:20,048 - tmp_aug_test_lr1p4e-05_lr0p00015_drop_path_rate0p2_weight_decay0p036_weight_decay0p05_seed91 - INFO - [Validation] EPOCH: 126  acc = 93.7196, best_acc = 94.0843
2026-03-03 21:27:50,042 - tmp_aug_test_lr1p4e-05_lr0p00015_drop_path_rate0p2_weight_decay0p036_weight_decay0p05_seed91 - INFO - [Training] EPOCH: 127 EpochTime = 29.992 (s) Losses = ['0.0424', '98.3510'] lr = 0.000045
2026-03-03 21:27:52,926 - tmp_aug_test_lr1p4e-05_lr0p00015_drop_path_rate0p2_weight_decay0p036_weight_decay0p05_seed91 - INFO - [Validation] EPOCH: 127  acc = 93.6386, best_acc = 94.0843
2026-03-03 21:28:22,495 - tmp_aug_test_lr1p4e-05_lr0p00015_drop_path_rate0p2_weight_decay0p036_weight_decay0p05_seed91 - INFO - [Training] EPOCH: 128 EpochTime = 29.565 (s) Losses = ['0.0406', '98.6971'] lr = 0.000044
2026-03-03 21:28:25,346 - tmp_aug_test_lr1p4e-05_lr0p00015_drop_path_rate0p2_weight_decay0p036_weight_decay0p05_seed91 - INFO - [Validation] EPOCH: 128  acc = 93.2739, best_acc = 94.0843
2026-03-03 21:28:54,842 - tmp_aug_test_lr1p4e-05_lr0p00015_drop_path_rate0p2_weight_decay0p036_weight_decay0p05_seed91 - INFO - [Training] EPOCH: 129 EpochTime = 29.493 (s) Losses = ['0.0387', '98.7276'] lr = 0.000043
2026-03-03 21:28:57,708 - tmp_aug_test_lr1p4e-05_lr0p00015_drop_path_rate0p2_weight_decay0p036_weight_decay0p05_seed91 - INFO - [Validation] EPOCH: 129  acc = 93.4360, best_acc = 94.0843
2026-03-03 21:29:27,519 - tmp_aug_test_lr1p4e-05_lr0p00015_drop_path_rate0p2_weight_decay0p036_weight_decay0p05_seed91 - INFO - [Training] EPOCH: 130 EpochTime = 29.808 (s) Losses = ['0.0424', '98.5342'] lr = 0.000042
2026-03-03 21:29:30,404 - tmp_aug_test_lr1p4e-05_lr0p00015_drop_path_rate0p2_weight_decay0p036_weight_decay0p05_seed91 - INFO - [Validation] EPOCH: 130  acc = 93.1118, best_acc = 94.0843
2026-03-03 21:29:59,866 - tmp_aug_test_lr1p4e-05_lr0p00015_drop_path_rate0p2_weight_decay0p036_weight_decay0p05_seed91 - INFO - [Training] EPOCH: 131 EpochTime = 29.458 (s) Losses = ['0.0425', '98.5240'] lr = 0.000041
2026-03-03 21:30:02,834 - tmp_aug_test_lr1p4e-05_lr0p00015_drop_path_rate0p2_weight_decay0p036_weight_decay0p05_seed91 - INFO - [Validation] EPOCH: 131  acc = 93.2334, best_acc = 94.0843
2026-03-03 21:30:32,189 - tmp_aug_test_lr1p4e-05_lr0p00015_drop_path_rate0p2_weight_decay0p036_weight_decay0p05_seed91 - INFO - [Training] EPOCH: 132 EpochTime = 29.350 (s) Losses = ['0.0389', '98.6869'] lr = 0.000040
2026-03-03 21:30:35,033 - tmp_aug_test_lr1p4e-05_lr0p00015_drop_path_rate0p2_weight_decay0p036_weight_decay0p05_seed91 - INFO - [Validation] EPOCH: 132  acc = 93.0308, best_acc = 94.0843
2026-03-03 21:31:04,569 - tmp_aug_test_lr1p4e-05_lr0p00015_drop_path_rate0p2_weight_decay0p036_weight_decay0p05_seed91 - INFO - [Training] EPOCH: 133 EpochTime = 29.532 (s) Losses = ['0.0431', '98.4121'] lr = 0.000039
2026-03-03 21:31:07,539 - tmp_aug_test_lr1p4e-05_lr0p00015_drop_path_rate0p2_weight_decay0p036_weight_decay0p05_seed91 - INFO - [Validation] EPOCH: 133  acc = 93.5575, best_acc = 94.0843
2026-03-03 21:31:37,313 - tmp_aug_test_lr1p4e-05_lr0p00015_drop_path_rate0p2_weight_decay0p036_weight_decay0p05_seed91 - INFO - [Training] EPOCH: 134 EpochTime = 29.770 (s) Losses = ['0.0399', '98.6156'] lr = 0.000038
2026-03-03 21:31:40,160 - tmp_aug_test_lr1p4e-05_lr0p00015_drop_path_rate0p2_weight_decay0p036_weight_decay0p05_seed91 - INFO - [Validation] EPOCH: 134  acc = 93.5575, best_acc = 94.0843
2026-03-03 21:32:10,083 - tmp_aug_test_lr1p4e-05_lr0p00015_drop_path_rate0p2_weight_decay0p036_weight_decay0p05_seed91 - INFO - [Training] EPOCH: 135 EpochTime = 29.919 (s) Losses = ['0.0392', '98.6564'] lr = 0.000037
2026-03-03 21:32:13,087 - tmp_aug_test_lr1p4e-05_lr0p00015_drop_path_rate0p2_weight_decay0p036_weight_decay0p05_seed91 - INFO - [Validation] EPOCH: 135  acc = 93.5170, best_acc = 94.0843
2026-03-03 21:32:42,729 - tmp_aug_test_lr1p4e-05_lr0p00015_drop_path_rate0p2_weight_decay0p036_weight_decay0p05_seed91 - INFO - [Training] EPOCH: 136 EpochTime = 29.637 (s) Losses = ['0.0384', '98.7174'] lr = 0.000036
2026-03-03 21:32:45,574 - tmp_aug_test_lr1p4e-05_lr0p00015_drop_path_rate0p2_weight_decay0p036_weight_decay0p05_seed91 - INFO - [Validation] EPOCH: 136  acc = 93.3549, best_acc = 94.0843
2026-03-03 21:33:15,715 - tmp_aug_test_lr1p4e-05_lr0p00015_drop_path_rate0p2_weight_decay0p036_weight_decay0p05_seed91 - INFO - [Training] EPOCH: 137 EpochTime = 30.138 (s) Losses = ['0.0358', '98.8498'] lr = 0.000035
2026-03-03 21:33:18,650 - tmp_aug_test_lr1p4e-05_lr0p00015_drop_path_rate0p2_weight_decay0p036_weight_decay0p05_seed91 - INFO - [Validation] EPOCH: 137  acc = 93.1524, best_acc = 94.0843
2026-03-03 21:33:48,671 - tmp_aug_test_lr1p4e-05_lr0p00015_drop_path_rate0p2_weight_decay0p036_weight_decay0p05_seed91 - INFO - [Training] EPOCH: 138 EpochTime = 30.015 (s) Losses = ['0.0362', '98.8090'] lr = 0.000034
2026-03-03 21:33:51,570 - tmp_aug_test_lr1p4e-05_lr0p00015_drop_path_rate0p2_weight_decay0p036_weight_decay0p05_seed91 - INFO - [Validation] EPOCH: 138  acc = 93.3549, best_acc = 94.0843
2026-03-03 21:34:22,001 - tmp_aug_test_lr1p4e-05_lr0p00015_drop_path_rate0p2_weight_decay0p036_weight_decay0p05_seed91 - INFO - [Training] EPOCH: 139 EpochTime = 30.429 (s) Losses = ['0.0415', '98.6156'] lr = 0.000033
2026-03-03 21:34:24,913 - tmp_aug_test_lr1p4e-05_lr0p00015_drop_path_rate0p2_weight_decay0p036_weight_decay0p05_seed91 - INFO - [Validation] EPOCH: 139  acc = 92.9903, best_acc = 94.0843
2026-03-03 21:34:55,067 - tmp_aug_test_lr1p4e-05_lr0p00015_drop_path_rate0p2_weight_decay0p036_weight_decay0p05_seed91 - INFO - [Training] EPOCH: 140 EpochTime = 30.148 (s) Losses = ['0.0416', '98.6055'] lr = 0.000032
2026-03-03 21:34:57,945 - tmp_aug_test_lr1p4e-05_lr0p00015_drop_path_rate0p2_weight_decay0p036_weight_decay0p05_seed91 - INFO - [Validation] EPOCH: 140  acc = 93.3549, best_acc = 94.0843
2026-03-03 21:35:27,288 - tmp_aug_test_lr1p4e-05_lr0p00015_drop_path_rate0p2_weight_decay0p036_weight_decay0p05_seed91 - INFO - [Training] EPOCH: 141 EpochTime = 29.338 (s) Losses = ['0.0377', '98.7887'] lr = 0.000031
2026-03-03 21:35:30,220 - tmp_aug_test_lr1p4e-05_lr0p00015_drop_path_rate0p2_weight_decay0p036_weight_decay0p05_seed91 - INFO - [Validation] EPOCH: 141  acc = 93.0308, best_acc = 94.0843
2026-03-03 21:35:59,330 - tmp_aug_test_lr1p4e-05_lr0p00015_drop_path_rate0p2_weight_decay0p036_weight_decay0p05_seed91 - INFO - [Training] EPOCH: 142 EpochTime = 29.107 (s) Losses = ['0.0341', '98.8192'] lr = 0.000030
2026-03-03 21:36:02,301 - tmp_aug_test_lr1p4e-05_lr0p00015_drop_path_rate0p2_weight_decay0p036_weight_decay0p05_seed91 - INFO - [Validation] EPOCH: 142  acc = 92.9092, best_acc = 94.0843
2026-03-03 21:36:31,418 - tmp_aug_test_lr1p4e-05_lr0p00015_drop_path_rate0p2_weight_decay0p036_weight_decay0p05_seed91 - INFO - [Training] EPOCH: 143 EpochTime = 29.114 (s) Losses = ['0.0391', '98.6869'] lr = 0.000029
2026-03-03 21:36:34,363 - tmp_aug_test_lr1p4e-05_lr0p00015_drop_path_rate0p2_weight_decay0p036_weight_decay0p05_seed91 - INFO - [Validation] EPOCH: 143  acc = 93.3144, best_acc = 94.0843
2026-03-03 21:37:03,592 - tmp_aug_test_lr1p4e-05_lr0p00015_drop_path_rate0p2_weight_decay0p036_weight_decay0p05_seed91 - INFO - [Training] EPOCH: 144 EpochTime = 29.225 (s) Losses = ['0.0372', '98.6360'] lr = 0.000028
2026-03-03 21:37:06,551 - tmp_aug_test_lr1p4e-05_lr0p00015_drop_path_rate0p2_weight_decay0p036_weight_decay0p05_seed91 - INFO - [Validation] EPOCH: 144  acc = 93.0713, best_acc = 94.0843
2026-03-03 21:37:35,667 - tmp_aug_test_lr1p4e-05_lr0p00015_drop_path_rate0p2_weight_decay0p036_weight_decay0p05_seed91 - INFO - [Training] EPOCH: 145 EpochTime = 29.113 (s) Losses = ['0.0363', '98.7887'] lr = 0.000027
2026-03-03 21:37:38,802 - tmp_aug_test_lr1p4e-05_lr0p00015_drop_path_rate0p2_weight_decay0p036_weight_decay0p05_seed91 - INFO - [Validation] EPOCH: 145  acc = 93.2334, best_acc = 94.0843
2026-03-03 21:38:08,093 - tmp_aug_test_lr1p4e-05_lr0p00015_drop_path_rate0p2_weight_decay0p036_weight_decay0p05_seed91 - INFO - [Training] EPOCH: 146 EpochTime = 29.285 (s) Losses = ['0.0375', '98.6665'] lr = 0.000026
2026-03-03 21:38:11,101 - tmp_aug_test_lr1p4e-05_lr0p00015_drop_path_rate0p2_weight_decay0p036_weight_decay0p05_seed91 - INFO - [Validation] EPOCH: 146  acc = 93.0713, best_acc = 94.0843
2026-03-03 21:38:40,419 - tmp_aug_test_lr1p4e-05_lr0p00015_drop_path_rate0p2_weight_decay0p036_weight_decay0p05_seed91 - INFO - [Training] EPOCH: 147 EpochTime = 29.315 (s) Losses = ['0.0376', '98.6665'] lr = 0.000025
2026-03-03 21:38:43,469 - tmp_aug_test_lr1p4e-05_lr0p00015_drop_path_rate0p2_weight_decay0p036_weight_decay0p05_seed91 - INFO - [Validation] EPOCH: 147  acc = 93.1524, best_acc = 94.0843
2026-03-03 21:39:12,227 - tmp_aug_test_lr1p4e-05_lr0p00015_drop_path_rate0p2_weight_decay0p036_weight_decay0p05_seed91 - INFO - [Training] EPOCH: 148 EpochTime = 28.755 (s) Losses = ['0.0361', '98.8294'] lr = 0.000025
2026-03-03 21:39:15,199 - tmp_aug_test_lr1p4e-05_lr0p00015_drop_path_rate0p2_weight_decay0p036_weight_decay0p05_seed91 - INFO - [Validation] EPOCH: 148  acc = 93.3144, best_acc = 94.0843
2026-03-03 21:39:44,372 - tmp_aug_test_lr1p4e-05_lr0p00015_drop_path_rate0p2_weight_decay0p036_weight_decay0p05_seed91 - INFO - [Training] EPOCH: 149 EpochTime = 29.169 (s) Losses = ['0.0355', '98.7378'] lr = 0.000024
2026-03-03 21:39:47,474 - tmp_aug_test_lr1p4e-05_lr0p00015_drop_path_rate0p2_weight_decay0p036_weight_decay0p05_seed91 - INFO - [Validation] EPOCH: 149  acc = 93.2739, best_acc = 94.0843
2026-03-03 21:40:15,879 - tmp_aug_test_lr1p4e-05_lr0p00015_drop_path_rate0p2_weight_decay0p036_weight_decay0p05_seed91 - INFO - [Training] EPOCH: 150 EpochTime = 28.402 (s) Losses = ['0.0361', '98.7480'] lr = 0.000023
2026-03-03 21:40:18,976 - tmp_aug_test_lr1p4e-05_lr0p00015_drop_path_rate0p2_weight_decay0p036_weight_decay0p05_seed91 - INFO - [Validation] EPOCH: 150  acc = 93.3955, best_acc = 94.0843
