2026-02-11 15:49:33,556 - tmp_aug_test_seed22 - INFO - Copy the Config file from /irip/yanxu_2023/gumble-test/mlp_cfgs/tmp_aug_test_seed22.yaml to /irip/yanxu_2023/gumble-test/experiments_bg_mlp/seeds/aug_test_seed22/config.yaml
2026-02-11 15:49:33,556 - tmp_aug_test_seed22 - INFO - args.config : /irip/yanxu_2023/gumble-test/mlp_cfgs/tmp_aug_test_seed22.yaml
2026-02-11 15:49:33,556 - tmp_aug_test_seed22 - INFO - args.launcher : none
2026-02-11 15:49:33,556 - tmp_aug_test_seed22 - INFO - args.local_rank : 0
2026-02-11 15:49:33,556 - tmp_aug_test_seed22 - INFO - args.num_workers : 8
2026-02-11 15:49:33,556 - tmp_aug_test_seed22 - INFO - args.rate : 1.0
2026-02-11 15:49:33,556 - tmp_aug_test_seed22 - INFO - args.seed : 0
2026-02-11 15:49:33,556 - tmp_aug_test_seed22 - INFO - args.deterministic : False
2026-02-11 15:49:33,556 - tmp_aug_test_seed22 - INFO - args.sync_bn : False
2026-02-11 15:49:33,556 - tmp_aug_test_seed22 - INFO - args.exp_name : /irip/yanxu_2023/gumble-test/experiments_bg_mlp/seeds/aug_test_seed22
2026-02-11 15:49:33,556 - tmp_aug_test_seed22 - INFO - args.loss : cd1
2026-02-11 15:49:33,556 - tmp_aug_test_seed22 - INFO - args.start_ckpts : None
2026-02-11 15:49:33,556 - tmp_aug_test_seed22 - INFO - args.ckpts : /irip/yanxu_2023/gumble-test/ckpt-epoch-300.pth
2026-02-11 15:49:33,556 - tmp_aug_test_seed22 - INFO - args.val_freq : 1
2026-02-11 15:49:33,556 - tmp_aug_test_seed22 - INFO - args.vote : False
2026-02-11 15:49:33,557 - tmp_aug_test_seed22 - INFO - args.resume : False
2026-02-11 15:49:33,557 - tmp_aug_test_seed22 - INFO - args.test : False
2026-02-11 15:49:33,557 - tmp_aug_test_seed22 - INFO - args.finetune_model : True
2026-02-11 15:49:33,557 - tmp_aug_test_seed22 - INFO - args.scratch_model : False
2026-02-11 15:49:33,557 - tmp_aug_test_seed22 - INFO - args.mode : None
2026-02-11 15:49:33,557 - tmp_aug_test_seed22 - INFO - args.way : -1
2026-02-11 15:49:33,557 - tmp_aug_test_seed22 - INFO - args.shot : -1
2026-02-11 15:49:33,557 - tmp_aug_test_seed22 - INFO - args.fold : -1
2026-02-11 15:49:33,557 - tmp_aug_test_seed22 - INFO - args.experiment_path : /irip/yanxu_2023/gumble-test/experiments_bg_mlp/seeds/aug_test_seed22
2026-02-11 15:49:33,557 - tmp_aug_test_seed22 - INFO - args.tfboard_path : /irip/yanxu_2023/gumble-test/experiments_bg_mlp/seeds/aug_test_seed22
2026-02-11 15:49:33,557 - tmp_aug_test_seed22 - INFO - args.log_name : tmp_aug_test_seed22
2026-02-11 15:49:33,557 - tmp_aug_test_seed22 - INFO - args.use_gpu : True
2026-02-11 15:49:33,557 - tmp_aug_test_seed22 - INFO - args.distributed : False
2026-02-11 15:49:33,557 - tmp_aug_test_seed22 - INFO - config.dataset = edict()
2026-02-11 15:49:33,557 - tmp_aug_test_seed22 - INFO - config.dataset.test = edict()
2026-02-11 15:49:33,557 - tmp_aug_test_seed22 - INFO - config.dataset.test._base_ = edict()
2026-02-11 15:49:33,557 - tmp_aug_test_seed22 - INFO - config.dataset.test._base_.NAME : ScanObjectNN
2026-02-11 15:49:33,557 - tmp_aug_test_seed22 - INFO - config.dataset.test._base_.ROOT : ./data/ScanObjectNN/main_split
2026-02-11 15:49:33,557 - tmp_aug_test_seed22 - INFO - config.dataset.test.others = edict()
2026-02-11 15:49:33,558 - tmp_aug_test_seed22 - INFO - config.dataset.test.others.subset : test
2026-02-11 15:49:33,558 - tmp_aug_test_seed22 - INFO - config.dataset.test.others.bs : 32
2026-02-11 15:49:33,558 - tmp_aug_test_seed22 - INFO - config.dataset.train = edict()
2026-02-11 15:49:33,558 - tmp_aug_test_seed22 - INFO - config.dataset.train._base_ = edict()
2026-02-11 15:49:33,558 - tmp_aug_test_seed22 - INFO - config.dataset.train._base_.NAME : ScanObjectNN
2026-02-11 15:49:33,558 - tmp_aug_test_seed22 - INFO - config.dataset.train._base_.ROOT : ./data/ScanObjectNN/main_split
2026-02-11 15:49:33,558 - tmp_aug_test_seed22 - INFO - config.dataset.train.others = edict()
2026-02-11 15:49:33,558 - tmp_aug_test_seed22 - INFO - config.dataset.train.others.subset : train
2026-02-11 15:49:33,558 - tmp_aug_test_seed22 - INFO - config.dataset.train.others.bs : 32
2026-02-11 15:49:33,558 - tmp_aug_test_seed22 - INFO - config.dataset.val = edict()
2026-02-11 15:49:33,558 - tmp_aug_test_seed22 - INFO - config.dataset.val._base_ = edict()
2026-02-11 15:49:33,558 - tmp_aug_test_seed22 - INFO - config.dataset.val._base_.NAME : ScanObjectNN
2026-02-11 15:49:33,558 - tmp_aug_test_seed22 - INFO - config.dataset.val._base_.ROOT : ./data/ScanObjectNN/main_split
2026-02-11 15:49:33,558 - tmp_aug_test_seed22 - INFO - config.dataset.val.others = edict()
2026-02-11 15:49:33,558 - tmp_aug_test_seed22 - INFO - config.dataset.val.others.subset : test
2026-02-11 15:49:33,558 - tmp_aug_test_seed22 - INFO - config.dataset.val.others.bs : 64
2026-02-11 15:49:33,558 - tmp_aug_test_seed22 - INFO - config.grad_norm_clip : 10
2026-02-11 15:49:33,558 - tmp_aug_test_seed22 - INFO - config.max_epoch : 300
2026-02-11 15:49:33,558 - tmp_aug_test_seed22 - INFO - config.model = edict()
2026-02-11 15:49:33,559 - tmp_aug_test_seed22 - INFO - config.model.NAME : PointTransformer
2026-02-11 15:49:33,559 - tmp_aug_test_seed22 - INFO - config.model.cls_dim : 15
2026-02-11 15:49:33,559 - tmp_aug_test_seed22 - INFO - config.model.depth : 12
2026-02-11 15:49:33,559 - tmp_aug_test_seed22 - INFO - config.model.drop_path_rate : 0.1
2026-02-11 15:49:33,559 - tmp_aug_test_seed22 - INFO - config.model.ema_decay : 0.999
2026-02-11 15:49:33,559 - tmp_aug_test_seed22 - INFO - config.model.encoder_dims : 384
2026-02-11 15:49:33,559 - tmp_aug_test_seed22 - INFO - config.model.feat_agg : cls_mean
2026-02-11 15:49:33,559 - tmp_aug_test_seed22 - INFO - config.model.group_size : 32
2026-02-11 15:49:33,559 - tmp_aug_test_seed22 - INFO - config.model.head_dp : 0.5
2026-02-11 15:49:33,559 - tmp_aug_test_seed22 - INFO - config.model.num_group : 128
2026-02-11 15:49:33,559 - tmp_aug_test_seed22 - INFO - config.model.num_heads : 6
2026-02-11 15:49:33,559 - tmp_aug_test_seed22 - INFO - config.model.smoothing : 0.0
2026-02-11 15:49:33,559 - tmp_aug_test_seed22 - INFO - config.model.trans_dim : 384
2026-02-11 15:49:33,559 - tmp_aug_test_seed22 - INFO - config.model.type : mlp3
2026-02-11 15:49:33,559 - tmp_aug_test_seed22 - INFO - config.npoints : 2048
2026-02-11 15:49:33,559 - tmp_aug_test_seed22 - INFO - config.optimizer = edict()
2026-02-11 15:49:33,559 - tmp_aug_test_seed22 - INFO - config.optimizer.head = edict()
2026-02-11 15:49:33,559 - tmp_aug_test_seed22 - INFO - config.optimizer.head.lr : 2e-3
2026-02-11 15:49:33,559 - tmp_aug_test_seed22 - INFO - config.optimizer.head.weight_decay : 0.05
2026-02-11 15:49:33,559 - tmp_aug_test_seed22 - INFO - config.optimizer.kwargs = edict()
2026-02-11 15:49:33,559 - tmp_aug_test_seed22 - INFO - config.optimizer.kwargs.lr : 2e-5
2026-02-11 15:49:33,560 - tmp_aug_test_seed22 - INFO - config.optimizer.kwargs.weight_decay : 0.05
2026-02-11 15:49:33,560 - tmp_aug_test_seed22 - INFO - config.optimizer.type : AdamW
2026-02-11 15:49:33,560 - tmp_aug_test_seed22 - INFO - config.scheduler = edict()
2026-02-11 15:49:33,560 - tmp_aug_test_seed22 - INFO - config.scheduler.kwargs = edict()
2026-02-11 15:49:33,560 - tmp_aug_test_seed22 - INFO - config.scheduler.kwargs.epochs : 300
2026-02-11 15:49:33,560 - tmp_aug_test_seed22 - INFO - config.scheduler.kwargs.initial_epochs : 10
2026-02-11 15:49:33,560 - tmp_aug_test_seed22 - INFO - config.scheduler.type : CosLR
2026-02-11 15:49:33,560 - tmp_aug_test_seed22 - INFO - config.seed : 22
2026-02-11 15:49:33,560 - tmp_aug_test_seed22 - INFO - config.step_per_update : 1
2026-02-11 15:49:33,560 - tmp_aug_test_seed22 - INFO - config.total_bs : 32
2026-02-11 15:49:33,560 - tmp_aug_test_seed22 - INFO - Distributed training: False
2026-02-11 15:49:33,560 - tmp_aug_test_seed22 - INFO - Set random seed to 22, deterministic: False
Successfully load ScanObjectNN shape of (2309, 2048, 3)
Successfully load ScanObjectNN shape of (581, 2048, 3)
2026-02-11 15:49:42,420 - Transformer - INFO - missing_keys
2026-02-11 15:49:42,421 - Transformer - INFO - Some model parameters or buffers are not found in the checkpoint:
  cls_token
  cls_pos
  cls_head_finetune.0.{weight, bias}
  cls_head_finetune.1.{weight, bias, running_mean, running_var}
  cls_head_finetune.4.{weight, bias}
  cls_head_finetune.5.{weight, bias, running_mean, running_var}
  cls_head_finetune.8.{weight, bias}
2026-02-11 15:49:42,421 - Transformer - INFO - unexpected_keys
2026-02-11 15:49:42,421 - Transformer - INFO - The checkpoint state_dict contains keys that are not used by the model:
  mask_token
  MAE_decoder.blocks.0.norm1.{weight, bias}
  MAE_decoder.blocks.0.norm2.{weight, bias}
  MAE_decoder.blocks.0.mlp.fc1.{weight, bias}
  MAE_decoder.blocks.0.mlp.fc2.{weight, bias}
  MAE_decoder.blocks.0.attn.qkv.weight
  MAE_decoder.blocks.0.attn.proj.{weight, bias}
  MAE_decoder.blocks.1.norm1.{weight, bias}
  MAE_decoder.blocks.1.norm2.{weight, bias}
  MAE_decoder.blocks.1.mlp.fc1.{weight, bias}
  MAE_decoder.blocks.1.mlp.fc2.{weight, bias}
  MAE_decoder.blocks.1.attn.qkv.weight
  MAE_decoder.blocks.1.attn.proj.{weight, bias}
  MAE_decoder.blocks.2.norm1.{weight, bias}
  MAE_decoder.blocks.2.norm2.{weight, bias}
  MAE_decoder.blocks.2.mlp.fc1.{weight, bias}
  MAE_decoder.blocks.2.mlp.fc2.{weight, bias}
  MAE_decoder.blocks.2.attn.qkv.weight
  MAE_decoder.blocks.2.attn.proj.{weight, bias}
  MAE_decoder.blocks.3.norm1.{weight, bias}
  MAE_decoder.blocks.3.norm2.{weight, bias}
  MAE_decoder.blocks.3.mlp.fc1.{weight, bias}
  MAE_decoder.blocks.3.mlp.fc2.{weight, bias}
  MAE_decoder.blocks.3.attn.qkv.weight
  MAE_decoder.blocks.3.attn.proj.{weight, bias}
  MAE_decoder.gates.0.gate.{weight, bias}
  MAE_decoder.gates.1.gate.{weight, bias}
  MAE_decoder.gates.2.gate.{weight, bias}
  MAE_decoder.gates.3.gate.{weight, bias}
  MAE_decoder.norm.{weight, bias}
  decoder_pos_embed.0.weight
  decoder_pos_embed.2.weight
  increase_dim.0.{weight, bias}
  mask_pos_token
2026-02-11 15:49:42,421 - Transformer - INFO - [Transformer] Successful Loading the ckpt from /irip/yanxu_2023/gumble-test/ckpt-epoch-300.pth
2026-02-11 15:49:42,449 - tmp_aug_test_seed22 - INFO - Using Data parallel ...
trainable parameters: 
cls_token
10 * LR:  cls_token
cls_pos
10 * LR:  cls_pos
cls_head_finetune.0.weight
10 * LR:  cls_head_finetune.0.weight
cls_head_finetune.0.bias
10 * LR:  cls_head_finetune.0.bias
cls_head_finetune.1.weight
10 * LR:  cls_head_finetune.1.weight
cls_head_finetune.1.bias
10 * LR:  cls_head_finetune.1.bias
cls_head_finetune.4.weight
10 * LR:  cls_head_finetune.4.weight
cls_head_finetune.4.bias
10 * LR:  cls_head_finetune.4.bias
cls_head_finetune.5.weight
10 * LR:  cls_head_finetune.5.weight
cls_head_finetune.5.bias
10 * LR:  cls_head_finetune.5.bias
cls_head_finetune.8.weight
10 * LR:  cls_head_finetune.8.weight
cls_head_finetune.8.bias
10 * LR:  cls_head_finetune.8.bias
2026-02-11 15:49:50,791 - tmp_aug_test_seed22 - INFO - [Training] EPOCH: 0 EpochTime = 8.336 (s) Losses = ['2.8865', '5.3819'] lr = 0.000001
2026-02-11 15:49:57,447 - tmp_aug_test_seed22 - INFO - [Training] EPOCH: 1 EpochTime = 6.653 (s) Losses = ['2.8870', '5.9028'] lr = 0.000201
2026-02-11 15:50:00,052 - tmp_aug_test_seed22 - INFO - [Validation] EPOCH: 1  acc = 5.3356, best_acc = 5.3356
2026-02-11 15:50:06,598 - tmp_aug_test_seed22 - INFO - [Training] EPOCH: 2 EpochTime = 6.542 (s) Losses = ['2.2534', '30.4253'] lr = 0.000401
2026-02-11 15:50:08,509 - tmp_aug_test_seed22 - INFO - [Validation] EPOCH: 2  acc = 48.5370, best_acc = 48.5370
2026-02-11 15:50:15,213 - tmp_aug_test_seed22 - INFO - [Training] EPOCH: 3 EpochTime = 6.702 (s) Losses = ['1.6647', '48.5243'] lr = 0.000601
2026-02-11 15:50:16,974 - tmp_aug_test_seed22 - INFO - [Validation] EPOCH: 3  acc = 59.3804, best_acc = 59.3804
2026-02-11 15:50:23,890 - tmp_aug_test_seed22 - INFO - [Training] EPOCH: 4 EpochTime = 6.910 (s) Losses = ['1.3255', '60.1562'] lr = 0.000801
2026-02-11 15:50:25,910 - tmp_aug_test_seed22 - INFO - [Validation] EPOCH: 4  acc = 70.0516, best_acc = 70.0516
2026-02-11 15:50:33,411 - tmp_aug_test_seed22 - INFO - [Training] EPOCH: 5 EpochTime = 7.497 (s) Losses = ['1.0635', '67.1875'] lr = 0.001000
2026-02-11 15:50:35,534 - tmp_aug_test_seed22 - INFO - [Validation] EPOCH: 5  acc = 73.1497, best_acc = 73.1497
2026-02-11 15:50:42,367 - tmp_aug_test_seed22 - INFO - [Training] EPOCH: 6 EpochTime = 6.828 (s) Losses = ['0.9067', '71.0938'] lr = 0.001200
2026-02-11 15:50:44,485 - tmp_aug_test_seed22 - INFO - [Validation] EPOCH: 6  acc = 81.7556, best_acc = 81.7556
2026-02-11 15:50:50,858 - tmp_aug_test_seed22 - INFO - [Training] EPOCH: 7 EpochTime = 6.364 (s) Losses = ['0.8380', '73.4375'] lr = 0.001400
2026-02-11 15:50:52,699 - tmp_aug_test_seed22 - INFO - [Validation] EPOCH: 7  acc = 79.6902, best_acc = 81.7556
2026-02-11 15:50:59,785 - tmp_aug_test_seed22 - INFO - [Training] EPOCH: 8 EpochTime = 7.083 (s) Losses = ['0.7884', '74.0017'] lr = 0.001600
2026-02-11 15:51:01,743 - tmp_aug_test_seed22 - INFO - [Validation] EPOCH: 8  acc = 77.4527, best_acc = 81.7556
2026-02-11 15:51:08,772 - tmp_aug_test_seed22 - INFO - [Training] EPOCH: 9 EpochTime = 7.026 (s) Losses = ['0.7554', '74.3056'] lr = 0.001800
2026-02-11 15:51:10,666 - tmp_aug_test_seed22 - INFO - [Validation] EPOCH: 9  acc = 84.1652, best_acc = 84.1652
2026-02-11 15:51:17,814 - tmp_aug_test_seed22 - INFO - [Training] EPOCH: 10 EpochTime = 7.143 (s) Losses = ['0.6983', '77.3438'] lr = 0.001995
2026-02-11 15:51:19,744 - tmp_aug_test_seed22 - INFO - [Validation] EPOCH: 10  acc = 82.9604, best_acc = 84.1652
2026-02-11 15:51:26,824 - tmp_aug_test_seed22 - INFO - [Training] EPOCH: 11 EpochTime = 7.078 (s) Losses = ['0.6916', '78.2986'] lr = 0.001993
2026-02-11 15:51:28,928 - tmp_aug_test_seed22 - INFO - [Validation] EPOCH: 11  acc = 81.5835, best_acc = 84.1652
2026-02-11 15:51:35,936 - tmp_aug_test_seed22 - INFO - [Training] EPOCH: 12 EpochTime = 7.004 (s) Losses = ['0.6462', '78.6458'] lr = 0.001992
2026-02-11 15:51:38,163 - tmp_aug_test_seed22 - INFO - [Validation] EPOCH: 12  acc = 83.1325, best_acc = 84.1652
2026-02-11 15:51:45,040 - tmp_aug_test_seed22 - INFO - [Training] EPOCH: 13 EpochTime = 6.873 (s) Losses = ['0.6076', '79.5139'] lr = 0.001991
2026-02-11 15:51:46,996 - tmp_aug_test_seed22 - INFO - [Validation] EPOCH: 13  acc = 83.8210, best_acc = 84.1652
2026-02-11 15:51:54,076 - tmp_aug_test_seed22 - INFO - [Training] EPOCH: 14 EpochTime = 7.077 (s) Losses = ['0.6068', '79.2969'] lr = 0.001989
2026-02-11 15:51:55,949 - tmp_aug_test_seed22 - INFO - [Validation] EPOCH: 14  acc = 82.9604, best_acc = 84.1652
2026-02-11 15:52:02,973 - tmp_aug_test_seed22 - INFO - [Training] EPOCH: 15 EpochTime = 7.021 (s) Losses = ['0.6082', '80.3819'] lr = 0.001988
2026-02-11 15:52:04,698 - tmp_aug_test_seed22 - INFO - [Validation] EPOCH: 15  acc = 85.5422, best_acc = 85.5422
2026-02-11 15:52:11,583 - tmp_aug_test_seed22 - INFO - [Training] EPOCH: 16 EpochTime = 6.881 (s) Losses = ['0.5430', '82.0312'] lr = 0.001986
2026-02-11 15:52:13,176 - tmp_aug_test_seed22 - INFO - [Validation] EPOCH: 16  acc = 85.0258, best_acc = 85.5422
2026-02-11 15:52:19,930 - tmp_aug_test_seed22 - INFO - [Training] EPOCH: 17 EpochTime = 6.752 (s) Losses = ['0.5651', '80.5990'] lr = 0.001984
2026-02-11 15:52:21,541 - tmp_aug_test_seed22 - INFO - [Validation] EPOCH: 17  acc = 84.3373, best_acc = 85.5422
2026-02-11 15:52:28,194 - tmp_aug_test_seed22 - INFO - [Training] EPOCH: 18 EpochTime = 6.651 (s) Losses = ['0.5441', '81.6840'] lr = 0.001982
2026-02-11 15:52:29,841 - tmp_aug_test_seed22 - INFO - [Validation] EPOCH: 18  acc = 83.9931, best_acc = 85.5422
2026-02-11 15:52:37,014 - tmp_aug_test_seed22 - INFO - [Training] EPOCH: 19 EpochTime = 7.171 (s) Losses = ['0.5149', '82.4219'] lr = 0.001980
2026-02-11 15:52:38,705 - tmp_aug_test_seed22 - INFO - [Validation] EPOCH: 19  acc = 86.7470, best_acc = 86.7470
2026-02-11 15:52:45,678 - tmp_aug_test_seed22 - INFO - [Training] EPOCH: 20 EpochTime = 6.971 (s) Losses = ['0.5023', '82.8993'] lr = 0.001978
2026-02-11 15:52:47,355 - tmp_aug_test_seed22 - INFO - [Validation] EPOCH: 20  acc = 86.9191, best_acc = 86.9191
2026-02-11 15:52:54,541 - tmp_aug_test_seed22 - INFO - [Training] EPOCH: 21 EpochTime = 7.183 (s) Losses = ['0.5237', '82.8125'] lr = 0.001976
2026-02-11 15:52:56,469 - tmp_aug_test_seed22 - INFO - [Validation] EPOCH: 21  acc = 85.1979, best_acc = 86.9191
2026-02-11 15:53:03,662 - tmp_aug_test_seed22 - INFO - [Training] EPOCH: 22 EpochTime = 7.191 (s) Losses = ['0.4908', '83.3767'] lr = 0.001974
2026-02-11 15:53:05,513 - tmp_aug_test_seed22 - INFO - [Validation] EPOCH: 22  acc = 83.9931, best_acc = 86.9191
2026-02-11 15:53:12,610 - tmp_aug_test_seed22 - INFO - [Training] EPOCH: 23 EpochTime = 7.095 (s) Losses = ['0.4941', '82.8993'] lr = 0.001971
2026-02-11 15:53:14,469 - tmp_aug_test_seed22 - INFO - [Validation] EPOCH: 23  acc = 84.5095, best_acc = 86.9191
2026-02-11 15:53:21,335 - tmp_aug_test_seed22 - INFO - [Training] EPOCH: 24 EpochTime = 6.864 (s) Losses = ['0.5173', '83.0295'] lr = 0.001969
2026-02-11 15:53:23,555 - tmp_aug_test_seed22 - INFO - [Validation] EPOCH: 24  acc = 84.6816, best_acc = 86.9191
2026-02-11 15:53:30,464 - tmp_aug_test_seed22 - INFO - [Training] EPOCH: 25 EpochTime = 6.906 (s) Losses = ['0.5225', '83.2899'] lr = 0.001966
2026-02-11 15:53:32,272 - tmp_aug_test_seed22 - INFO - [Validation] EPOCH: 25  acc = 86.7470, best_acc = 86.9191
2026-02-11 15:53:39,341 - tmp_aug_test_seed22 - INFO - [Training] EPOCH: 26 EpochTime = 7.066 (s) Losses = ['0.4743', '84.2882'] lr = 0.001963
2026-02-11 15:53:41,372 - tmp_aug_test_seed22 - INFO - [Validation] EPOCH: 26  acc = 86.5749, best_acc = 86.9191
2026-02-11 15:53:48,505 - tmp_aug_test_seed22 - INFO - [Training] EPOCH: 27 EpochTime = 7.131 (s) Losses = ['0.4461', '84.6354'] lr = 0.001960
2026-02-11 15:53:50,427 - tmp_aug_test_seed22 - INFO - [Validation] EPOCH: 27  acc = 86.9191, best_acc = 86.9191
2026-02-11 15:53:57,321 - tmp_aug_test_seed22 - INFO - [Training] EPOCH: 28 EpochTime = 6.891 (s) Losses = ['0.4536', '84.6788'] lr = 0.001957
2026-02-11 15:53:59,341 - tmp_aug_test_seed22 - INFO - [Validation] EPOCH: 28  acc = 83.9931, best_acc = 86.9191
2026-02-11 15:54:06,499 - tmp_aug_test_seed22 - INFO - [Training] EPOCH: 29 EpochTime = 7.155 (s) Losses = ['0.4465', '85.7639'] lr = 0.001954
2026-02-11 15:54:08,410 - tmp_aug_test_seed22 - INFO - [Validation] EPOCH: 29  acc = 86.5749, best_acc = 86.9191
2026-02-11 15:54:15,365 - tmp_aug_test_seed22 - INFO - [Training] EPOCH: 30 EpochTime = 6.953 (s) Losses = ['0.4366', '85.0694'] lr = 0.001951
2026-02-11 15:54:17,336 - tmp_aug_test_seed22 - INFO - [Validation] EPOCH: 30  acc = 87.2633, best_acc = 87.2633
2026-02-11 15:54:24,468 - tmp_aug_test_seed22 - INFO - [Training] EPOCH: 31 EpochTime = 7.129 (s) Losses = ['0.4632', '84.6354'] lr = 0.001948
2026-02-11 15:54:26,433 - tmp_aug_test_seed22 - INFO - [Validation] EPOCH: 31  acc = 87.6076, best_acc = 87.6076
2026-02-11 15:54:33,085 - tmp_aug_test_seed22 - INFO - [Training] EPOCH: 32 EpochTime = 6.646 (s) Losses = ['0.4540', '83.7240'] lr = 0.001944
2026-02-11 15:54:34,919 - tmp_aug_test_seed22 - INFO - [Validation] EPOCH: 32  acc = 88.6403, best_acc = 88.6403
2026-02-11 15:54:41,338 - tmp_aug_test_seed22 - INFO - [Training] EPOCH: 33 EpochTime = 6.415 (s) Losses = ['0.4442', '85.2431'] lr = 0.001941
2026-02-11 15:54:43,213 - tmp_aug_test_seed22 - INFO - [Validation] EPOCH: 33  acc = 86.2306, best_acc = 88.6403
2026-02-11 15:54:49,989 - tmp_aug_test_seed22 - INFO - [Training] EPOCH: 34 EpochTime = 6.773 (s) Losses = ['0.4337', '85.6337'] lr = 0.001937
2026-02-11 15:54:52,163 - tmp_aug_test_seed22 - INFO - [Validation] EPOCH: 34  acc = 87.0912, best_acc = 88.6403
2026-02-11 15:54:59,359 - tmp_aug_test_seed22 - INFO - [Training] EPOCH: 35 EpochTime = 7.193 (s) Losses = ['0.4370', '85.3733'] lr = 0.001934
2026-02-11 15:55:01,335 - tmp_aug_test_seed22 - INFO - [Validation] EPOCH: 35  acc = 86.7470, best_acc = 88.6403
2026-02-11 15:55:08,399 - tmp_aug_test_seed22 - INFO - [Training] EPOCH: 36 EpochTime = 7.061 (s) Losses = ['0.4168', '85.7205'] lr = 0.001930
2026-02-11 15:55:10,759 - tmp_aug_test_seed22 - INFO - [Validation] EPOCH: 36  acc = 86.0585, best_acc = 88.6403
2026-02-11 15:55:17,982 - tmp_aug_test_seed22 - INFO - [Training] EPOCH: 37 EpochTime = 7.221 (s) Losses = ['0.4257', '85.3733'] lr = 0.001926
2026-02-11 15:55:20,457 - tmp_aug_test_seed22 - INFO - [Validation] EPOCH: 37  acc = 86.0585, best_acc = 88.6403
2026-02-11 15:55:27,725 - tmp_aug_test_seed22 - INFO - [Training] EPOCH: 38 EpochTime = 7.266 (s) Losses = ['0.4139', '86.3715'] lr = 0.001922
2026-02-11 15:55:30,237 - tmp_aug_test_seed22 - INFO - [Validation] EPOCH: 38  acc = 88.9845, best_acc = 88.9845
2026-02-11 15:55:36,851 - tmp_aug_test_seed22 - INFO - [Training] EPOCH: 39 EpochTime = 6.609 (s) Losses = ['0.4166', '86.1545'] lr = 0.001918
2026-02-11 15:55:39,384 - tmp_aug_test_seed22 - INFO - [Validation] EPOCH: 39  acc = 86.7470, best_acc = 88.9845
2026-02-11 15:55:46,031 - tmp_aug_test_seed22 - INFO - [Training] EPOCH: 40 EpochTime = 6.645 (s) Losses = ['0.4089', '85.6771'] lr = 0.001914
2026-02-11 15:55:48,517 - tmp_aug_test_seed22 - INFO - [Validation] EPOCH: 40  acc = 88.1239, best_acc = 88.9845
2026-02-11 15:55:55,694 - tmp_aug_test_seed22 - INFO - [Training] EPOCH: 41 EpochTime = 7.169 (s) Losses = ['0.4182', '85.7205'] lr = 0.001909
2026-02-11 15:55:57,780 - tmp_aug_test_seed22 - INFO - [Validation] EPOCH: 41  acc = 88.6403, best_acc = 88.9845
2026-02-11 15:56:04,870 - tmp_aug_test_seed22 - INFO - [Training] EPOCH: 42 EpochTime = 7.088 (s) Losses = ['0.4029', '85.9375'] lr = 0.001905
2026-02-11 15:56:06,909 - tmp_aug_test_seed22 - INFO - [Validation] EPOCH: 42  acc = 88.2960, best_acc = 88.9845
2026-02-11 15:56:13,772 - tmp_aug_test_seed22 - INFO - [Training] EPOCH: 43 EpochTime = 6.860 (s) Losses = ['0.3903', '86.8924'] lr = 0.001900
2026-02-11 15:56:15,928 - tmp_aug_test_seed22 - INFO - [Validation] EPOCH: 43  acc = 89.5009, best_acc = 89.5009
2026-02-11 15:56:23,541 - tmp_aug_test_seed22 - INFO - [Training] EPOCH: 44 EpochTime = 7.610 (s) Losses = ['0.4044', '86.1111'] lr = 0.001896
2026-02-11 15:56:25,625 - tmp_aug_test_seed22 - INFO - [Validation] EPOCH: 44  acc = 87.7797, best_acc = 89.5009
2026-02-11 15:56:32,565 - tmp_aug_test_seed22 - INFO - [Training] EPOCH: 45 EpochTime = 6.938 (s) Losses = ['0.4327', '85.4601'] lr = 0.001891
2026-02-11 15:56:34,641 - tmp_aug_test_seed22 - INFO - [Validation] EPOCH: 45  acc = 87.9518, best_acc = 89.5009
2026-02-11 15:56:41,958 - tmp_aug_test_seed22 - INFO - [Training] EPOCH: 46 EpochTime = 7.314 (s) Losses = ['0.3957', '86.6319'] lr = 0.001886
2026-02-11 15:56:43,634 - tmp_aug_test_seed22 - INFO - [Validation] EPOCH: 46  acc = 87.0912, best_acc = 89.5009
2026-02-11 15:56:50,926 - tmp_aug_test_seed22 - INFO - [Training] EPOCH: 47 EpochTime = 7.289 (s) Losses = ['0.3923', '86.6319'] lr = 0.001881
2026-02-11 15:56:52,742 - tmp_aug_test_seed22 - INFO - [Validation] EPOCH: 47  acc = 87.9518, best_acc = 89.5009
2026-02-11 15:56:59,612 - tmp_aug_test_seed22 - INFO - [Training] EPOCH: 48 EpochTime = 6.868 (s) Losses = ['0.3744', '87.5434'] lr = 0.001876
2026-02-11 15:57:01,263 - tmp_aug_test_seed22 - INFO - [Validation] EPOCH: 48  acc = 88.4682, best_acc = 89.5009
2026-02-11 15:57:08,539 - tmp_aug_test_seed22 - INFO - [Training] EPOCH: 49 EpochTime = 7.273 (s) Losses = ['0.3923', '86.3281'] lr = 0.001871
2026-02-11 15:57:10,360 - tmp_aug_test_seed22 - INFO - [Validation] EPOCH: 49  acc = 86.4028, best_acc = 89.5009
2026-02-11 15:57:17,262 - tmp_aug_test_seed22 - INFO - [Training] EPOCH: 50 EpochTime = 6.898 (s) Losses = ['0.3900', '86.0677'] lr = 0.001866
2026-02-11 15:57:18,953 - tmp_aug_test_seed22 - INFO - [Validation] EPOCH: 50  acc = 87.7797, best_acc = 89.5009
2026-02-11 15:57:26,335 - tmp_aug_test_seed22 - INFO - [Training] EPOCH: 51 EpochTime = 7.380 (s) Losses = ['0.3697', '87.8906'] lr = 0.001861
2026-02-11 15:57:28,034 - tmp_aug_test_seed22 - INFO - [Validation] EPOCH: 51  acc = 87.2633, best_acc = 89.5009
2026-02-11 15:57:35,430 - tmp_aug_test_seed22 - INFO - [Training] EPOCH: 52 EpochTime = 7.394 (s) Losses = ['0.3771', '86.4583'] lr = 0.001855
2026-02-11 15:57:37,514 - tmp_aug_test_seed22 - INFO - [Validation] EPOCH: 52  acc = 88.2960, best_acc = 89.5009
2026-02-11 15:57:45,308 - tmp_aug_test_seed22 - INFO - [Training] EPOCH: 53 EpochTime = 7.791 (s) Losses = ['0.3657', '88.0208'] lr = 0.001850
2026-02-11 15:57:46,853 - tmp_aug_test_seed22 - INFO - [Validation] EPOCH: 53  acc = 87.6076, best_acc = 89.5009
2026-02-11 15:57:53,754 - tmp_aug_test_seed22 - INFO - [Training] EPOCH: 54 EpochTime = 6.897 (s) Losses = ['0.3453', '88.0208'] lr = 0.001844
2026-02-11 15:57:55,584 - tmp_aug_test_seed22 - INFO - [Validation] EPOCH: 54  acc = 86.2306, best_acc = 89.5009
2026-02-11 15:58:02,836 - tmp_aug_test_seed22 - INFO - [Training] EPOCH: 55 EpochTime = 7.250 (s) Losses = ['0.3947', '86.6753'] lr = 0.001839
2026-02-11 15:58:04,431 - tmp_aug_test_seed22 - INFO - [Validation] EPOCH: 55  acc = 87.2633, best_acc = 89.5009
2026-02-11 15:58:11,859 - tmp_aug_test_seed22 - INFO - [Training] EPOCH: 56 EpochTime = 7.425 (s) Losses = ['0.3867', '86.3281'] lr = 0.001833
2026-02-11 15:58:13,827 - tmp_aug_test_seed22 - INFO - [Validation] EPOCH: 56  acc = 88.2960, best_acc = 89.5009
2026-02-11 15:58:21,053 - tmp_aug_test_seed22 - INFO - [Training] EPOCH: 57 EpochTime = 7.225 (s) Losses = ['0.3717', '87.2396'] lr = 0.001827
2026-02-11 15:58:23,109 - tmp_aug_test_seed22 - INFO - [Validation] EPOCH: 57  acc = 87.7797, best_acc = 89.5009
2026-02-11 15:58:30,273 - tmp_aug_test_seed22 - INFO - [Training] EPOCH: 58 EpochTime = 7.157 (s) Losses = ['0.3531', '87.5000'] lr = 0.001821
2026-02-11 15:58:32,590 - tmp_aug_test_seed22 - INFO - [Validation] EPOCH: 58  acc = 89.5009, best_acc = 89.5009
2026-02-11 15:58:39,383 - tmp_aug_test_seed22 - INFO - [Training] EPOCH: 59 EpochTime = 6.791 (s) Losses = ['0.3638', '87.6302'] lr = 0.001815
2026-02-11 15:58:41,708 - tmp_aug_test_seed22 - INFO - [Validation] EPOCH: 59  acc = 88.8124, best_acc = 89.5009
2026-02-11 15:58:48,380 - tmp_aug_test_seed22 - INFO - [Training] EPOCH: 60 EpochTime = 6.670 (s) Losses = ['0.3618', '87.8906'] lr = 0.001809
2026-02-11 15:58:50,904 - tmp_aug_test_seed22 - INFO - [Validation] EPOCH: 60  acc = 88.8124, best_acc = 89.5009
2026-02-11 15:58:57,820 - tmp_aug_test_seed22 - INFO - [Training] EPOCH: 61 EpochTime = 6.913 (s) Losses = ['0.3669', '87.8472'] lr = 0.001803
2026-02-11 15:59:00,136 - tmp_aug_test_seed22 - INFO - [Validation] EPOCH: 61  acc = 86.4028, best_acc = 89.5009
2026-02-11 15:59:06,651 - tmp_aug_test_seed22 - INFO - [Training] EPOCH: 62 EpochTime = 6.512 (s) Losses = ['0.3878', '86.3281'] lr = 0.001797
2026-02-11 15:59:08,282 - tmp_aug_test_seed22 - INFO - [Validation] EPOCH: 62  acc = 86.2306, best_acc = 89.5009
2026-02-11 15:59:14,957 - tmp_aug_test_seed22 - INFO - [Training] EPOCH: 63 EpochTime = 6.671 (s) Losses = ['0.3503', '87.8472'] lr = 0.001790
2026-02-11 15:59:17,231 - tmp_aug_test_seed22 - INFO - [Validation] EPOCH: 63  acc = 87.7797, best_acc = 89.5009
2026-02-11 15:59:24,049 - tmp_aug_test_seed22 - INFO - [Training] EPOCH: 64 EpochTime = 6.814 (s) Losses = ['0.3900', '86.7188'] lr = 0.001784
2026-02-11 15:59:26,319 - tmp_aug_test_seed22 - INFO - [Validation] EPOCH: 64  acc = 88.2960, best_acc = 89.5009
2026-02-11 15:59:32,891 - tmp_aug_test_seed22 - INFO - [Training] EPOCH: 65 EpochTime = 6.570 (s) Losses = ['0.3376', '88.8455'] lr = 0.001777
2026-02-11 15:59:35,051 - tmp_aug_test_seed22 - INFO - [Validation] EPOCH: 65  acc = 88.1239, best_acc = 89.5009
2026-02-11 15:59:42,175 - tmp_aug_test_seed22 - INFO - [Training] EPOCH: 66 EpochTime = 7.122 (s) Losses = ['0.3860', '87.1528'] lr = 0.001771
2026-02-11 15:59:44,288 - tmp_aug_test_seed22 - INFO - [Validation] EPOCH: 66  acc = 86.0585, best_acc = 89.5009
2026-02-11 15:59:51,457 - tmp_aug_test_seed22 - INFO - [Training] EPOCH: 67 EpochTime = 7.166 (s) Losses = ['0.3487', '88.6719'] lr = 0.001764
2026-02-11 15:59:53,574 - tmp_aug_test_seed22 - INFO - [Validation] EPOCH: 67  acc = 87.9518, best_acc = 89.5009
2026-02-11 16:00:01,109 - tmp_aug_test_seed22 - INFO - [Training] EPOCH: 68 EpochTime = 7.532 (s) Losses = ['0.3535', '88.4983'] lr = 0.001757
2026-02-11 16:00:03,050 - tmp_aug_test_seed22 - INFO - [Validation] EPOCH: 68  acc = 89.1566, best_acc = 89.5009
2026-02-11 16:00:10,488 - tmp_aug_test_seed22 - INFO - [Training] EPOCH: 69 EpochTime = 7.435 (s) Losses = ['0.3423', '88.3247'] lr = 0.001750
2026-02-11 16:00:12,667 - tmp_aug_test_seed22 - INFO - [Validation] EPOCH: 69  acc = 89.1566, best_acc = 89.5009
2026-02-11 16:00:20,162 - tmp_aug_test_seed22 - INFO - [Training] EPOCH: 70 EpochTime = 7.493 (s) Losses = ['0.3328', '87.6302'] lr = 0.001743
2026-02-11 16:00:21,960 - tmp_aug_test_seed22 - INFO - [Validation] EPOCH: 70  acc = 87.7797, best_acc = 89.5009
2026-02-11 16:00:29,017 - tmp_aug_test_seed22 - INFO - [Training] EPOCH: 71 EpochTime = 7.053 (s) Losses = ['0.3295', '88.4549'] lr = 0.001736
2026-02-11 16:00:30,845 - tmp_aug_test_seed22 - INFO - [Validation] EPOCH: 71  acc = 88.9845, best_acc = 89.5009
2026-02-11 16:00:37,959 - tmp_aug_test_seed22 - INFO - [Training] EPOCH: 72 EpochTime = 7.112 (s) Losses = ['0.3460', '87.5868'] lr = 0.001729
2026-02-11 16:00:39,910 - tmp_aug_test_seed22 - INFO - [Validation] EPOCH: 72  acc = 87.9518, best_acc = 89.5009
2026-02-11 16:00:47,447 - tmp_aug_test_seed22 - INFO - [Training] EPOCH: 73 EpochTime = 7.534 (s) Losses = ['0.3205', '88.8889'] lr = 0.001722
2026-02-11 16:00:49,398 - tmp_aug_test_seed22 - INFO - [Validation] EPOCH: 73  acc = 89.3287, best_acc = 89.5009
2026-02-11 16:00:56,327 - tmp_aug_test_seed22 - INFO - [Training] EPOCH: 74 EpochTime = 6.927 (s) Losses = ['0.3331', '88.2812'] lr = 0.001715
2026-02-11 16:00:58,179 - tmp_aug_test_seed22 - INFO - [Validation] EPOCH: 74  acc = 88.4682, best_acc = 89.5009
2026-02-11 16:01:05,473 - tmp_aug_test_seed22 - INFO - [Training] EPOCH: 75 EpochTime = 7.292 (s) Losses = ['0.3238', '88.4549'] lr = 0.001707
2026-02-11 16:01:07,154 - tmp_aug_test_seed22 - INFO - [Validation] EPOCH: 75  acc = 86.9191, best_acc = 89.5009
2026-02-11 16:01:13,753 - tmp_aug_test_seed22 - INFO - [Training] EPOCH: 76 EpochTime = 6.596 (s) Losses = ['0.3552', '88.0642'] lr = 0.001700
2026-02-11 16:01:15,529 - tmp_aug_test_seed22 - INFO - [Validation] EPOCH: 76  acc = 90.0172, best_acc = 90.0172
2026-02-11 16:01:22,835 - tmp_aug_test_seed22 - INFO - [Training] EPOCH: 77 EpochTime = 7.301 (s) Losses = ['0.3311', '88.0642'] lr = 0.001692
2026-02-11 16:01:24,597 - tmp_aug_test_seed22 - INFO - [Validation] EPOCH: 77  acc = 86.9191, best_acc = 90.0172
2026-02-11 16:01:31,614 - tmp_aug_test_seed22 - INFO - [Training] EPOCH: 78 EpochTime = 7.015 (s) Losses = ['0.3047', '89.6701'] lr = 0.001685
2026-02-11 16:01:33,376 - tmp_aug_test_seed22 - INFO - [Validation] EPOCH: 78  acc = 89.6730, best_acc = 90.0172
2026-02-11 16:01:40,757 - tmp_aug_test_seed22 - INFO - [Training] EPOCH: 79 EpochTime = 7.377 (s) Losses = ['0.3041', '89.1059'] lr = 0.001677
2026-02-11 16:01:42,462 - tmp_aug_test_seed22 - INFO - [Validation] EPOCH: 79  acc = 88.8124, best_acc = 90.0172
2026-02-11 16:01:49,973 - tmp_aug_test_seed22 - INFO - [Training] EPOCH: 80 EpochTime = 7.509 (s) Losses = ['0.3134', '89.1927'] lr = 0.001669
2026-02-11 16:01:51,759 - tmp_aug_test_seed22 - INFO - [Validation] EPOCH: 80  acc = 90.3614, best_acc = 90.3614
2026-02-11 16:01:59,395 - tmp_aug_test_seed22 - INFO - [Training] EPOCH: 81 EpochTime = 7.633 (s) Losses = ['0.3115', '89.8438'] lr = 0.001661
2026-02-11 16:02:01,040 - tmp_aug_test_seed22 - INFO - [Validation] EPOCH: 81  acc = 89.3287, best_acc = 90.3614
2026-02-11 16:02:07,951 - tmp_aug_test_seed22 - INFO - [Training] EPOCH: 82 EpochTime = 6.909 (s) Losses = ['0.2958', '89.7135'] lr = 0.001654
2026-02-11 16:02:09,817 - tmp_aug_test_seed22 - INFO - [Validation] EPOCH: 82  acc = 89.3287, best_acc = 90.3614
2026-02-11 16:02:17,059 - tmp_aug_test_seed22 - INFO - [Training] EPOCH: 83 EpochTime = 7.240 (s) Losses = ['0.3033', '90.0174'] lr = 0.001646
2026-02-11 16:02:19,026 - tmp_aug_test_seed22 - INFO - [Validation] EPOCH: 83  acc = 90.1893, best_acc = 90.3614
2026-02-11 16:02:26,389 - tmp_aug_test_seed22 - INFO - [Training] EPOCH: 84 EpochTime = 7.360 (s) Losses = ['0.2846', '89.9306'] lr = 0.001638
2026-02-11 16:02:28,360 - tmp_aug_test_seed22 - INFO - [Validation] EPOCH: 84  acc = 91.2220, best_acc = 91.2220
2026-02-11 16:02:35,148 - tmp_aug_test_seed22 - INFO - [Training] EPOCH: 85 EpochTime = 6.783 (s) Losses = ['0.2814', '90.3212'] lr = 0.001630
2026-02-11 16:02:37,203 - tmp_aug_test_seed22 - INFO - [Validation] EPOCH: 85  acc = 89.3287, best_acc = 91.2220
2026-02-11 16:02:44,537 - tmp_aug_test_seed22 - INFO - [Training] EPOCH: 86 EpochTime = 7.333 (s) Losses = ['0.2900', '90.0174'] lr = 0.001621
2026-02-11 16:02:46,707 - tmp_aug_test_seed22 - INFO - [Validation] EPOCH: 86  acc = 88.6403, best_acc = 91.2220
2026-02-11 16:02:54,104 - tmp_aug_test_seed22 - INFO - [Training] EPOCH: 87 EpochTime = 7.396 (s) Losses = ['0.3245', '89.8003'] lr = 0.001613
2026-02-11 16:02:56,507 - tmp_aug_test_seed22 - INFO - [Validation] EPOCH: 87  acc = 89.3287, best_acc = 91.2220
2026-02-11 16:03:02,979 - tmp_aug_test_seed22 - INFO - [Training] EPOCH: 88 EpochTime = 6.470 (s) Losses = ['0.2988', '90.1910'] lr = 0.001605
2026-02-11 16:03:05,313 - tmp_aug_test_seed22 - INFO - [Validation] EPOCH: 88  acc = 88.6403, best_acc = 91.2220
2026-02-11 16:03:12,587 - tmp_aug_test_seed22 - INFO - [Training] EPOCH: 89 EpochTime = 7.272 (s) Losses = ['0.3064', '90.1042'] lr = 0.001596
2026-02-11 16:03:15,131 - tmp_aug_test_seed22 - INFO - [Validation] EPOCH: 89  acc = 87.7797, best_acc = 91.2220
2026-02-11 16:03:22,143 - tmp_aug_test_seed22 - INFO - [Training] EPOCH: 90 EpochTime = 7.010 (s) Losses = ['0.2998', '89.9306'] lr = 0.001588
2026-02-11 16:03:24,119 - tmp_aug_test_seed22 - INFO - [Validation] EPOCH: 90  acc = 88.6403, best_acc = 91.2220
2026-02-11 16:03:31,051 - tmp_aug_test_seed22 - INFO - [Training] EPOCH: 91 EpochTime = 6.929 (s) Losses = ['0.3232', '88.4549'] lr = 0.001579
2026-02-11 16:03:33,134 - tmp_aug_test_seed22 - INFO - [Validation] EPOCH: 91  acc = 90.0172, best_acc = 91.2220
2026-02-11 16:03:40,402 - tmp_aug_test_seed22 - INFO - [Training] EPOCH: 92 EpochTime = 7.265 (s) Losses = ['0.2987', '90.3646'] lr = 0.001571
2026-02-11 16:03:42,443 - tmp_aug_test_seed22 - INFO - [Validation] EPOCH: 92  acc = 89.5009, best_acc = 91.2220
2026-02-11 16:03:49,337 - tmp_aug_test_seed22 - INFO - [Training] EPOCH: 93 EpochTime = 6.892 (s) Losses = ['0.3172', '89.3663'] lr = 0.001562
2026-02-11 16:03:51,283 - tmp_aug_test_seed22 - INFO - [Validation] EPOCH: 93  acc = 90.1893, best_acc = 91.2220
2026-02-11 16:03:58,236 - tmp_aug_test_seed22 - INFO - [Training] EPOCH: 94 EpochTime = 6.950 (s) Losses = ['0.2871', '90.9722'] lr = 0.001554
2026-02-11 16:04:00,479 - tmp_aug_test_seed22 - INFO - [Validation] EPOCH: 94  acc = 88.9845, best_acc = 91.2220
2026-02-11 16:04:07,846 - tmp_aug_test_seed22 - INFO - [Training] EPOCH: 95 EpochTime = 7.364 (s) Losses = ['0.2700', '90.3212'] lr = 0.001545
2026-02-11 16:04:10,033 - tmp_aug_test_seed22 - INFO - [Validation] EPOCH: 95  acc = 89.3287, best_acc = 91.2220
2026-02-11 16:04:17,223 - tmp_aug_test_seed22 - INFO - [Training] EPOCH: 96 EpochTime = 7.188 (s) Losses = ['0.2766', '90.1476'] lr = 0.001536
2026-02-11 16:04:19,409 - tmp_aug_test_seed22 - INFO - [Validation] EPOCH: 96  acc = 89.8451, best_acc = 91.2220
2026-02-11 16:04:26,759 - tmp_aug_test_seed22 - INFO - [Training] EPOCH: 97 EpochTime = 7.347 (s) Losses = ['0.2658', '90.6250'] lr = 0.001527
2026-02-11 16:04:28,805 - tmp_aug_test_seed22 - INFO - [Validation] EPOCH: 97  acc = 88.2960, best_acc = 91.2220
2026-02-11 16:04:35,609 - tmp_aug_test_seed22 - INFO - [Training] EPOCH: 98 EpochTime = 6.802 (s) Losses = ['0.3018', '90.2778'] lr = 0.001518
2026-02-11 16:04:37,807 - tmp_aug_test_seed22 - INFO - [Validation] EPOCH: 98  acc = 88.2960, best_acc = 91.2220
2026-02-11 16:04:45,228 - tmp_aug_test_seed22 - INFO - [Training] EPOCH: 99 EpochTime = 7.419 (s) Losses = ['0.2841', '90.0174'] lr = 0.001509
2026-02-11 16:04:47,250 - tmp_aug_test_seed22 - INFO - [Validation] EPOCH: 99  acc = 90.0172, best_acc = 91.2220
2026-02-11 16:04:54,341 - tmp_aug_test_seed22 - INFO - [Training] EPOCH: 100 EpochTime = 7.088 (s) Losses = ['0.2879', '90.2778'] lr = 0.001500
2026-02-11 16:04:56,327 - tmp_aug_test_seed22 - INFO - [Validation] EPOCH: 100  acc = 89.1566, best_acc = 91.2220
2026-02-11 16:05:03,399 - tmp_aug_test_seed22 - INFO - [Training] EPOCH: 101 EpochTime = 7.070 (s) Losses = ['0.2746', '90.1910'] lr = 0.001491
2026-02-11 16:05:05,370 - tmp_aug_test_seed22 - INFO - [Validation] EPOCH: 101  acc = 90.0172, best_acc = 91.2220
2026-02-11 16:05:12,812 - tmp_aug_test_seed22 - INFO - [Training] EPOCH: 102 EpochTime = 7.439 (s) Losses = ['0.2634', '91.0156'] lr = 0.001482
2026-02-11 16:05:14,666 - tmp_aug_test_seed22 - INFO - [Validation] EPOCH: 102  acc = 89.6730, best_acc = 91.2220
2026-02-11 16:05:21,495 - tmp_aug_test_seed22 - INFO - [Training] EPOCH: 103 EpochTime = 6.826 (s) Losses = ['0.2948', '89.9306'] lr = 0.001473
2026-02-11 16:05:23,315 - tmp_aug_test_seed22 - INFO - [Validation] EPOCH: 103  acc = 88.4682, best_acc = 91.2220
2026-02-11 16:05:30,348 - tmp_aug_test_seed22 - INFO - [Training] EPOCH: 104 EpochTime = 7.031 (s) Losses = ['0.2691', '90.7986'] lr = 0.001464
2026-02-11 16:05:32,176 - tmp_aug_test_seed22 - INFO - [Validation] EPOCH: 104  acc = 88.6403, best_acc = 91.2220
2026-02-11 16:05:39,563 - tmp_aug_test_seed22 - INFO - [Training] EPOCH: 105 EpochTime = 7.385 (s) Losses = ['0.2833', '90.4080'] lr = 0.001454
2026-02-11 16:05:41,300 - tmp_aug_test_seed22 - INFO - [Validation] EPOCH: 105  acc = 88.6403, best_acc = 91.2220
2026-02-11 16:05:48,524 - tmp_aug_test_seed22 - INFO - [Training] EPOCH: 106 EpochTime = 7.221 (s) Losses = ['0.2681', '90.7552'] lr = 0.001445
2026-02-11 16:05:50,192 - tmp_aug_test_seed22 - INFO - [Validation] EPOCH: 106  acc = 89.1566, best_acc = 91.2220
2026-02-11 16:05:57,641 - tmp_aug_test_seed22 - INFO - [Training] EPOCH: 107 EpochTime = 7.446 (s) Losses = ['0.2867', '90.2344'] lr = 0.001436
2026-02-11 16:05:59,530 - tmp_aug_test_seed22 - INFO - [Validation] EPOCH: 107  acc = 90.3614, best_acc = 91.2220
2026-02-11 16:06:06,564 - tmp_aug_test_seed22 - INFO - [Training] EPOCH: 108 EpochTime = 7.031 (s) Losses = ['0.2456', '91.7969'] lr = 0.001426
2026-02-11 16:06:08,292 - tmp_aug_test_seed22 - INFO - [Validation] EPOCH: 108  acc = 90.0172, best_acc = 91.2220
2026-02-11 16:06:15,768 - tmp_aug_test_seed22 - INFO - [Training] EPOCH: 109 EpochTime = 7.472 (s) Losses = ['0.2610', '91.7969'] lr = 0.001417
2026-02-11 16:06:17,574 - tmp_aug_test_seed22 - INFO - [Validation] EPOCH: 109  acc = 90.7057, best_acc = 91.2220
2026-02-11 16:06:24,944 - tmp_aug_test_seed22 - INFO - [Training] EPOCH: 110 EpochTime = 7.368 (s) Losses = ['0.2764', '90.5816'] lr = 0.001407
2026-02-11 16:06:26,990 - tmp_aug_test_seed22 - INFO - [Validation] EPOCH: 110  acc = 87.0912, best_acc = 91.2220
2026-02-11 16:06:33,466 - tmp_aug_test_seed22 - INFO - [Training] EPOCH: 111 EpochTime = 6.473 (s) Losses = ['0.2872', '90.0174'] lr = 0.001397
2026-02-11 16:06:35,402 - tmp_aug_test_seed22 - INFO - [Validation] EPOCH: 111  acc = 89.3287, best_acc = 91.2220
2026-02-11 16:06:42,242 - tmp_aug_test_seed22 - INFO - [Training] EPOCH: 112 EpochTime = 6.838 (s) Losses = ['0.2773', '90.9288'] lr = 0.001388
2026-02-11 16:06:44,464 - tmp_aug_test_seed22 - INFO - [Validation] EPOCH: 112  acc = 87.9518, best_acc = 91.2220
2026-02-11 16:06:51,389 - tmp_aug_test_seed22 - INFO - [Training] EPOCH: 113 EpochTime = 6.922 (s) Losses = ['0.2611', '90.4948'] lr = 0.001378
2026-02-11 16:06:53,039 - tmp_aug_test_seed22 - INFO - [Validation] EPOCH: 113  acc = 90.0172, best_acc = 91.2220
2026-02-11 16:06:59,625 - tmp_aug_test_seed22 - INFO - [Training] EPOCH: 114 EpochTime = 6.584 (s) Losses = ['0.2803', '90.4080'] lr = 0.001368
2026-02-11 16:07:01,596 - tmp_aug_test_seed22 - INFO - [Validation] EPOCH: 114  acc = 90.3614, best_acc = 91.2220
2026-02-11 16:07:08,793 - tmp_aug_test_seed22 - INFO - [Training] EPOCH: 115 EpochTime = 7.194 (s) Losses = ['0.2566', '91.2760'] lr = 0.001359
2026-02-11 16:07:10,879 - tmp_aug_test_seed22 - INFO - [Validation] EPOCH: 115  acc = 90.5336, best_acc = 91.2220
2026-02-11 16:07:18,127 - tmp_aug_test_seed22 - INFO - [Training] EPOCH: 116 EpochTime = 7.246 (s) Losses = ['0.2756', '90.2344'] lr = 0.001349
2026-02-11 16:07:20,100 - tmp_aug_test_seed22 - INFO - [Validation] EPOCH: 116  acc = 90.5336, best_acc = 91.2220
2026-02-11 16:07:27,155 - tmp_aug_test_seed22 - INFO - [Training] EPOCH: 117 EpochTime = 7.052 (s) Losses = ['0.2578', '90.9288'] lr = 0.001339
2026-02-11 16:07:29,288 - tmp_aug_test_seed22 - INFO - [Validation] EPOCH: 117  acc = 88.9845, best_acc = 91.2220
2026-02-11 16:07:36,279 - tmp_aug_test_seed22 - INFO - [Training] EPOCH: 118 EpochTime = 6.989 (s) Losses = ['0.2396', '91.6667'] lr = 0.001329
2026-02-11 16:07:38,367 - tmp_aug_test_seed22 - INFO - [Validation] EPOCH: 118  acc = 89.6730, best_acc = 91.2220
2026-02-11 16:07:45,492 - tmp_aug_test_seed22 - INFO - [Training] EPOCH: 119 EpochTime = 7.123 (s) Losses = ['0.2542', '91.3628'] lr = 0.001319
2026-02-11 16:07:47,560 - tmp_aug_test_seed22 - INFO - [Validation] EPOCH: 119  acc = 90.0172, best_acc = 91.2220
2026-02-11 16:07:54,528 - tmp_aug_test_seed22 - INFO - [Training] EPOCH: 120 EpochTime = 6.966 (s) Losses = ['0.2832', '90.4948'] lr = 0.001309
2026-02-11 16:07:56,417 - tmp_aug_test_seed22 - INFO - [Validation] EPOCH: 120  acc = 89.6730, best_acc = 91.2220
2026-02-11 16:08:03,518 - tmp_aug_test_seed22 - INFO - [Training] EPOCH: 121 EpochTime = 7.098 (s) Losses = ['0.2460', '92.1875'] lr = 0.001299
2026-02-11 16:08:05,472 - tmp_aug_test_seed22 - INFO - [Validation] EPOCH: 121  acc = 90.7057, best_acc = 91.2220
2026-02-11 16:08:12,768 - tmp_aug_test_seed22 - INFO - [Training] EPOCH: 122 EpochTime = 7.292 (s) Losses = ['0.2457', '91.3628'] lr = 0.001289
2026-02-11 16:08:14,902 - tmp_aug_test_seed22 - INFO - [Validation] EPOCH: 122  acc = 90.3614, best_acc = 91.2220
2026-02-11 16:08:22,601 - tmp_aug_test_seed22 - INFO - [Training] EPOCH: 123 EpochTime = 7.696 (s) Losses = ['0.2375', '91.7535'] lr = 0.001279
2026-02-11 16:08:24,495 - tmp_aug_test_seed22 - INFO - [Validation] EPOCH: 123  acc = 90.1893, best_acc = 91.2220
2026-02-11 16:08:31,636 - tmp_aug_test_seed22 - INFO - [Training] EPOCH: 124 EpochTime = 7.139 (s) Losses = ['0.2685', '90.7118'] lr = 0.001269
2026-02-11 16:08:33,893 - tmp_aug_test_seed22 - INFO - [Validation] EPOCH: 124  acc = 90.5336, best_acc = 91.2220
2026-02-11 16:08:40,537 - tmp_aug_test_seed22 - INFO - [Training] EPOCH: 125 EpochTime = 6.641 (s) Losses = ['0.2381', '91.6233'] lr = 0.001259
2026-02-11 16:08:42,581 - tmp_aug_test_seed22 - INFO - [Validation] EPOCH: 125  acc = 90.1893, best_acc = 91.2220
2026-02-11 16:08:49,791 - tmp_aug_test_seed22 - INFO - [Training] EPOCH: 126 EpochTime = 7.208 (s) Losses = ['0.2424', '91.1458'] lr = 0.001249
2026-02-11 16:08:51,798 - tmp_aug_test_seed22 - INFO - [Validation] EPOCH: 126  acc = 90.1893, best_acc = 91.2220
2026-02-11 16:08:59,087 - tmp_aug_test_seed22 - INFO - [Training] EPOCH: 127 EpochTime = 7.286 (s) Losses = ['0.2395', '91.5365'] lr = 0.001239
2026-02-11 16:09:01,028 - tmp_aug_test_seed22 - INFO - [Validation] EPOCH: 127  acc = 90.7057, best_acc = 91.2220
2026-02-11 16:09:08,114 - tmp_aug_test_seed22 - INFO - [Training] EPOCH: 128 EpochTime = 7.083 (s) Losses = ['0.2625', '90.2778'] lr = 0.001229
2026-02-11 16:09:10,039 - tmp_aug_test_seed22 - INFO - [Validation] EPOCH: 128  acc = 89.1566, best_acc = 91.2220
2026-02-11 16:09:16,564 - tmp_aug_test_seed22 - INFO - [Training] EPOCH: 129 EpochTime = 6.522 (s) Losses = ['0.2513', '91.2760'] lr = 0.001219
2026-02-11 16:09:18,665 - tmp_aug_test_seed22 - INFO - [Validation] EPOCH: 129  acc = 90.0172, best_acc = 91.2220
2026-02-11 16:09:25,378 - tmp_aug_test_seed22 - INFO - [Training] EPOCH: 130 EpochTime = 6.710 (s) Losses = ['0.2311', '91.8837'] lr = 0.001208
2026-02-11 16:09:27,500 - tmp_aug_test_seed22 - INFO - [Validation] EPOCH: 130  acc = 89.5009, best_acc = 91.2220
2026-02-11 16:09:34,730 - tmp_aug_test_seed22 - INFO - [Training] EPOCH: 131 EpochTime = 7.228 (s) Losses = ['0.2323', '91.9705'] lr = 0.001198
2026-02-11 16:09:36,945 - tmp_aug_test_seed22 - INFO - [Validation] EPOCH: 131  acc = 89.8451, best_acc = 91.2220
2026-02-11 16:09:43,699 - tmp_aug_test_seed22 - INFO - [Training] EPOCH: 132 EpochTime = 6.752 (s) Losses = ['0.2205', '92.1441'] lr = 0.001188
2026-02-11 16:09:46,000 - tmp_aug_test_seed22 - INFO - [Validation] EPOCH: 132  acc = 89.1566, best_acc = 91.2220
2026-02-11 16:09:53,093 - tmp_aug_test_seed22 - INFO - [Training] EPOCH: 133 EpochTime = 7.090 (s) Losses = ['0.2011', '93.0556'] lr = 0.001177
2026-02-11 16:09:55,655 - tmp_aug_test_seed22 - INFO - [Validation] EPOCH: 133  acc = 89.1566, best_acc = 91.2220
2026-02-11 16:10:02,359 - tmp_aug_test_seed22 - INFO - [Training] EPOCH: 134 EpochTime = 6.701 (s) Losses = ['0.2269', '92.0139'] lr = 0.001167
2026-02-11 16:10:04,449 - tmp_aug_test_seed22 - INFO - [Validation] EPOCH: 134  acc = 89.5009, best_acc = 91.2220
2026-02-11 16:10:11,146 - tmp_aug_test_seed22 - INFO - [Training] EPOCH: 135 EpochTime = 6.691 (s) Losses = ['0.2236', '92.7951'] lr = 0.001157
2026-02-11 16:10:13,637 - tmp_aug_test_seed22 - INFO - [Validation] EPOCH: 135  acc = 90.0172, best_acc = 91.2220
2026-02-11 16:10:20,456 - tmp_aug_test_seed22 - INFO - [Training] EPOCH: 136 EpochTime = 6.817 (s) Losses = ['0.2018', '93.0122'] lr = 0.001147
2026-02-11 16:10:23,144 - tmp_aug_test_seed22 - INFO - [Validation] EPOCH: 136  acc = 89.6730, best_acc = 91.2220
2026-02-11 16:10:29,549 - tmp_aug_test_seed22 - INFO - [Training] EPOCH: 137 EpochTime = 6.402 (s) Losses = ['0.2444', '91.4062'] lr = 0.001136
2026-02-11 16:10:32,401 - tmp_aug_test_seed22 - INFO - [Validation] EPOCH: 137  acc = 89.8451, best_acc = 91.2220
2026-02-11 16:10:38,845 - tmp_aug_test_seed22 - INFO - [Training] EPOCH: 138 EpochTime = 6.440 (s) Losses = ['0.2330', '91.4062'] lr = 0.001126
2026-02-11 16:10:41,496 - tmp_aug_test_seed22 - INFO - [Validation] EPOCH: 138  acc = 89.3287, best_acc = 91.2220
2026-02-11 16:10:48,216 - tmp_aug_test_seed22 - INFO - [Training] EPOCH: 139 EpochTime = 6.718 (s) Losses = ['0.2578', '91.1458'] lr = 0.001115
2026-02-11 16:10:50,856 - tmp_aug_test_seed22 - INFO - [Validation] EPOCH: 139  acc = 90.7057, best_acc = 91.2220
2026-02-11 16:10:58,077 - tmp_aug_test_seed22 - INFO - [Training] EPOCH: 140 EpochTime = 7.218 (s) Losses = ['0.2335', '91.4931'] lr = 0.001105
2026-02-11 16:11:00,417 - tmp_aug_test_seed22 - INFO - [Validation] EPOCH: 140  acc = 90.1893, best_acc = 91.2220
2026-02-11 16:11:07,155 - tmp_aug_test_seed22 - INFO - [Training] EPOCH: 141 EpochTime = 6.736 (s) Losses = ['0.2414', '91.7535'] lr = 0.001095
2026-02-11 16:11:09,599 - tmp_aug_test_seed22 - INFO - [Validation] EPOCH: 141  acc = 90.8778, best_acc = 91.2220
2026-02-11 16:11:16,735 - tmp_aug_test_seed22 - INFO - [Training] EPOCH: 142 EpochTime = 7.134 (s) Losses = ['0.2224', '92.4045'] lr = 0.001084
2026-02-11 16:11:19,021 - tmp_aug_test_seed22 - INFO - [Validation] EPOCH: 142  acc = 89.1566, best_acc = 91.2220
2026-02-11 16:11:25,917 - tmp_aug_test_seed22 - INFO - [Training] EPOCH: 143 EpochTime = 6.893 (s) Losses = ['0.2141', '92.9253'] lr = 0.001074
2026-02-11 16:11:28,187 - tmp_aug_test_seed22 - INFO - [Validation] EPOCH: 143  acc = 90.0172, best_acc = 91.2220
2026-02-11 16:11:34,345 - tmp_aug_test_seed22 - INFO - [Training] EPOCH: 144 EpochTime = 6.155 (s) Losses = ['0.2204', '91.7535'] lr = 0.001063
2026-02-11 16:11:36,564 - tmp_aug_test_seed22 - INFO - [Validation] EPOCH: 144  acc = 90.5336, best_acc = 91.2220
2026-02-11 16:11:43,061 - tmp_aug_test_seed22 - INFO - [Training] EPOCH: 145 EpochTime = 6.494 (s) Losses = ['0.2157', '92.6215'] lr = 0.001053
2026-02-11 16:11:45,226 - tmp_aug_test_seed22 - INFO - [Validation] EPOCH: 145  acc = 91.5663, best_acc = 91.5663
2026-02-11 16:11:52,603 - tmp_aug_test_seed22 - INFO - [Training] EPOCH: 146 EpochTime = 7.374 (s) Losses = ['0.2325', '92.2743'] lr = 0.001042
2026-02-11 16:11:54,576 - tmp_aug_test_seed22 - INFO - [Validation] EPOCH: 146  acc = 90.3614, best_acc = 91.5663
2026-02-11 16:12:02,035 - tmp_aug_test_seed22 - INFO - [Training] EPOCH: 147 EpochTime = 7.458 (s) Losses = ['0.2352', '91.9705'] lr = 0.001032
2026-02-11 16:12:04,017 - tmp_aug_test_seed22 - INFO - [Validation] EPOCH: 147  acc = 90.5336, best_acc = 91.5663
2026-02-11 16:12:10,638 - tmp_aug_test_seed22 - INFO - [Training] EPOCH: 148 EpochTime = 6.619 (s) Losses = ['0.2220', '92.8385'] lr = 0.001021
2026-02-11 16:12:12,965 - tmp_aug_test_seed22 - INFO - [Validation] EPOCH: 148  acc = 89.6730, best_acc = 91.5663
2026-02-11 16:12:20,709 - tmp_aug_test_seed22 - INFO - [Training] EPOCH: 149 EpochTime = 7.742 (s) Losses = ['0.2113', '92.7517'] lr = 0.001011
2026-02-11 16:12:22,809 - tmp_aug_test_seed22 - INFO - [Validation] EPOCH: 149  acc = 92.4268, best_acc = 92.4268
2026-02-11 16:12:30,231 - tmp_aug_test_seed22 - INFO - [Training] EPOCH: 150 EpochTime = 7.418 (s) Losses = ['0.2141', '92.4479'] lr = 0.001000
2026-02-11 16:12:32,343 - tmp_aug_test_seed22 - INFO - [Validation] EPOCH: 150  acc = 90.7057, best_acc = 92.4268
2026-02-11 16:12:39,490 - tmp_aug_test_seed22 - INFO - [Training] EPOCH: 151 EpochTime = 7.144 (s) Losses = ['0.1992', '93.4028'] lr = 0.000990
2026-02-11 16:12:41,530 - tmp_aug_test_seed22 - INFO - [Validation] EPOCH: 151  acc = 90.0172, best_acc = 92.4268
2026-02-11 16:12:48,744 - tmp_aug_test_seed22 - INFO - [Training] EPOCH: 152 EpochTime = 7.213 (s) Losses = ['0.2198', '92.3611'] lr = 0.000980
2026-02-11 16:12:50,681 - tmp_aug_test_seed22 - INFO - [Validation] EPOCH: 152  acc = 88.8124, best_acc = 92.4268
2026-02-11 16:12:57,743 - tmp_aug_test_seed22 - INFO - [Training] EPOCH: 153 EpochTime = 7.060 (s) Losses = ['0.2042', '92.6215'] lr = 0.000969
2026-02-11 16:12:59,484 - tmp_aug_test_seed22 - INFO - [Validation] EPOCH: 153  acc = 89.5009, best_acc = 92.4268
2026-02-11 16:13:06,702 - tmp_aug_test_seed22 - INFO - [Training] EPOCH: 154 EpochTime = 7.214 (s) Losses = ['0.2267', '92.2743'] lr = 0.000959
2026-02-11 16:13:08,815 - tmp_aug_test_seed22 - INFO - [Validation] EPOCH: 154  acc = 89.6730, best_acc = 92.4268
2026-02-11 16:13:16,392 - tmp_aug_test_seed22 - INFO - [Training] EPOCH: 155 EpochTime = 7.575 (s) Losses = ['0.2201', '92.4479'] lr = 0.000948
2026-02-11 16:13:18,306 - tmp_aug_test_seed22 - INFO - [Validation] EPOCH: 155  acc = 90.1893, best_acc = 92.4268
2026-02-11 16:13:25,790 - tmp_aug_test_seed22 - INFO - [Training] EPOCH: 156 EpochTime = 7.480 (s) Losses = ['0.1975', '93.1424'] lr = 0.000938
2026-02-11 16:13:27,655 - tmp_aug_test_seed22 - INFO - [Validation] EPOCH: 156  acc = 90.0172, best_acc = 92.4268
2026-02-11 16:13:34,566 - tmp_aug_test_seed22 - INFO - [Training] EPOCH: 157 EpochTime = 6.909 (s) Losses = ['0.1775', '93.4896'] lr = 0.000927
2026-02-11 16:13:36,517 - tmp_aug_test_seed22 - INFO - [Validation] EPOCH: 157  acc = 90.1893, best_acc = 92.4268
2026-02-11 16:13:43,557 - tmp_aug_test_seed22 - INFO - [Training] EPOCH: 158 EpochTime = 7.036 (s) Losses = ['0.2007', '93.3160'] lr = 0.000917
2026-02-11 16:13:45,402 - tmp_aug_test_seed22 - INFO - [Validation] EPOCH: 158  acc = 90.5336, best_acc = 92.4268
2026-02-11 16:13:52,514 - tmp_aug_test_seed22 - INFO - [Training] EPOCH: 159 EpochTime = 7.109 (s) Losses = ['0.1846', '93.7066'] lr = 0.000906
2026-02-11 16:13:54,818 - tmp_aug_test_seed22 - INFO - [Validation] EPOCH: 159  acc = 90.1893, best_acc = 92.4268
2026-02-11 16:14:02,190 - tmp_aug_test_seed22 - INFO - [Training] EPOCH: 160 EpochTime = 7.369 (s) Losses = ['0.2165', '92.7517'] lr = 0.000896
2026-02-11 16:14:04,467 - tmp_aug_test_seed22 - INFO - [Validation] EPOCH: 160  acc = 89.1566, best_acc = 92.4268
2026-02-11 16:14:11,581 - tmp_aug_test_seed22 - INFO - [Training] EPOCH: 161 EpochTime = 7.112 (s) Losses = ['0.2127', '93.0122'] lr = 0.000886
2026-02-11 16:14:13,655 - tmp_aug_test_seed22 - INFO - [Validation] EPOCH: 161  acc = 90.1893, best_acc = 92.4268
2026-02-11 16:14:20,523 - tmp_aug_test_seed22 - INFO - [Training] EPOCH: 162 EpochTime = 6.864 (s) Losses = ['0.1989', '93.5764'] lr = 0.000875
2026-02-11 16:14:22,273 - tmp_aug_test_seed22 - INFO - [Validation] EPOCH: 162  acc = 90.5336, best_acc = 92.4268
2026-02-11 16:14:29,411 - tmp_aug_test_seed22 - INFO - [Training] EPOCH: 163 EpochTime = 7.135 (s) Losses = ['0.2071', '92.8819'] lr = 0.000865
2026-02-11 16:14:31,445 - tmp_aug_test_seed22 - INFO - [Validation] EPOCH: 163  acc = 91.0499, best_acc = 92.4268
2026-02-11 16:14:38,408 - tmp_aug_test_seed22 - INFO - [Training] EPOCH: 164 EpochTime = 6.960 (s) Losses = ['0.1847', '93.6198'] lr = 0.000854
2026-02-11 16:14:40,248 - tmp_aug_test_seed22 - INFO - [Validation] EPOCH: 164  acc = 90.7057, best_acc = 92.4268
2026-02-11 16:14:47,197 - tmp_aug_test_seed22 - INFO - [Training] EPOCH: 165 EpochTime = 6.946 (s) Losses = ['0.2015', '93.0122'] lr = 0.000844
2026-02-11 16:14:49,074 - tmp_aug_test_seed22 - INFO - [Validation] EPOCH: 165  acc = 89.5009, best_acc = 92.4268
2026-02-11 16:14:56,745 - tmp_aug_test_seed22 - INFO - [Training] EPOCH: 166 EpochTime = 7.668 (s) Losses = ['0.1920', '93.2726'] lr = 0.000834
2026-02-11 16:14:58,718 - tmp_aug_test_seed22 - INFO - [Validation] EPOCH: 166  acc = 90.8778, best_acc = 92.4268
2026-02-11 16:15:06,149 - tmp_aug_test_seed22 - INFO - [Training] EPOCH: 167 EpochTime = 7.428 (s) Losses = ['0.1797', '93.9670'] lr = 0.000824
2026-02-11 16:15:08,296 - tmp_aug_test_seed22 - INFO - [Validation] EPOCH: 167  acc = 90.0172, best_acc = 92.4268
2026-02-11 16:15:15,528 - tmp_aug_test_seed22 - INFO - [Training] EPOCH: 168 EpochTime = 7.229 (s) Losses = ['0.1861', '93.2292'] lr = 0.000813
2026-02-11 16:15:17,888 - tmp_aug_test_seed22 - INFO - [Validation] EPOCH: 168  acc = 90.5336, best_acc = 92.4268
2026-02-11 16:15:25,825 - tmp_aug_test_seed22 - INFO - [Training] EPOCH: 169 EpochTime = 7.935 (s) Losses = ['0.1812', '93.6632'] lr = 0.000803
2026-02-11 16:15:27,867 - tmp_aug_test_seed22 - INFO - [Validation] EPOCH: 169  acc = 90.7057, best_acc = 92.4268
2026-02-11 16:15:34,813 - tmp_aug_test_seed22 - INFO - [Training] EPOCH: 170 EpochTime = 6.940 (s) Losses = ['0.1628', '94.4444'] lr = 0.000793
2026-02-11 16:15:36,911 - tmp_aug_test_seed22 - INFO - [Validation] EPOCH: 170  acc = 91.2220, best_acc = 92.4268
2026-02-11 16:15:43,715 - tmp_aug_test_seed22 - INFO - [Training] EPOCH: 171 EpochTime = 6.800 (s) Losses = ['0.1747', '93.9236'] lr = 0.000782
2026-02-11 16:15:45,847 - tmp_aug_test_seed22 - INFO - [Validation] EPOCH: 171  acc = 90.5336, best_acc = 92.4268
2026-02-11 16:15:53,142 - tmp_aug_test_seed22 - INFO - [Training] EPOCH: 172 EpochTime = 7.291 (s) Losses = ['0.1701', '94.0104'] lr = 0.000772
2026-02-11 16:15:55,240 - tmp_aug_test_seed22 - INFO - [Validation] EPOCH: 172  acc = 90.1893, best_acc = 92.4268
2026-02-11 16:16:02,949 - tmp_aug_test_seed22 - INFO - [Training] EPOCH: 173 EpochTime = 7.706 (s) Losses = ['0.1729', '93.3160'] lr = 0.000762
2026-02-11 16:16:04,943 - tmp_aug_test_seed22 - INFO - [Validation] EPOCH: 173  acc = 90.3614, best_acc = 92.4268
2026-02-11 16:16:11,913 - tmp_aug_test_seed22 - INFO - [Training] EPOCH: 174 EpochTime = 6.967 (s) Losses = ['0.1659', '94.5312'] lr = 0.000752
2026-02-11 16:16:14,199 - tmp_aug_test_seed22 - INFO - [Validation] EPOCH: 174  acc = 90.5336, best_acc = 92.4268
2026-02-11 16:16:21,316 - tmp_aug_test_seed22 - INFO - [Training] EPOCH: 175 EpochTime = 7.114 (s) Losses = ['0.2122', '92.5781'] lr = 0.000742
2026-02-11 16:16:23,443 - tmp_aug_test_seed22 - INFO - [Validation] EPOCH: 175  acc = 90.3614, best_acc = 92.4268
2026-02-11 16:16:30,506 - tmp_aug_test_seed22 - INFO - [Training] EPOCH: 176 EpochTime = 7.060 (s) Losses = ['0.1910', '92.8819'] lr = 0.000732
2026-02-11 16:16:32,537 - tmp_aug_test_seed22 - INFO - [Validation] EPOCH: 176  acc = 89.1566, best_acc = 92.4268
2026-02-11 16:16:39,710 - tmp_aug_test_seed22 - INFO - [Training] EPOCH: 177 EpochTime = 7.170 (s) Losses = ['0.1882', '93.5330'] lr = 0.000722
2026-02-11 16:16:41,880 - tmp_aug_test_seed22 - INFO - [Validation] EPOCH: 177  acc = 89.8451, best_acc = 92.4268
2026-02-11 16:16:49,390 - tmp_aug_test_seed22 - INFO - [Training] EPOCH: 178 EpochTime = 7.506 (s) Losses = ['0.1708', '94.1840'] lr = 0.000712
2026-02-11 16:16:51,492 - tmp_aug_test_seed22 - INFO - [Validation] EPOCH: 178  acc = 89.5009, best_acc = 92.4268
2026-02-11 16:16:58,361 - tmp_aug_test_seed22 - INFO - [Training] EPOCH: 179 EpochTime = 6.867 (s) Losses = ['0.1830', '93.6198'] lr = 0.000702
2026-02-11 16:17:00,144 - tmp_aug_test_seed22 - INFO - [Validation] EPOCH: 179  acc = 90.0172, best_acc = 92.4268
2026-02-11 16:17:07,410 - tmp_aug_test_seed22 - INFO - [Training] EPOCH: 180 EpochTime = 7.264 (s) Losses = ['0.1618', '94.5747'] lr = 0.000692
2026-02-11 16:17:09,530 - tmp_aug_test_seed22 - INFO - [Validation] EPOCH: 180  acc = 91.3941, best_acc = 92.4268
2026-02-11 16:17:16,648 - tmp_aug_test_seed22 - INFO - [Training] EPOCH: 181 EpochTime = 7.115 (s) Losses = ['0.1761', '93.9236'] lr = 0.000682
2026-02-11 16:17:18,794 - tmp_aug_test_seed22 - INFO - [Validation] EPOCH: 181  acc = 91.0499, best_acc = 92.4268
2026-02-11 16:17:26,320 - tmp_aug_test_seed22 - INFO - [Training] EPOCH: 182 EpochTime = 7.524 (s) Losses = ['0.1833', '93.3594'] lr = 0.000672
2026-02-11 16:17:28,543 - tmp_aug_test_seed22 - INFO - [Validation] EPOCH: 182  acc = 91.5663, best_acc = 92.4268
2026-02-11 16:17:36,058 - tmp_aug_test_seed22 - INFO - [Training] EPOCH: 183 EpochTime = 7.512 (s) Losses = ['0.1772', '93.8802'] lr = 0.000662
2026-02-11 16:17:37,744 - tmp_aug_test_seed22 - INFO - [Validation] EPOCH: 183  acc = 91.3941, best_acc = 92.4268
2026-02-11 16:17:44,911 - tmp_aug_test_seed22 - INFO - [Training] EPOCH: 184 EpochTime = 7.165 (s) Losses = ['0.1663', '94.5312'] lr = 0.000652
2026-02-11 16:17:46,793 - tmp_aug_test_seed22 - INFO - [Validation] EPOCH: 184  acc = 90.8778, best_acc = 92.4268
2026-02-11 16:17:53,970 - tmp_aug_test_seed22 - INFO - [Training] EPOCH: 185 EpochTime = 7.174 (s) Losses = ['0.1543', '94.6181'] lr = 0.000642
2026-02-11 16:17:55,812 - tmp_aug_test_seed22 - INFO - [Validation] EPOCH: 185  acc = 90.8778, best_acc = 92.4268
2026-02-11 16:18:03,190 - tmp_aug_test_seed22 - INFO - [Training] EPOCH: 186 EpochTime = 7.374 (s) Losses = ['0.1690', '94.3576'] lr = 0.000633
2026-02-11 16:18:05,144 - tmp_aug_test_seed22 - INFO - [Validation] EPOCH: 186  acc = 91.2220, best_acc = 92.4268
2026-02-11 16:18:12,296 - tmp_aug_test_seed22 - INFO - [Training] EPOCH: 187 EpochTime = 7.143 (s) Losses = ['0.1694', '94.4878'] lr = 0.000623
2026-02-11 16:18:14,331 - tmp_aug_test_seed22 - INFO - [Validation] EPOCH: 187  acc = 90.5336, best_acc = 92.4268
2026-02-11 16:18:20,763 - tmp_aug_test_seed22 - INFO - [Training] EPOCH: 188 EpochTime = 6.430 (s) Losses = ['0.1799', '93.7066'] lr = 0.000613
2026-02-11 16:18:22,534 - tmp_aug_test_seed22 - INFO - [Validation] EPOCH: 188  acc = 90.3614, best_acc = 92.4268
2026-02-11 16:18:30,087 - tmp_aug_test_seed22 - INFO - [Training] EPOCH: 189 EpochTime = 7.549 (s) Losses = ['0.1589', '94.6181'] lr = 0.000604
2026-02-11 16:18:31,850 - tmp_aug_test_seed22 - INFO - [Validation] EPOCH: 189  acc = 90.1893, best_acc = 92.4268
2026-02-11 16:18:38,786 - tmp_aug_test_seed22 - INFO - [Training] EPOCH: 190 EpochTime = 6.934 (s) Losses = ['0.1513', '94.7049'] lr = 0.000594
2026-02-11 16:18:40,871 - tmp_aug_test_seed22 - INFO - [Validation] EPOCH: 190  acc = 92.5990, best_acc = 92.5990
2026-02-11 16:18:47,714 - tmp_aug_test_seed22 - INFO - [Training] EPOCH: 191 EpochTime = 6.839 (s) Losses = ['0.1712', '94.4444'] lr = 0.000584
2026-02-11 16:18:49,784 - tmp_aug_test_seed22 - INFO - [Validation] EPOCH: 191  acc = 90.1893, best_acc = 92.5990
2026-02-11 16:18:56,763 - tmp_aug_test_seed22 - INFO - [Training] EPOCH: 192 EpochTime = 6.977 (s) Losses = ['0.1598', '94.1840'] lr = 0.000575
2026-02-11 16:18:58,791 - tmp_aug_test_seed22 - INFO - [Validation] EPOCH: 192  acc = 89.6730, best_acc = 92.5990
2026-02-11 16:19:06,147 - tmp_aug_test_seed22 - INFO - [Training] EPOCH: 193 EpochTime = 7.354 (s) Losses = ['0.1691', '94.3576'] lr = 0.000565
2026-02-11 16:19:07,933 - tmp_aug_test_seed22 - INFO - [Validation] EPOCH: 193  acc = 91.0499, best_acc = 92.5990
2026-02-11 16:19:15,087 - tmp_aug_test_seed22 - INFO - [Training] EPOCH: 194 EpochTime = 7.150 (s) Losses = ['0.1587', '94.8351'] lr = 0.000556
2026-02-11 16:19:17,318 - tmp_aug_test_seed22 - INFO - [Validation] EPOCH: 194  acc = 91.0499, best_acc = 92.5990
2026-02-11 16:19:24,675 - tmp_aug_test_seed22 - INFO - [Training] EPOCH: 195 EpochTime = 7.355 (s) Losses = ['0.1731', '94.2274'] lr = 0.000547
2026-02-11 16:19:26,657 - tmp_aug_test_seed22 - INFO - [Validation] EPOCH: 195  acc = 91.9105, best_acc = 92.5990
2026-02-11 16:19:33,445 - tmp_aug_test_seed22 - INFO - [Training] EPOCH: 196 EpochTime = 6.786 (s) Losses = ['0.1527', '95.0955'] lr = 0.000537
2026-02-11 16:19:35,616 - tmp_aug_test_seed22 - INFO - [Validation] EPOCH: 196  acc = 91.9105, best_acc = 92.5990
2026-02-11 16:19:42,765 - tmp_aug_test_seed22 - INFO - [Training] EPOCH: 197 EpochTime = 7.148 (s) Losses = ['0.1632', '94.4444'] lr = 0.000528
2026-02-11 16:19:44,777 - tmp_aug_test_seed22 - INFO - [Validation] EPOCH: 197  acc = 92.9432, best_acc = 92.9432
2026-02-11 16:19:50,932 - tmp_aug_test_seed22 - INFO - [Training] EPOCH: 198 EpochTime = 6.150 (s) Losses = ['0.1512', '94.6181'] lr = 0.000519
2026-02-11 16:19:52,813 - tmp_aug_test_seed22 - INFO - [Validation] EPOCH: 198  acc = 91.5663, best_acc = 92.9432
2026-02-11 16:19:59,616 - tmp_aug_test_seed22 - INFO - [Training] EPOCH: 199 EpochTime = 6.800 (s) Losses = ['0.1442', '95.1389'] lr = 0.000510
2026-02-11 16:20:01,645 - tmp_aug_test_seed22 - INFO - [Validation] EPOCH: 199  acc = 91.3941, best_acc = 92.9432
2026-02-11 16:20:08,080 - tmp_aug_test_seed22 - INFO - [Training] EPOCH: 200 EpochTime = 6.432 (s) Losses = ['0.1467', '95.1823'] lr = 0.000501
2026-02-11 16:20:09,991 - tmp_aug_test_seed22 - INFO - [Validation] EPOCH: 200  acc = 91.0499, best_acc = 92.9432
2026-02-11 16:20:16,895 - tmp_aug_test_seed22 - INFO - [Training] EPOCH: 201 EpochTime = 6.902 (s) Losses = ['0.1500', '95.0521'] lr = 0.000492
2026-02-11 16:20:18,945 - tmp_aug_test_seed22 - INFO - [Validation] EPOCH: 201  acc = 91.5663, best_acc = 92.9432
2026-02-11 16:20:26,513 - tmp_aug_test_seed22 - INFO - [Training] EPOCH: 202 EpochTime = 7.566 (s) Losses = ['0.1476', '94.8351'] lr = 0.000483
2026-02-11 16:20:28,624 - tmp_aug_test_seed22 - INFO - [Validation] EPOCH: 202  acc = 91.0499, best_acc = 92.9432
2026-02-11 16:20:35,855 - tmp_aug_test_seed22 - INFO - [Training] EPOCH: 203 EpochTime = 7.229 (s) Losses = ['0.1394', '94.9219'] lr = 0.000474
2026-02-11 16:20:38,046 - tmp_aug_test_seed22 - INFO - [Validation] EPOCH: 203  acc = 91.9105, best_acc = 92.9432
2026-02-11 16:20:45,286 - tmp_aug_test_seed22 - INFO - [Training] EPOCH: 204 EpochTime = 7.236 (s) Losses = ['0.1369', '95.0955'] lr = 0.000465
2026-02-11 16:20:47,259 - tmp_aug_test_seed22 - INFO - [Validation] EPOCH: 204  acc = 91.5663, best_acc = 92.9432
2026-02-11 16:20:54,543 - tmp_aug_test_seed22 - INFO - [Training] EPOCH: 205 EpochTime = 7.281 (s) Losses = ['0.1285', '95.3993'] lr = 0.000456
2026-02-11 16:20:56,476 - tmp_aug_test_seed22 - INFO - [Validation] EPOCH: 205  acc = 90.0172, best_acc = 92.9432
2026-02-11 16:21:03,608 - tmp_aug_test_seed22 - INFO - [Training] EPOCH: 206 EpochTime = 7.129 (s) Losses = ['0.1654', '94.5747'] lr = 0.000447
2026-02-11 16:21:05,699 - tmp_aug_test_seed22 - INFO - [Validation] EPOCH: 206  acc = 91.5663, best_acc = 92.9432
2026-02-11 16:21:13,046 - tmp_aug_test_seed22 - INFO - [Training] EPOCH: 207 EpochTime = 7.342 (s) Losses = ['0.1352', '95.3125'] lr = 0.000439
2026-02-11 16:21:15,141 - tmp_aug_test_seed22 - INFO - [Validation] EPOCH: 207  acc = 90.7057, best_acc = 92.9432
2026-02-11 16:21:22,171 - tmp_aug_test_seed22 - INFO - [Training] EPOCH: 208 EpochTime = 7.028 (s) Losses = ['0.1324', '95.2691'] lr = 0.000430
2026-02-11 16:21:23,967 - tmp_aug_test_seed22 - INFO - [Validation] EPOCH: 208  acc = 90.5336, best_acc = 92.9432
2026-02-11 16:21:30,502 - tmp_aug_test_seed22 - INFO - [Training] EPOCH: 209 EpochTime = 6.533 (s) Losses = ['0.1315', '94.9653'] lr = 0.000422
2026-02-11 16:21:32,339 - tmp_aug_test_seed22 - INFO - [Validation] EPOCH: 209  acc = 90.8778, best_acc = 92.9432
2026-02-11 16:21:39,420 - tmp_aug_test_seed22 - INFO - [Training] EPOCH: 210 EpochTime = 7.079 (s) Losses = ['0.1300', '95.7031'] lr = 0.000413
2026-02-11 16:21:41,547 - tmp_aug_test_seed22 - INFO - [Validation] EPOCH: 210  acc = 90.7057, best_acc = 92.9432
2026-02-11 16:21:48,724 - tmp_aug_test_seed22 - INFO - [Training] EPOCH: 211 EpochTime = 7.171 (s) Losses = ['0.1505', '94.5312'] lr = 0.000405
2026-02-11 16:21:50,700 - tmp_aug_test_seed22 - INFO - [Validation] EPOCH: 211  acc = 90.8778, best_acc = 92.9432
2026-02-11 16:21:57,384 - tmp_aug_test_seed22 - INFO - [Training] EPOCH: 212 EpochTime = 6.682 (s) Losses = ['0.1364', '95.4427'] lr = 0.000396
2026-02-11 16:21:59,488 - tmp_aug_test_seed22 - INFO - [Validation] EPOCH: 212  acc = 91.5663, best_acc = 92.9432
2026-02-11 16:22:06,726 - tmp_aug_test_seed22 - INFO - [Training] EPOCH: 213 EpochTime = 7.235 (s) Losses = ['0.1317', '95.3993'] lr = 0.000388
2026-02-11 16:22:08,797 - tmp_aug_test_seed22 - INFO - [Validation] EPOCH: 213  acc = 91.0499, best_acc = 92.9432
2026-02-11 16:22:15,926 - tmp_aug_test_seed22 - INFO - [Training] EPOCH: 214 EpochTime = 7.122 (s) Losses = ['0.1424', '95.7899'] lr = 0.000380
2026-02-11 16:22:18,368 - tmp_aug_test_seed22 - INFO - [Validation] EPOCH: 214  acc = 91.2220, best_acc = 92.9432
2026-02-11 16:22:25,768 - tmp_aug_test_seed22 - INFO - [Training] EPOCH: 215 EpochTime = 7.398 (s) Losses = ['0.1439', '95.0087'] lr = 0.000371
2026-02-11 16:22:27,975 - tmp_aug_test_seed22 - INFO - [Validation] EPOCH: 215  acc = 90.3614, best_acc = 92.9432
2026-02-11 16:22:34,745 - tmp_aug_test_seed22 - INFO - [Training] EPOCH: 216 EpochTime = 6.768 (s) Losses = ['0.1191', '95.7899'] lr = 0.000363
2026-02-11 16:22:36,727 - tmp_aug_test_seed22 - INFO - [Validation] EPOCH: 216  acc = 90.3614, best_acc = 92.9432
2026-02-11 16:22:43,584 - tmp_aug_test_seed22 - INFO - [Training] EPOCH: 217 EpochTime = 6.855 (s) Losses = ['0.1310', '95.9201'] lr = 0.000355
2026-02-11 16:22:45,571 - tmp_aug_test_seed22 - INFO - [Validation] EPOCH: 217  acc = 90.7057, best_acc = 92.9432
2026-02-11 16:22:52,898 - tmp_aug_test_seed22 - INFO - [Training] EPOCH: 218 EpochTime = 7.322 (s) Losses = ['0.1439', '94.8785'] lr = 0.000347
2026-02-11 16:22:54,742 - tmp_aug_test_seed22 - INFO - [Validation] EPOCH: 218  acc = 90.8778, best_acc = 92.9432
2026-02-11 16:23:01,710 - tmp_aug_test_seed22 - INFO - [Training] EPOCH: 219 EpochTime = 6.965 (s) Losses = ['0.1237', '95.8333'] lr = 0.000340
2026-02-11 16:23:03,833 - tmp_aug_test_seed22 - INFO - [Validation] EPOCH: 219  acc = 91.5663, best_acc = 92.9432
2026-02-11 16:23:10,541 - tmp_aug_test_seed22 - INFO - [Training] EPOCH: 220 EpochTime = 6.705 (s) Losses = ['0.1305', '95.5729'] lr = 0.000332
2026-02-11 16:23:13,143 - tmp_aug_test_seed22 - INFO - [Validation] EPOCH: 220  acc = 91.3941, best_acc = 92.9432
2026-02-11 16:23:19,853 - tmp_aug_test_seed22 - INFO - [Training] EPOCH: 221 EpochTime = 6.708 (s) Losses = ['0.1507', '95.0955'] lr = 0.000324
2026-02-11 16:23:22,428 - tmp_aug_test_seed22 - INFO - [Validation] EPOCH: 221  acc = 90.8778, best_acc = 92.9432
2026-02-11 16:23:30,002 - tmp_aug_test_seed22 - INFO - [Training] EPOCH: 222 EpochTime = 7.572 (s) Losses = ['0.1421', '95.0087'] lr = 0.000316
2026-02-11 16:23:32,211 - tmp_aug_test_seed22 - INFO - [Validation] EPOCH: 222  acc = 91.3941, best_acc = 92.9432
2026-02-11 16:23:39,055 - tmp_aug_test_seed22 - INFO - [Training] EPOCH: 223 EpochTime = 6.841 (s) Losses = ['0.1229', '95.9201'] lr = 0.000309
2026-02-11 16:23:41,106 - tmp_aug_test_seed22 - INFO - [Validation] EPOCH: 223  acc = 91.3941, best_acc = 92.9432
2026-02-11 16:23:48,227 - tmp_aug_test_seed22 - INFO - [Training] EPOCH: 224 EpochTime = 7.119 (s) Losses = ['0.1203', '96.3108'] lr = 0.000301
2026-02-11 16:23:50,338 - tmp_aug_test_seed22 - INFO - [Validation] EPOCH: 224  acc = 91.7384, best_acc = 92.9432
2026-02-11 16:23:57,195 - tmp_aug_test_seed22 - INFO - [Training] EPOCH: 225 EpochTime = 6.853 (s) Losses = ['0.1388', '94.9219'] lr = 0.000294
2026-02-11 16:23:59,224 - tmp_aug_test_seed22 - INFO - [Validation] EPOCH: 225  acc = 91.7384, best_acc = 92.9432
2026-02-11 16:24:06,456 - tmp_aug_test_seed22 - INFO - [Training] EPOCH: 226 EpochTime = 7.230 (s) Losses = ['0.1266', '95.5295'] lr = 0.000286
2026-02-11 16:24:08,491 - tmp_aug_test_seed22 - INFO - [Validation] EPOCH: 226  acc = 91.5663, best_acc = 92.9432
2026-02-11 16:24:15,818 - tmp_aug_test_seed22 - INFO - [Training] EPOCH: 227 EpochTime = 7.325 (s) Losses = ['0.1324', '96.0069'] lr = 0.000279
2026-02-11 16:24:17,741 - tmp_aug_test_seed22 - INFO - [Validation] EPOCH: 227  acc = 91.3941, best_acc = 92.9432
2026-02-11 16:24:25,060 - tmp_aug_test_seed22 - INFO - [Training] EPOCH: 228 EpochTime = 7.316 (s) Losses = ['0.1361', '95.2257'] lr = 0.000272
2026-02-11 16:24:27,045 - tmp_aug_test_seed22 - INFO - [Validation] EPOCH: 228  acc = 91.3941, best_acc = 92.9432
2026-02-11 16:24:34,596 - tmp_aug_test_seed22 - INFO - [Training] EPOCH: 229 EpochTime = 7.549 (s) Losses = ['0.1200', '95.8333'] lr = 0.000265
2026-02-11 16:24:36,517 - tmp_aug_test_seed22 - INFO - [Validation] EPOCH: 229  acc = 91.2220, best_acc = 92.9432
2026-02-11 16:24:43,636 - tmp_aug_test_seed22 - INFO - [Training] EPOCH: 230 EpochTime = 7.117 (s) Losses = ['0.1277', '95.7031'] lr = 0.000258
2026-02-11 16:24:45,557 - tmp_aug_test_seed22 - INFO - [Validation] EPOCH: 230  acc = 90.7057, best_acc = 92.9432
2026-02-11 16:24:52,007 - tmp_aug_test_seed22 - INFO - [Training] EPOCH: 231 EpochTime = 6.448 (s) Losses = ['0.1073', '96.2240'] lr = 0.000251
2026-02-11 16:24:54,024 - tmp_aug_test_seed22 - INFO - [Validation] EPOCH: 231  acc = 92.0826, best_acc = 92.9432
2026-02-11 16:25:00,974 - tmp_aug_test_seed22 - INFO - [Training] EPOCH: 232 EpochTime = 6.948 (s) Losses = ['0.1221', '96.1806'] lr = 0.000244
2026-02-11 16:25:03,014 - tmp_aug_test_seed22 - INFO - [Validation] EPOCH: 232  acc = 91.7384, best_acc = 92.9432
2026-02-11 16:25:10,052 - tmp_aug_test_seed22 - INFO - [Training] EPOCH: 233 EpochTime = 7.033 (s) Losses = ['0.1278', '95.9635'] lr = 0.000237
2026-02-11 16:25:11,725 - tmp_aug_test_seed22 - INFO - [Validation] EPOCH: 233  acc = 91.5663, best_acc = 92.9432
2026-02-11 16:25:19,192 - tmp_aug_test_seed22 - INFO - [Training] EPOCH: 234 EpochTime = 7.465 (s) Losses = ['0.1214', '95.8333'] lr = 0.000230
2026-02-11 16:25:21,198 - tmp_aug_test_seed22 - INFO - [Validation] EPOCH: 234  acc = 92.0826, best_acc = 92.9432
2026-02-11 16:25:28,769 - tmp_aug_test_seed22 - INFO - [Training] EPOCH: 235 EpochTime = 7.568 (s) Losses = ['0.1229', '95.7465'] lr = 0.000224
2026-02-11 16:25:30,743 - tmp_aug_test_seed22 - INFO - [Validation] EPOCH: 235  acc = 90.8778, best_acc = 92.9432
2026-02-11 16:25:37,979 - tmp_aug_test_seed22 - INFO - [Training] EPOCH: 236 EpochTime = 7.234 (s) Losses = ['0.1109', '96.1806'] lr = 0.000217
2026-02-11 16:25:40,291 - tmp_aug_test_seed22 - INFO - [Validation] EPOCH: 236  acc = 92.0826, best_acc = 92.9432
2026-02-11 16:25:47,436 - tmp_aug_test_seed22 - INFO - [Training] EPOCH: 237 EpochTime = 7.143 (s) Losses = ['0.1233', '95.6163'] lr = 0.000211
2026-02-11 16:25:49,141 - tmp_aug_test_seed22 - INFO - [Validation] EPOCH: 237  acc = 91.7384, best_acc = 92.9432
2026-02-11 16:25:55,869 - tmp_aug_test_seed22 - INFO - [Training] EPOCH: 238 EpochTime = 6.726 (s) Losses = ['0.1314', '95.3993'] lr = 0.000204
2026-02-11 16:25:57,913 - tmp_aug_test_seed22 - INFO - [Validation] EPOCH: 238  acc = 91.3941, best_acc = 92.9432
2026-02-11 16:26:05,219 - tmp_aug_test_seed22 - INFO - [Training] EPOCH: 239 EpochTime = 7.304 (s) Losses = ['0.1119', '96.4410'] lr = 0.000198
2026-02-11 16:26:07,090 - tmp_aug_test_seed22 - INFO - [Validation] EPOCH: 239  acc = 92.4268, best_acc = 92.9432
2026-02-11 16:26:14,895 - tmp_aug_test_seed22 - INFO - [Training] EPOCH: 240 EpochTime = 7.802 (s) Losses = ['0.1029', '96.7448'] lr = 0.000192
2026-02-11 16:26:17,028 - tmp_aug_test_seed22 - INFO - [Validation] EPOCH: 240  acc = 91.7384, best_acc = 92.9432
2026-02-11 16:26:24,428 - tmp_aug_test_seed22 - INFO - [Training] EPOCH: 241 EpochTime = 7.397 (s) Losses = ['0.1196', '95.7899'] lr = 0.000186
2026-02-11 16:26:26,349 - tmp_aug_test_seed22 - INFO - [Validation] EPOCH: 241  acc = 91.3941, best_acc = 92.9432
2026-02-11 16:26:33,775 - tmp_aug_test_seed22 - INFO - [Training] EPOCH: 242 EpochTime = 7.423 (s) Losses = ['0.1097', '96.5278'] lr = 0.000180
2026-02-11 16:26:35,776 - tmp_aug_test_seed22 - INFO - [Validation] EPOCH: 242  acc = 91.7384, best_acc = 92.9432
2026-02-11 16:26:43,042 - tmp_aug_test_seed22 - INFO - [Training] EPOCH: 243 EpochTime = 7.262 (s) Losses = ['0.1258', '95.3993'] lr = 0.000174
2026-02-11 16:26:45,225 - tmp_aug_test_seed22 - INFO - [Validation] EPOCH: 243  acc = 91.7384, best_acc = 92.9432
2026-02-11 16:26:51,846 - tmp_aug_test_seed22 - INFO - [Training] EPOCH: 244 EpochTime = 6.619 (s) Losses = ['0.1184', '95.7465'] lr = 0.000168
2026-02-11 16:26:53,799 - tmp_aug_test_seed22 - INFO - [Validation] EPOCH: 244  acc = 91.7384, best_acc = 92.9432
2026-02-11 16:27:00,604 - tmp_aug_test_seed22 - INFO - [Training] EPOCH: 245 EpochTime = 6.802 (s) Losses = ['0.1101', '96.3108'] lr = 0.000162
2026-02-11 16:27:02,551 - tmp_aug_test_seed22 - INFO - [Validation] EPOCH: 245  acc = 91.9105, best_acc = 92.9432
2026-02-11 16:27:09,529 - tmp_aug_test_seed22 - INFO - [Training] EPOCH: 246 EpochTime = 6.976 (s) Losses = ['0.1121', '96.3976'] lr = 0.000157
2026-02-11 16:27:11,622 - tmp_aug_test_seed22 - INFO - [Validation] EPOCH: 246  acc = 91.7384, best_acc = 92.9432
2026-02-11 16:27:18,653 - tmp_aug_test_seed22 - INFO - [Training] EPOCH: 247 EpochTime = 7.029 (s) Losses = ['0.1276', '95.7465'] lr = 0.000151
2026-02-11 16:27:20,739 - tmp_aug_test_seed22 - INFO - [Validation] EPOCH: 247  acc = 92.5990, best_acc = 92.9432
2026-02-11 16:27:27,409 - tmp_aug_test_seed22 - INFO - [Training] EPOCH: 248 EpochTime = 6.667 (s) Losses = ['0.1228', '95.8333'] lr = 0.000146
2026-02-11 16:27:29,470 - tmp_aug_test_seed22 - INFO - [Validation] EPOCH: 248  acc = 92.0826, best_acc = 92.9432
2026-02-11 16:27:36,642 - tmp_aug_test_seed22 - INFO - [Training] EPOCH: 249 EpochTime = 7.168 (s) Losses = ['0.1008', '96.5278'] lr = 0.000140
2026-02-11 16:27:38,736 - tmp_aug_test_seed22 - INFO - [Validation] EPOCH: 249  acc = 91.7384, best_acc = 92.9432
2026-02-11 16:27:45,326 - tmp_aug_test_seed22 - INFO - [Training] EPOCH: 250 EpochTime = 6.586 (s) Losses = ['0.1128', '96.0503'] lr = 0.000135
2026-02-11 16:27:47,184 - tmp_aug_test_seed22 - INFO - [Validation] EPOCH: 250  acc = 92.0826, best_acc = 92.9432
2026-02-11 16:27:54,354 - tmp_aug_test_seed22 - INFO - [Training] EPOCH: 251 EpochTime = 7.168 (s) Losses = ['0.1019', '96.7448'] lr = 0.000130
2026-02-11 16:27:56,461 - tmp_aug_test_seed22 - INFO - [Validation] EPOCH: 251  acc = 91.0499, best_acc = 92.9432
2026-02-11 16:28:03,295 - tmp_aug_test_seed22 - INFO - [Training] EPOCH: 252 EpochTime = 6.832 (s) Losses = ['0.0976', '96.5712'] lr = 0.000125
2026-02-11 16:28:05,444 - tmp_aug_test_seed22 - INFO - [Validation] EPOCH: 252  acc = 91.5663, best_acc = 92.9432
2026-02-11 16:28:12,779 - tmp_aug_test_seed22 - INFO - [Training] EPOCH: 253 EpochTime = 7.333 (s) Losses = ['0.1031', '96.4844'] lr = 0.000120
2026-02-11 16:28:14,862 - tmp_aug_test_seed22 - INFO - [Validation] EPOCH: 253  acc = 91.0499, best_acc = 92.9432
2026-02-11 16:28:21,980 - tmp_aug_test_seed22 - INFO - [Training] EPOCH: 254 EpochTime = 7.115 (s) Losses = ['0.1225', '95.9201'] lr = 0.000115
2026-02-11 16:28:24,141 - tmp_aug_test_seed22 - INFO - [Validation] EPOCH: 254  acc = 91.7384, best_acc = 92.9432
2026-02-11 16:28:31,769 - tmp_aug_test_seed22 - INFO - [Training] EPOCH: 255 EpochTime = 7.627 (s) Losses = ['0.1074', '96.5278'] lr = 0.000110
2026-02-11 16:28:33,836 - tmp_aug_test_seed22 - INFO - [Validation] EPOCH: 255  acc = 91.5663, best_acc = 92.9432
2026-02-11 16:28:40,904 - tmp_aug_test_seed22 - INFO - [Training] EPOCH: 256 EpochTime = 7.066 (s) Losses = ['0.0982', '96.7014'] lr = 0.000105
2026-02-11 16:28:42,714 - tmp_aug_test_seed22 - INFO - [Validation] EPOCH: 256  acc = 92.0826, best_acc = 92.9432
2026-02-11 16:28:49,634 - tmp_aug_test_seed22 - INFO - [Training] EPOCH: 257 EpochTime = 6.918 (s) Losses = ['0.0932', '96.9618'] lr = 0.000101
2026-02-11 16:28:51,471 - tmp_aug_test_seed22 - INFO - [Validation] EPOCH: 257  acc = 91.3941, best_acc = 92.9432
2026-02-11 16:28:58,367 - tmp_aug_test_seed22 - INFO - [Training] EPOCH: 258 EpochTime = 6.894 (s) Losses = ['0.1052', '96.2240'] lr = 0.000096
2026-02-11 16:29:00,544 - tmp_aug_test_seed22 - INFO - [Validation] EPOCH: 258  acc = 91.7384, best_acc = 92.9432
2026-02-11 16:29:07,648 - tmp_aug_test_seed22 - INFO - [Training] EPOCH: 259 EpochTime = 7.102 (s) Losses = ['0.1041', '96.5278'] lr = 0.000092
2026-02-11 16:29:09,529 - tmp_aug_test_seed22 - INFO - [Validation] EPOCH: 259  acc = 91.5663, best_acc = 92.9432
2026-02-11 16:29:16,896 - tmp_aug_test_seed22 - INFO - [Training] EPOCH: 260 EpochTime = 7.365 (s) Losses = ['0.0995', '96.5712'] lr = 0.000087
2026-02-11 16:29:19,069 - tmp_aug_test_seed22 - INFO - [Validation] EPOCH: 260  acc = 91.3941, best_acc = 92.9432
2026-02-11 16:29:26,305 - tmp_aug_test_seed22 - INFO - [Training] EPOCH: 261 EpochTime = 7.234 (s) Losses = ['0.1016', '96.6580'] lr = 0.000083
2026-02-11 16:29:28,464 - tmp_aug_test_seed22 - INFO - [Validation] EPOCH: 261  acc = 91.7384, best_acc = 92.9432
2026-02-11 16:29:35,537 - tmp_aug_test_seed22 - INFO - [Training] EPOCH: 262 EpochTime = 7.070 (s) Losses = ['0.1146', '95.8333'] lr = 0.000079
2026-02-11 16:29:37,926 - tmp_aug_test_seed22 - INFO - [Validation] EPOCH: 262  acc = 91.5663, best_acc = 92.9432
2026-02-11 16:29:45,002 - tmp_aug_test_seed22 - INFO - [Training] EPOCH: 263 EpochTime = 7.073 (s) Losses = ['0.0985', '96.8316'] lr = 0.000075
2026-02-11 16:29:47,302 - tmp_aug_test_seed22 - INFO - [Validation] EPOCH: 263  acc = 91.3941, best_acc = 92.9432
2026-02-11 16:29:54,526 - tmp_aug_test_seed22 - INFO - [Training] EPOCH: 264 EpochTime = 7.219 (s) Losses = ['0.1097', '96.1806'] lr = 0.000071
2026-02-11 16:29:56,612 - tmp_aug_test_seed22 - INFO - [Validation] EPOCH: 264  acc = 91.3941, best_acc = 92.9432
2026-02-11 16:30:03,711 - tmp_aug_test_seed22 - INFO - [Training] EPOCH: 265 EpochTime = 7.095 (s) Losses = ['0.1023', '96.7014'] lr = 0.000067
2026-02-11 16:30:05,826 - tmp_aug_test_seed22 - INFO - [Validation] EPOCH: 265  acc = 91.3941, best_acc = 92.9432
2026-02-11 16:30:12,961 - tmp_aug_test_seed22 - INFO - [Training] EPOCH: 266 EpochTime = 7.132 (s) Losses = ['0.0965', '96.4844'] lr = 0.000064
2026-02-11 16:30:14,636 - tmp_aug_test_seed22 - INFO - [Validation] EPOCH: 266  acc = 91.2220, best_acc = 92.9432
2026-02-11 16:30:21,295 - tmp_aug_test_seed22 - INFO - [Training] EPOCH: 267 EpochTime = 6.656 (s) Losses = ['0.0998', '96.3976'] lr = 0.000060
2026-02-11 16:30:23,283 - tmp_aug_test_seed22 - INFO - [Validation] EPOCH: 267  acc = 91.2220, best_acc = 92.9432
2026-02-11 16:30:30,512 - tmp_aug_test_seed22 - INFO - [Training] EPOCH: 268 EpochTime = 7.226 (s) Losses = ['0.1004', '96.5278'] lr = 0.000057
2026-02-11 16:30:32,573 - tmp_aug_test_seed22 - INFO - [Validation] EPOCH: 268  acc = 91.3941, best_acc = 92.9432
2026-02-11 16:30:39,611 - tmp_aug_test_seed22 - INFO - [Training] EPOCH: 269 EpochTime = 7.035 (s) Losses = ['0.1059', '96.0503'] lr = 0.000053
2026-02-11 16:30:41,600 - tmp_aug_test_seed22 - INFO - [Validation] EPOCH: 269  acc = 91.2220, best_acc = 92.9432
2026-02-11 16:30:48,656 - tmp_aug_test_seed22 - INFO - [Training] EPOCH: 270 EpochTime = 7.054 (s) Losses = ['0.0915', '96.6146'] lr = 0.000050
2026-02-11 16:30:50,470 - tmp_aug_test_seed22 - INFO - [Validation] EPOCH: 270  acc = 91.5663, best_acc = 92.9432
2026-02-11 16:30:57,528 - tmp_aug_test_seed22 - INFO - [Training] EPOCH: 271 EpochTime = 7.055 (s) Losses = ['0.1089', '96.2674'] lr = 0.000047
2026-02-11 16:30:59,450 - tmp_aug_test_seed22 - INFO - [Validation] EPOCH: 271  acc = 91.5663, best_acc = 92.9432
2026-02-11 16:31:06,132 - tmp_aug_test_seed22 - INFO - [Training] EPOCH: 272 EpochTime = 6.680 (s) Losses = ['0.1075', '96.5712'] lr = 0.000044
2026-02-11 16:31:07,888 - tmp_aug_test_seed22 - INFO - [Validation] EPOCH: 272  acc = 91.7384, best_acc = 92.9432
2026-02-11 16:31:14,977 - tmp_aug_test_seed22 - INFO - [Training] EPOCH: 273 EpochTime = 7.086 (s) Losses = ['0.1047', '96.7014'] lr = 0.000041
2026-02-11 16:31:16,778 - tmp_aug_test_seed22 - INFO - [Validation] EPOCH: 273  acc = 91.3941, best_acc = 92.9432
2026-02-11 16:31:23,832 - tmp_aug_test_seed22 - INFO - [Training] EPOCH: 274 EpochTime = 7.052 (s) Losses = ['0.0925', '97.0486'] lr = 0.000038
2026-02-11 16:31:25,699 - tmp_aug_test_seed22 - INFO - [Validation] EPOCH: 274  acc = 92.4268, best_acc = 92.9432
2026-02-11 16:31:32,413 - tmp_aug_test_seed22 - INFO - [Training] EPOCH: 275 EpochTime = 6.705 (s) Losses = ['0.1074', '96.3976'] lr = 0.000035
2026-02-11 16:31:34,310 - tmp_aug_test_seed22 - INFO - [Validation] EPOCH: 275  acc = 92.5990, best_acc = 92.9432
2026-02-11 16:31:41,542 - tmp_aug_test_seed22 - INFO - [Training] EPOCH: 276 EpochTime = 7.230 (s) Losses = ['0.1098', '96.5278'] lr = 0.000032
2026-02-11 16:31:43,543 - tmp_aug_test_seed22 - INFO - [Validation] EPOCH: 276  acc = 91.9105, best_acc = 92.9432
2026-02-11 16:31:50,696 - tmp_aug_test_seed22 - INFO - [Training] EPOCH: 277 EpochTime = 7.151 (s) Losses = ['0.0996', '96.5712'] lr = 0.000030
2026-02-11 16:31:52,773 - tmp_aug_test_seed22 - INFO - [Validation] EPOCH: 277  acc = 91.5663, best_acc = 92.9432
2026-02-11 16:32:00,025 - tmp_aug_test_seed22 - INFO - [Training] EPOCH: 278 EpochTime = 7.250 (s) Losses = ['0.1007', '96.7448'] lr = 0.000027
2026-02-11 16:32:02,045 - tmp_aug_test_seed22 - INFO - [Validation] EPOCH: 278  acc = 91.9105, best_acc = 92.9432
2026-02-11 16:32:08,858 - tmp_aug_test_seed22 - INFO - [Training] EPOCH: 279 EpochTime = 6.811 (s) Losses = ['0.1074', '96.3976'] lr = 0.000025
2026-02-11 16:32:11,087 - tmp_aug_test_seed22 - INFO - [Validation] EPOCH: 279  acc = 91.3941, best_acc = 92.9432
2026-02-11 16:32:18,280 - tmp_aug_test_seed22 - INFO - [Training] EPOCH: 280 EpochTime = 7.190 (s) Losses = ['0.0969', '96.6146'] lr = 0.000023
2026-02-11 16:32:20,550 - tmp_aug_test_seed22 - INFO - [Validation] EPOCH: 280  acc = 91.5663, best_acc = 92.9432
2026-02-11 16:32:27,517 - tmp_aug_test_seed22 - INFO - [Training] EPOCH: 281 EpochTime = 6.963 (s) Losses = ['0.0985', '97.0052'] lr = 0.000021
2026-02-11 16:32:30,257 - tmp_aug_test_seed22 - INFO - [Validation] EPOCH: 281  acc = 91.9105, best_acc = 92.9432
2026-02-11 16:32:37,261 - tmp_aug_test_seed22 - INFO - [Training] EPOCH: 282 EpochTime = 7.000 (s) Losses = ['0.1053', '96.4410'] lr = 0.000019
2026-02-11 16:32:39,153 - tmp_aug_test_seed22 - INFO - [Validation] EPOCH: 282  acc = 91.3941, best_acc = 92.9432
2026-02-11 16:32:46,127 - tmp_aug_test_seed22 - INFO - [Training] EPOCH: 283 EpochTime = 6.971 (s) Losses = ['0.0892', '96.9618'] lr = 0.000017
2026-02-11 16:32:48,308 - tmp_aug_test_seed22 - INFO - [Validation] EPOCH: 283  acc = 91.2220, best_acc = 92.9432
2026-02-11 16:32:55,092 - tmp_aug_test_seed22 - INFO - [Training] EPOCH: 284 EpochTime = 6.781 (s) Losses = ['0.0823', '97.4826'] lr = 0.000015
2026-02-11 16:32:57,471 - tmp_aug_test_seed22 - INFO - [Validation] EPOCH: 284  acc = 91.0499, best_acc = 92.9432
2026-02-11 16:33:04,685 - tmp_aug_test_seed22 - INFO - [Training] EPOCH: 285 EpochTime = 7.200 (s) Losses = ['0.1188', '96.0938'] lr = 0.000013
2026-02-11 16:33:07,125 - tmp_aug_test_seed22 - INFO - [Validation] EPOCH: 285  acc = 92.0826, best_acc = 92.9432
2026-02-11 16:33:14,509 - tmp_aug_test_seed22 - INFO - [Training] EPOCH: 286 EpochTime = 7.383 (s) Losses = ['0.1004', '96.4844'] lr = 0.000012
2026-02-11 16:33:16,800 - tmp_aug_test_seed22 - INFO - [Validation] EPOCH: 286  acc = 91.3941, best_acc = 92.9432
2026-02-11 16:33:24,275 - tmp_aug_test_seed22 - INFO - [Training] EPOCH: 287 EpochTime = 7.473 (s) Losses = ['0.0983', '96.5712'] lr = 0.000010
2026-02-11 16:33:26,347 - tmp_aug_test_seed22 - INFO - [Validation] EPOCH: 287  acc = 91.9105, best_acc = 92.9432
2026-02-11 16:33:32,968 - tmp_aug_test_seed22 - INFO - [Training] EPOCH: 288 EpochTime = 6.619 (s) Losses = ['0.0941', '96.9618'] lr = 0.000009
2026-02-11 16:33:35,148 - tmp_aug_test_seed22 - INFO - [Validation] EPOCH: 288  acc = 90.8778, best_acc = 92.9432
2026-02-11 16:33:41,900 - tmp_aug_test_seed22 - INFO - [Training] EPOCH: 289 EpochTime = 6.749 (s) Losses = ['0.0937', '96.7448'] lr = 0.000008
2026-02-11 16:33:43,696 - tmp_aug_test_seed22 - INFO - [Validation] EPOCH: 289  acc = 91.0499, best_acc = 92.9432
2026-02-11 16:33:50,666 - tmp_aug_test_seed22 - INFO - [Training] EPOCH: 290 EpochTime = 6.967 (s) Losses = ['0.1230', '95.9635'] lr = 0.000006
2026-02-11 16:33:52,931 - tmp_aug_test_seed22 - INFO - [Validation] EPOCH: 290  acc = 92.5990, best_acc = 92.9432
2026-02-11 16:34:00,247 - tmp_aug_test_seed22 - INFO - [Training] EPOCH: 291 EpochTime = 7.314 (s) Losses = ['0.0917', '97.0920'] lr = 0.000005
2026-02-11 16:34:02,419 - tmp_aug_test_seed22 - INFO - [Validation] EPOCH: 291  acc = 91.5663, best_acc = 92.9432
2026-02-11 16:34:09,870 - tmp_aug_test_seed22 - INFO - [Training] EPOCH: 292 EpochTime = 7.450 (s) Losses = ['0.1178', '95.9201'] lr = 0.000005
2026-02-11 16:34:11,764 - tmp_aug_test_seed22 - INFO - [Validation] EPOCH: 292  acc = 91.5663, best_acc = 92.9432
2026-02-11 16:34:19,188 - tmp_aug_test_seed22 - INFO - [Training] EPOCH: 293 EpochTime = 7.422 (s) Losses = ['0.0956', '96.5712'] lr = 0.000004
2026-02-11 16:34:21,087 - tmp_aug_test_seed22 - INFO - [Validation] EPOCH: 293  acc = 91.5663, best_acc = 92.9432
2026-02-11 16:34:28,398 - tmp_aug_test_seed22 - INFO - [Training] EPOCH: 294 EpochTime = 7.309 (s) Losses = ['0.0928', '96.9184'] lr = 0.000003
2026-02-11 16:34:30,112 - tmp_aug_test_seed22 - INFO - [Validation] EPOCH: 294  acc = 91.3941, best_acc = 92.9432
2026-02-11 16:34:37,274 - tmp_aug_test_seed22 - INFO - [Training] EPOCH: 295 EpochTime = 7.160 (s) Losses = ['0.1072', '96.1806'] lr = 0.000002
2026-02-11 16:34:39,261 - tmp_aug_test_seed22 - INFO - [Validation] EPOCH: 295  acc = 91.5663, best_acc = 92.9432
2026-02-11 16:34:46,720 - tmp_aug_test_seed22 - INFO - [Training] EPOCH: 296 EpochTime = 7.457 (s) Losses = ['0.0958', '96.7448'] lr = 0.000002
2026-02-11 16:34:48,513 - tmp_aug_test_seed22 - INFO - [Validation] EPOCH: 296  acc = 91.9105, best_acc = 92.9432
2026-02-11 16:34:55,921 - tmp_aug_test_seed22 - INFO - [Training] EPOCH: 297 EpochTime = 7.406 (s) Losses = ['0.0972', '96.6146'] lr = 0.000001
2026-02-11 16:34:57,566 - tmp_aug_test_seed22 - INFO - [Validation] EPOCH: 297  acc = 92.0826, best_acc = 92.9432
2026-02-11 16:35:05,206 - tmp_aug_test_seed22 - INFO - [Training] EPOCH: 298 EpochTime = 7.638 (s) Losses = ['0.1070', '96.5278'] lr = 0.000001
2026-02-11 16:35:06,863 - tmp_aug_test_seed22 - INFO - [Validation] EPOCH: 298  acc = 91.7384, best_acc = 92.9432
2026-02-11 16:35:14,529 - tmp_aug_test_seed22 - INFO - [Training] EPOCH: 299 EpochTime = 7.664 (s) Losses = ['0.0872', '97.3090'] lr = 0.000001
2026-02-11 16:35:16,079 - tmp_aug_test_seed22 - INFO - [Validation] EPOCH: 299  acc = 91.7384, best_acc = 92.9432
2026-02-11 16:35:23,598 - tmp_aug_test_seed22 - INFO - [Training] EPOCH: 300 EpochTime = 7.517 (s) Losses = ['0.0983', '96.5278'] lr = 0.000001
2026-02-11 16:35:25,171 - tmp_aug_test_seed22 - INFO - [Validation] EPOCH: 300  acc = 91.3941, best_acc = 92.9432
